Device set to use cuda:0

clap zeroshot:   0%|          | 0/50 [00:00<?, ?it/s]
clap zeroshot:   2%|▏         | 1/50 [00:00<00:46,  1.06it/s]
clap zeroshot:   4%|▍         | 2/50 [00:01<00:35,  1.36it/s]
clap zeroshot:   6%|▌         | 3/50 [00:02<00:31,  1.49it/s]
clap zeroshot:   8%|▊         | 4/50 [00:02<00:29,  1.56it/s]
clap zeroshot:  10%|█         | 5/50 [00:03<00:28,  1.61it/s]
clap zeroshot:  12%|█▏        | 6/50 [00:03<00:26,  1.64it/s]
clap zeroshot:  14%|█▍        | 7/50 [00:04<00:25,  1.66it/s]
clap zeroshot:  16%|█▌        | 8/50 [00:05<00:25,  1.67it/s]
clap zeroshot:  18%|█▊        | 9/50 [00:05<00:24,  1.67it/s]
clap zeroshot:  20%|██        | 10/50 [00:06<00:23,  1.68it/s]You seem to be using the pipelines sequentially on GPU. In order to maximize efficiency please use a dataset

clap zeroshot:  22%|██▏       | 11/50 [00:06<00:23,  1.69it/s]
clap zeroshot:  24%|██▍       | 12/50 [00:07<00:22,  1.69it/s]
clap zeroshot:  26%|██▌       | 13/50 [00:08<00:21,  1.70it/s]
clap zeroshot:  28%|██▊       | 14/50 [00:08<00:21,  1.70it/s]
clap zeroshot:  30%|███       | 15/50 [00:09<00:20,  1.70it/s]
clap zeroshot:  32%|███▏      | 16/50 [00:09<00:19,  1.70it/s]
clap zeroshot:  34%|███▍      | 17/50 [00:10<00:19,  1.70it/s]
clap zeroshot:  36%|███▌      | 18/50 [00:10<00:18,  1.69it/s]
clap zeroshot:  38%|███▊      | 19/50 [00:11<00:18,  1.69it/s]
clap zeroshot:  40%|████      | 20/50 [00:12<00:18,  1.64it/s]
clap zeroshot:  42%|████▏     | 21/50 [00:12<00:17,  1.66it/s]
clap zeroshot:  44%|████▍     | 22/50 [00:13<00:17,  1.62it/s]
clap zeroshot:  46%|████▌     | 23/50 [00:14<00:17,  1.57it/s]
clap zeroshot:  48%|████▊     | 24/50 [00:14<00:16,  1.60it/s]
clap zeroshot:  50%|█████     | 25/50 [00:15<00:15,  1.62it/s]
clap zeroshot:  52%|█████▏    | 26/50 [00:15<00:14,  1.63it/s]
clap zeroshot:  54%|█████▍    | 27/50 [00:16<00:14,  1.61it/s]
clap zeroshot:  56%|█████▌    | 28/50 [00:17<00:13,  1.63it/s]
clap zeroshot:  58%|█████▊    | 29/50 [00:17<00:13,  1.61it/s]
clap zeroshot:  60%|██████    | 30/50 [00:18<00:12,  1.63it/s]
clap zeroshot:  62%|██████▏   | 31/50 [00:19<00:12,  1.55it/s]
clap zeroshot:  64%|██████▍   | 32/50 [00:19<00:11,  1.59it/s]
clap zeroshot:  66%|██████▌   | 33/50 [00:20<00:10,  1.62it/s]
clap zeroshot:  68%|██████▊   | 34/50 [00:20<00:09,  1.65it/s]
clap zeroshot:  70%|███████   | 35/50 [00:21<00:09,  1.66it/s]
clap zeroshot:  72%|███████▏  | 36/50 [00:22<00:08,  1.67it/s]
clap zeroshot:  74%|███████▍  | 37/50 [00:22<00:07,  1.68it/s]
clap zeroshot:  76%|███████▌  | 38/50 [00:23<00:07,  1.69it/s]
clap zeroshot:  78%|███████▊  | 39/50 [00:23<00:06,  1.70it/s]
clap zeroshot:  80%|████████  | 40/50 [00:24<00:05,  1.70it/s]
clap zeroshot:  82%|████████▏ | 41/50 [00:24<00:05,  1.70it/s]
clap zeroshot:  84%|████████▍ | 42/50 [00:25<00:04,  1.69it/s]
clap zeroshot:  86%|████████▌ | 43/50 [00:26<00:04,  1.69it/s]
clap zeroshot:  88%|████████▊ | 44/50 [00:26<00:03,  1.70it/s]
clap zeroshot:  90%|█████████ | 45/50 [00:27<00:03,  1.61it/s]
clap zeroshot:  92%|█████████▏| 46/50 [00:28<00:02,  1.64it/s]
clap zeroshot:  94%|█████████▍| 47/50 [00:28<00:01,  1.66it/s]
clap zeroshot:  96%|█████████▌| 48/50 [00:29<00:01,  1.67it/s]
clap zeroshot:  98%|█████████▊| 49/50 [00:29<00:00,  1.68it/s]
clap zeroshot: 100%|██████████| 50/50 [00:30<00:00,  1.68it/s]
clap zeroshot: 100%|██████████| 50/50 [00:30<00:00,  1.65it/s]
CLAP zero-shot accuracy (fold 5): 0.9150 (366/400)
