
precompute mfcc:   0%|          | 0/2000 [00:00<?, ?it/s]
precompute mfcc:   0%|          | 1/2000 [00:01<46:29,  1.40s/it]
precompute mfcc:   0%|          | 10/2000 [00:01<03:42,  8.94it/s]
precompute mfcc:   1%|          | 15/2000 [00:02<05:57,  5.56it/s]
precompute mfcc:   1%|          | 18/2000 [00:02<04:40,  7.07it/s]
precompute mfcc:   1%|          | 21/2000 [00:04<07:20,  4.50it/s]
precompute mfcc:   1%|          | 24/2000 [00:04<05:51,  5.62it/s]
precompute mfcc:   1%|▏         | 27/2000 [00:04<04:39,  7.05it/s]
precompute mfcc:   1%|▏         | 29/2000 [00:04<04:04,  8.07it/s]
precompute mfcc:   2%|▏         | 31/2000 [00:05<07:20,  4.47it/s]
precompute mfcc:   2%|▏         | 33/2000 [00:06<06:10,  5.31it/s]
precompute mfcc:   2%|▏         | 36/2000 [00:06<04:33,  7.17it/s]
precompute mfcc:   2%|▏         | 39/2000 [00:06<03:42,  8.82it/s]
precompute mfcc:   2%|▏         | 41/2000 [00:07<07:19,  4.46it/s]
precompute mfcc:   2%|▏         | 44/2000 [00:07<05:34,  5.85it/s]
precompute mfcc:   2%|▏         | 48/2000 [00:07<03:56,  8.24it/s]
precompute mfcc:   2%|▎         | 50/2000 [00:08<03:37,  8.95it/s]
precompute mfcc:   3%|▎         | 52/2000 [00:09<06:42,  4.84it/s]
precompute mfcc:   3%|▎         | 54/2000 [00:09<05:46,  5.62it/s]
precompute mfcc:   3%|▎         | 58/2000 [00:09<03:59,  8.11it/s]
precompute mfcc:   3%|▎         | 60/2000 [00:09<03:44,  8.65it/s]
precompute mfcc:   3%|▎         | 62/2000 [00:10<06:54,  4.67it/s]
precompute mfcc:   3%|▎         | 63/2000 [00:10<06:24,  5.03it/s]
precompute mfcc:   3%|▎         | 66/2000 [00:10<04:42,  6.84it/s]
precompute mfcc:   3%|▎         | 68/2000 [00:11<04:16,  7.54it/s]
precompute mfcc:   4%|▎         | 70/2000 [00:11<03:35,  8.94it/s]
precompute mfcc:   4%|▎         | 72/2000 [00:12<07:19,  4.39it/s]
precompute mfcc:   4%|▎         | 74/2000 [00:12<06:03,  5.29it/s]
precompute mfcc:   4%|▍         | 77/2000 [00:12<04:16,  7.50it/s]
precompute mfcc:   4%|▍         | 80/2000 [00:12<03:26,  9.29it/s]
precompute mfcc:   4%|▍         | 82/2000 [00:13<06:46,  4.72it/s]
precompute mfcc:   4%|▍         | 84/2000 [00:13<05:35,  5.72it/s]
precompute mfcc:   4%|▍         | 86/2000 [00:14<04:31,  7.06it/s]
precompute mfcc:   4%|▍         | 88/2000 [00:14<03:45,  8.48it/s]
precompute mfcc:   4%|▍         | 90/2000 [00:14<03:50,  8.30it/s]
precompute mfcc:   5%|▍         | 92/2000 [00:15<07:14,  4.39it/s]
precompute mfcc:   5%|▍         | 93/2000 [00:15<06:33,  4.84it/s]
precompute mfcc:   5%|▍         | 95/2000 [00:15<04:58,  6.39it/s]
precompute mfcc:   5%|▍         | 97/2000 [00:15<03:56,  8.06it/s]
precompute mfcc:   5%|▍         | 99/2000 [00:16<03:57,  7.99it/s]
precompute mfcc:   5%|▌         | 101/2000 [00:16<06:57,  4.55it/s]
precompute mfcc:   5%|▌         | 102/2000 [00:17<06:58,  4.53it/s]
precompute mfcc:   5%|▌         | 105/2000 [00:17<04:28,  7.05it/s]
precompute mfcc:   5%|▌         | 107/2000 [00:17<03:57,  7.96it/s]
precompute mfcc:   5%|▌         | 109/2000 [00:17<03:38,  8.64it/s]
precompute mfcc:   6%|▌         | 111/2000 [00:18<06:33,  4.80it/s]
precompute mfcc:   6%|▌         | 112/2000 [00:18<06:38,  4.73it/s]
precompute mfcc:   6%|▌         | 114/2000 [00:18<05:08,  6.11it/s]
precompute mfcc:   6%|▌         | 117/2000 [00:18<03:45,  8.33it/s]
precompute mfcc:   6%|▌         | 119/2000 [00:19<03:44,  8.40it/s]
precompute mfcc:   6%|▌         | 121/2000 [00:20<06:49,  4.59it/s]
precompute mfcc:   6%|▌         | 122/2000 [00:20<06:21,  4.92it/s]
precompute mfcc:   6%|▌         | 124/2000 [00:20<04:51,  6.44it/s]
precompute mfcc:   6%|▋         | 126/2000 [00:20<04:10,  7.47it/s]
precompute mfcc:   6%|▋         | 128/2000 [00:20<03:58,  7.85it/s]
precompute mfcc:   6%|▋         | 130/2000 [00:20<03:33,  8.75it/s]
precompute mfcc:   7%|▋         | 132/2000 [00:21<06:44,  4.62it/s]
precompute mfcc:   7%|▋         | 133/2000 [00:21<06:11,  5.02it/s]
precompute mfcc:   7%|▋         | 136/2000 [00:22<04:13,  7.36it/s]
precompute mfcc:   7%|▋         | 138/2000 [00:22<04:12,  7.37it/s]
precompute mfcc:   7%|▋         | 140/2000 [00:22<03:53,  7.95it/s]
precompute mfcc:   7%|▋         | 142/2000 [00:23<06:48,  4.55it/s]
precompute mfcc:   7%|▋         | 144/2000 [00:23<05:16,  5.87it/s]
precompute mfcc:   7%|▋         | 146/2000 [00:23<04:15,  7.25it/s]
precompute mfcc:   7%|▋         | 148/2000 [00:23<03:50,  8.05it/s]
precompute mfcc:   8%|▊         | 150/2000 [00:24<03:51,  7.98it/s]
precompute mfcc:   8%|▊         | 152/2000 [00:24<06:34,  4.68it/s]
precompute mfcc:   8%|▊         | 153/2000 [00:25<06:11,  4.97it/s]
precompute mfcc:   8%|▊         | 155/2000 [00:25<05:08,  5.99it/s]
precompute mfcc:   8%|▊         | 159/2000 [00:25<03:55,  7.82it/s]
precompute mfcc:   8%|▊         | 160/2000 [00:25<04:12,  7.29it/s]
precompute mfcc:   8%|▊         | 161/2000 [00:26<06:41,  4.58it/s]
precompute mfcc:   8%|▊         | 162/2000 [00:26<06:02,  5.07it/s]
precompute mfcc:   8%|▊         | 164/2000 [00:26<04:41,  6.52it/s]
precompute mfcc:   8%|▊         | 166/2000 [00:26<03:59,  7.66it/s]
precompute mfcc:   8%|▊         | 167/2000 [00:27<03:58,  7.69it/s]
precompute mfcc:   8%|▊         | 168/2000 [00:27<04:14,  7.21it/s]
precompute mfcc:   8%|▊         | 170/2000 [00:27<04:19,  7.05it/s]
precompute mfcc:   9%|▊         | 171/2000 [00:28<07:01,  4.34it/s]
precompute mfcc:   9%|▊         | 173/2000 [00:28<05:44,  5.30it/s]
precompute mfcc:   9%|▉         | 176/2000 [00:28<04:03,  7.48it/s]
precompute mfcc:   9%|▉         | 177/2000 [00:28<04:08,  7.34it/s]
precompute mfcc:   9%|▉         | 178/2000 [00:28<04:17,  7.07it/s]
precompute mfcc:   9%|▉         | 180/2000 [00:29<04:07,  7.35it/s]
precompute mfcc:   9%|▉         | 181/2000 [00:29<06:41,  4.53it/s]
precompute mfcc:   9%|▉         | 183/2000 [00:29<05:35,  5.41it/s]
precompute mfcc:   9%|▉         | 185/2000 [00:30<04:29,  6.74it/s]
precompute mfcc:   9%|▉         | 187/2000 [00:30<04:27,  6.78it/s]
precompute mfcc:   9%|▉         | 188/2000 [00:30<04:32,  6.65it/s]
precompute mfcc:   9%|▉         | 189/2000 [00:30<04:31,  6.66it/s]
precompute mfcc:  10%|▉         | 191/2000 [00:31<05:38,  5.34it/s]
precompute mfcc:  10%|▉         | 192/2000 [00:31<05:17,  5.69it/s]
precompute mfcc:  10%|▉         | 193/2000 [00:31<05:22,  5.60it/s]
precompute mfcc:  10%|▉         | 195/2000 [00:31<04:03,  7.42it/s]
precompute mfcc:  10%|▉         | 197/2000 [00:31<04:24,  6.81it/s]
precompute mfcc:  10%|▉         | 198/2000 [00:32<04:40,  6.43it/s]
precompute mfcc:  10%|█         | 200/2000 [00:32<04:51,  6.17it/s]
precompute mfcc:  10%|█         | 201/2000 [00:32<05:22,  5.58it/s]
precompute mfcc:  10%|█         | 202/2000 [00:32<05:00,  5.99it/s]
precompute mfcc:  10%|█         | 203/2000 [00:32<04:48,  6.23it/s]
precompute mfcc:  10%|█         | 204/2000 [00:33<04:41,  6.39it/s]
precompute mfcc:  10%|█         | 205/2000 [00:33<04:18,  6.94it/s]
precompute mfcc:  10%|█         | 207/2000 [00:33<03:53,  7.67it/s]
precompute mfcc:  10%|█         | 208/2000 [00:33<04:35,  6.50it/s]
precompute mfcc:  10%|█         | 210/2000 [00:34<04:52,  6.12it/s]
precompute mfcc:  11%|█         | 211/2000 [00:34<05:52,  5.08it/s]
precompute mfcc:  11%|█         | 212/2000 [00:34<05:27,  5.46it/s]
precompute mfcc:  11%|█         | 214/2000 [00:34<04:51,  6.12it/s]
precompute mfcc:  11%|█         | 216/2000 [00:34<04:04,  7.31it/s]
precompute mfcc:  11%|█         | 218/2000 [00:35<04:05,  7.25it/s]
precompute mfcc:  11%|█         | 220/2000 [00:35<05:06,  5.80it/s]
precompute mfcc:  11%|█         | 221/2000 [00:35<05:28,  5.41it/s]
precompute mfcc:  11%|█         | 222/2000 [00:36<05:37,  5.26it/s]
precompute mfcc:  11%|█         | 224/2000 [00:36<04:31,  6.55it/s]
precompute mfcc:  11%|█▏        | 226/2000 [00:36<03:58,  7.43it/s]
precompute mfcc:  11%|█▏        | 228/2000 [00:36<03:23,  8.72it/s]
precompute mfcc:  11%|█▏        | 229/2000 [00:36<03:57,  7.47it/s]
precompute mfcc:  12%|█▏        | 230/2000 [00:37<05:55,  4.97it/s]
precompute mfcc:  12%|█▏        | 231/2000 [00:37<05:30,  5.36it/s]
precompute mfcc:  12%|█▏        | 232/2000 [00:37<05:48,  5.08it/s]
precompute mfcc:  12%|█▏        | 234/2000 [00:37<05:12,  5.66it/s]
precompute mfcc:  12%|█▏        | 236/2000 [00:38<03:57,  7.41it/s]
precompute mfcc:  12%|█▏        | 238/2000 [00:38<03:16,  8.98it/s]
precompute mfcc:  12%|█▏        | 240/2000 [00:38<05:29,  5.34it/s]
precompute mfcc:  12%|█▏        | 241/2000 [00:39<05:22,  5.45it/s]
precompute mfcc:  12%|█▏        | 242/2000 [00:39<05:26,  5.39it/s]
precompute mfcc:  12%|█▏        | 244/2000 [00:39<04:24,  6.64it/s]
precompute mfcc:  12%|█▏        | 245/2000 [00:39<04:55,  5.94it/s]
precompute mfcc:  12%|█▏        | 248/2000 [00:39<03:19,  8.78it/s]
precompute mfcc:  12%|█▎        | 250/2000 [00:40<05:19,  5.48it/s]
precompute mfcc:  13%|█▎        | 251/2000 [00:40<05:42,  5.10it/s]
precompute mfcc:  13%|█▎        | 253/2000 [00:40<04:33,  6.38it/s]
precompute mfcc:  13%|█▎        | 254/2000 [00:41<04:21,  6.69it/s]
precompute mfcc:  13%|█▎        | 255/2000 [00:41<05:03,  5.74it/s]
precompute mfcc:  13%|█▎        | 259/2000 [00:41<03:21,  8.62it/s]
precompute mfcc:  13%|█▎        | 260/2000 [00:42<05:20,  5.42it/s]
precompute mfcc:  13%|█▎        | 261/2000 [00:42<05:36,  5.17it/s]
precompute mfcc:  13%|█▎        | 263/2000 [00:42<04:36,  6.27it/s]
precompute mfcc:  13%|█▎        | 265/2000 [00:42<04:04,  7.09it/s]
precompute mfcc:  13%|█▎        | 266/2000 [00:42<03:51,  7.50it/s]
precompute mfcc:  13%|█▎        | 268/2000 [00:43<03:36,  8.00it/s]
precompute mfcc:  13%|█▎        | 269/2000 [00:43<04:07,  6.98it/s]
precompute mfcc:  14%|█▎        | 270/2000 [00:43<06:35,  4.37it/s]
precompute mfcc:  14%|█▎        | 271/2000 [00:44<06:14,  4.61it/s]
precompute mfcc:  14%|█▎        | 272/2000 [00:44<05:37,  5.12it/s]
precompute mfcc:  14%|█▍        | 275/2000 [00:44<03:25,  8.38it/s]
precompute mfcc:  14%|█▍        | 277/2000 [00:44<03:15,  8.82it/s]
precompute mfcc:  14%|█▍        | 279/2000 [00:44<03:41,  7.78it/s]
precompute mfcc:  14%|█▍        | 280/2000 [00:45<06:28,  4.42it/s]
precompute mfcc:  14%|█▍        | 281/2000 [00:45<06:11,  4.63it/s]
precompute mfcc:  14%|█▍        | 283/2000 [00:45<04:40,  6.11it/s]
precompute mfcc:  14%|█▍        | 285/2000 [00:46<04:00,  7.14it/s]
precompute mfcc:  14%|█▍        | 287/2000 [00:46<03:09,  9.02it/s]
precompute mfcc:  14%|█▍        | 289/2000 [00:46<03:29,  8.15it/s]
precompute mfcc:  15%|█▍        | 291/2000 [00:47<05:52,  4.85it/s]
precompute mfcc:  15%|█▍        | 292/2000 [00:47<05:36,  5.07it/s]
precompute mfcc:  15%|█▍        | 294/2000 [00:47<04:59,  5.69it/s]
precompute mfcc:  15%|█▍        | 297/2000 [00:47<03:32,  8.00it/s]
precompute mfcc:  15%|█▍        | 299/2000 [00:48<03:25,  8.27it/s]
precompute mfcc:  15%|█▌        | 301/2000 [00:48<05:41,  4.97it/s]
precompute mfcc:  15%|█▌        | 302/2000 [00:48<05:15,  5.38it/s]
precompute mfcc:  15%|█▌        | 303/2000 [00:49<05:06,  5.53it/s]
precompute mfcc:  15%|█▌        | 305/2000 [00:49<04:01,  7.03it/s]
precompute mfcc:  15%|█▌        | 306/2000 [00:49<03:58,  7.09it/s]
precompute mfcc:  15%|█▌        | 308/2000 [00:49<03:18,  8.54it/s]
precompute mfcc:  16%|█▌        | 310/2000 [00:50<05:51,  4.80it/s]
precompute mfcc:  16%|█▌        | 311/2000 [00:50<05:30,  5.11it/s]
precompute mfcc:  16%|█▌        | 312/2000 [00:50<05:21,  5.25it/s]
precompute mfcc:  16%|█▌        | 313/2000 [00:50<05:17,  5.31it/s]
precompute mfcc:  16%|█▌        | 316/2000 [00:50<03:34,  7.86it/s]
precompute mfcc:  16%|█▌        | 318/2000 [00:51<03:01,  9.27it/s]
precompute mfcc:  16%|█▌        | 320/2000 [00:51<05:44,  4.88it/s]
precompute mfcc:  16%|█▌        | 322/2000 [00:52<05:27,  5.13it/s]
precompute mfcc:  16%|█▌        | 324/2000 [00:52<04:23,  6.35it/s]
precompute mfcc:  16%|█▋        | 326/2000 [00:52<03:44,  7.46it/s]
precompute mfcc:  16%|█▋        | 328/2000 [00:52<03:28,  8.00it/s]
precompute mfcc:  16%|█▋        | 330/2000 [00:53<05:22,  5.18it/s]
precompute mfcc:  17%|█▋        | 332/2000 [00:53<04:52,  5.71it/s]
precompute mfcc:  17%|█▋        | 333/2000 [00:53<04:42,  5.89it/s]
precompute mfcc:  17%|█▋        | 335/2000 [00:54<04:13,  6.56it/s]
precompute mfcc:  17%|█▋        | 338/2000 [00:54<03:37,  7.64it/s]
precompute mfcc:  17%|█▋        | 340/2000 [00:55<05:02,  5.49it/s]
precompute mfcc:  17%|█▋        | 342/2000 [00:55<04:50,  5.72it/s]
precompute mfcc:  17%|█▋        | 345/2000 [00:55<03:51,  7.14it/s]
precompute mfcc:  17%|█▋        | 346/2000 [00:55<03:50,  7.17it/s]
precompute mfcc:  17%|█▋        | 348/2000 [00:56<03:51,  7.12it/s]
precompute mfcc:  18%|█▊        | 350/2000 [00:56<05:02,  5.46it/s]
precompute mfcc:  18%|█▊        | 352/2000 [00:56<04:45,  5.77it/s]
precompute mfcc:  18%|█▊        | 353/2000 [00:57<04:33,  6.02it/s]
precompute mfcc:  18%|█▊        | 355/2000 [00:57<04:19,  6.33it/s]
precompute mfcc:  18%|█▊        | 357/2000 [00:57<03:26,  7.95it/s]
precompute mfcc:  18%|█▊        | 358/2000 [00:57<03:26,  7.95it/s]
precompute mfcc:  18%|█▊        | 359/2000 [00:57<03:40,  7.45it/s]
precompute mfcc:  18%|█▊        | 360/2000 [00:58<06:20,  4.31it/s]
precompute mfcc:  18%|█▊        | 361/2000 [00:58<05:31,  4.95it/s]
precompute mfcc:  18%|█▊        | 362/2000 [00:58<04:50,  5.65it/s]
precompute mfcc:  18%|█▊        | 363/2000 [00:58<04:45,  5.73it/s]
precompute mfcc:  18%|█▊        | 365/2000 [00:59<04:39,  5.85it/s]
precompute mfcc:  18%|█▊        | 368/2000 [00:59<03:05,  8.78it/s]
precompute mfcc:  18%|█▊        | 370/2000 [00:59<05:29,  4.94it/s]
precompute mfcc:  19%|█▊        | 372/2000 [01:00<04:24,  6.15it/s]
precompute mfcc:  19%|█▊        | 373/2000 [01:00<04:35,  5.91it/s]
precompute mfcc:  19%|█▊        | 374/2000 [01:00<04:40,  5.80it/s]
precompute mfcc:  19%|█▉        | 375/2000 [01:00<04:34,  5.92it/s]
precompute mfcc:  19%|█▉        | 379/2000 [01:01<03:38,  7.42it/s]
precompute mfcc:  19%|█▉        | 380/2000 [01:01<05:10,  5.21it/s]
precompute mfcc:  19%|█▉        | 382/2000 [01:01<04:11,  6.42it/s]
precompute mfcc:  19%|█▉        | 383/2000 [01:01<04:46,  5.65it/s]
precompute mfcc:  19%|█▉        | 385/2000 [01:02<04:18,  6.24it/s]
precompute mfcc:  19%|█▉        | 387/2000 [01:02<03:32,  7.58it/s]
precompute mfcc:  19%|█▉        | 389/2000 [01:02<04:01,  6.67it/s]
precompute mfcc:  20%|█▉        | 390/2000 [01:03<05:08,  5.22it/s]
precompute mfcc:  20%|█▉        | 392/2000 [01:03<04:29,  5.96it/s]
precompute mfcc:  20%|█▉        | 393/2000 [01:03<04:53,  5.48it/s]
precompute mfcc:  20%|█▉        | 396/2000 [01:03<03:17,  8.12it/s]
precompute mfcc:  20%|█▉        | 398/2000 [01:03<02:54,  9.18it/s]
precompute mfcc:  20%|██        | 400/2000 [01:04<04:51,  5.50it/s]
precompute mfcc:  20%|██        | 401/2000 [01:04<05:07,  5.21it/s]
precompute mfcc:  20%|██        | 402/2000 [01:05<04:44,  5.61it/s]
precompute mfcc:  20%|██        | 403/2000 [01:05<04:33,  5.83it/s]
precompute mfcc:  20%|██        | 405/2000 [01:05<03:33,  7.47it/s]
precompute mfcc:  20%|██        | 406/2000 [01:05<03:27,  7.70it/s]
precompute mfcc:  20%|██        | 408/2000 [01:05<03:13,  8.22it/s]
precompute mfcc:  20%|██        | 409/2000 [01:06<04:45,  5.57it/s]
precompute mfcc:  20%|██        | 410/2000 [01:06<05:15,  5.03it/s]
precompute mfcc:  21%|██        | 411/2000 [01:06<04:49,  5.48it/s]
precompute mfcc:  21%|██        | 412/2000 [01:06<04:26,  5.97it/s]
precompute mfcc:  21%|██        | 413/2000 [01:06<04:05,  6.46it/s]
precompute mfcc:  21%|██        | 414/2000 [01:06<03:52,  6.81it/s]
precompute mfcc:  21%|██        | 415/2000 [01:06<03:31,  7.49it/s]
precompute mfcc:  21%|██        | 416/2000 [01:07<03:41,  7.16it/s]
precompute mfcc:  21%|██        | 417/2000 [01:07<03:22,  7.80it/s]
precompute mfcc:  21%|██        | 418/2000 [01:07<03:21,  7.86it/s]
precompute mfcc:  21%|██        | 419/2000 [01:07<04:57,  5.32it/s]
precompute mfcc:  21%|██        | 420/2000 [01:07<05:34,  4.72it/s]
precompute mfcc:  21%|██        | 421/2000 [01:08<04:55,  5.34it/s]
precompute mfcc:  21%|██        | 422/2000 [01:08<04:22,  6.01it/s]
precompute mfcc:  21%|██        | 423/2000 [01:08<03:51,  6.80it/s]
precompute mfcc:  21%|██        | 424/2000 [01:08<04:05,  6.42it/s]
precompute mfcc:  21%|██▏       | 425/2000 [01:08<03:42,  7.08it/s]
precompute mfcc:  21%|██▏       | 426/2000 [01:08<04:11,  6.25it/s]
precompute mfcc:  21%|██▏       | 427/2000 [01:08<04:08,  6.34it/s]
precompute mfcc:  21%|██▏       | 429/2000 [01:09<04:05,  6.40it/s]
precompute mfcc:  22%|██▏       | 430/2000 [01:09<04:17,  6.10it/s]
precompute mfcc:  22%|██▏       | 431/2000 [01:09<05:35,  4.67it/s]
precompute mfcc:  22%|██▏       | 432/2000 [01:09<04:48,  5.43it/s]
precompute mfcc:  22%|██▏       | 435/2000 [01:10<03:16,  7.98it/s]
precompute mfcc:  22%|██▏       | 436/2000 [01:10<03:43,  6.99it/s]
precompute mfcc:  22%|██▏       | 438/2000 [01:10<03:23,  7.69it/s]
precompute mfcc:  22%|██▏       | 439/2000 [01:10<03:31,  7.39it/s]
precompute mfcc:  22%|██▏       | 440/2000 [01:10<04:34,  5.68it/s]
precompute mfcc:  22%|██▏       | 441/2000 [01:11<05:09,  5.04it/s]
precompute mfcc:  22%|██▏       | 442/2000 [01:11<04:38,  5.60it/s]
precompute mfcc:  22%|██▏       | 444/2000 [01:11<03:44,  6.92it/s]
precompute mfcc:  22%|██▏       | 445/2000 [01:11<03:31,  7.35it/s]
precompute mfcc:  22%|██▏       | 446/2000 [01:11<03:25,  7.58it/s]
precompute mfcc:  22%|██▏       | 447/2000 [01:11<03:33,  7.27it/s]
precompute mfcc:  22%|██▏       | 449/2000 [01:12<04:09,  6.22it/s]
precompute mfcc:  22%|██▎       | 450/2000 [01:12<04:24,  5.85it/s]
precompute mfcc:  23%|██▎       | 451/2000 [01:12<05:36,  4.61it/s]
precompute mfcc:  23%|██▎       | 454/2000 [01:13<04:11,  6.16it/s]
precompute mfcc:  23%|██▎       | 456/2000 [01:13<03:26,  7.48it/s]
precompute mfcc:  23%|██▎       | 457/2000 [01:13<03:30,  7.33it/s]
precompute mfcc:  23%|██▎       | 459/2000 [01:13<03:57,  6.50it/s]
precompute mfcc:  23%|██▎       | 460/2000 [01:14<04:40,  5.48it/s]
precompute mfcc:  23%|██▎       | 461/2000 [01:14<04:18,  5.96it/s]
precompute mfcc:  23%|██▎       | 462/2000 [01:14<04:08,  6.18it/s]
precompute mfcc:  23%|██▎       | 463/2000 [01:14<04:03,  6.30it/s]
precompute mfcc:  23%|██▎       | 464/2000 [01:14<04:17,  5.97it/s]
precompute mfcc:  23%|██▎       | 466/2000 [01:14<03:31,  7.24it/s]
precompute mfcc:  23%|██▎       | 468/2000 [01:15<03:25,  7.46it/s]
precompute mfcc:  23%|██▎       | 469/2000 [01:15<04:35,  5.55it/s]
precompute mfcc:  24%|██▎       | 470/2000 [01:15<04:47,  5.32it/s]
precompute mfcc:  24%|██▎       | 472/2000 [01:16<04:11,  6.08it/s]
precompute mfcc:  24%|██▎       | 473/2000 [01:16<04:22,  5.81it/s]
precompute mfcc:  24%|██▎       | 474/2000 [01:16<03:59,  6.38it/s]
precompute mfcc:  24%|██▍       | 475/2000 [01:16<04:11,  6.07it/s]
precompute mfcc:  24%|██▍       | 476/2000 [01:16<04:18,  5.89it/s]
precompute mfcc:  24%|██▍       | 479/2000 [01:17<04:17,  5.90it/s]
precompute mfcc:  24%|██▍       | 481/2000 [01:17<04:11,  6.05it/s]
precompute mfcc:  24%|██▍       | 483/2000 [01:17<04:13,  5.98it/s]
precompute mfcc:  24%|██▍       | 485/2000 [01:18<04:01,  6.28it/s]
precompute mfcc:  24%|██▍       | 487/2000 [01:18<03:12,  7.87it/s]
precompute mfcc:  24%|██▍       | 489/2000 [01:18<04:31,  5.56it/s]
precompute mfcc:  25%|██▍       | 491/2000 [01:19<03:59,  6.30it/s]
precompute mfcc:  25%|██▍       | 493/2000 [01:19<04:21,  5.77it/s]
precompute mfcc:  25%|██▍       | 495/2000 [01:19<03:52,  6.47it/s]
precompute mfcc:  25%|██▍       | 496/2000 [01:19<03:46,  6.65it/s]
precompute mfcc:  25%|██▍       | 499/2000 [01:20<04:09,  6.03it/s]
precompute mfcc:  25%|██▌       | 500/2000 [01:20<03:55,  6.36it/s]
precompute mfcc:  25%|██▌       | 501/2000 [01:20<04:03,  6.15it/s]
precompute mfcc:  25%|██▌       | 503/2000 [01:21<04:21,  5.73it/s]
precompute mfcc:  25%|██▌       | 504/2000 [01:21<04:08,  6.01it/s]
precompute mfcc:  25%|██▌       | 506/2000 [01:21<03:04,  8.09it/s]
precompute mfcc:  25%|██▌       | 508/2000 [01:21<03:06,  7.98it/s]
precompute mfcc:  25%|██▌       | 509/2000 [01:21<04:06,  6.04it/s]
precompute mfcc:  26%|██▌       | 510/2000 [01:22<04:33,  5.45it/s]
precompute mfcc:  26%|██▌       | 512/2000 [01:22<04:05,  6.06it/s]
precompute mfcc:  26%|██▌       | 513/2000 [01:22<04:55,  5.03it/s]
precompute mfcc:  26%|██▌       | 516/2000 [01:22<03:04,  8.04it/s]
precompute mfcc:  26%|██▌       | 518/2000 [01:23<03:08,  7.88it/s]
precompute mfcc:  26%|██▌       | 519/2000 [01:23<04:25,  5.57it/s]
precompute mfcc:  26%|██▌       | 520/2000 [01:23<04:18,  5.73it/s]
precompute mfcc:  26%|██▌       | 521/2000 [01:23<04:28,  5.51it/s]
precompute mfcc:  26%|██▌       | 522/2000 [01:24<05:11,  4.75it/s]
precompute mfcc:  26%|██▌       | 524/2000 [01:24<03:38,  6.77it/s]
precompute mfcc:  26%|██▋       | 526/2000 [01:24<03:26,  7.12it/s]
precompute mfcc:  26%|██▋       | 527/2000 [01:24<03:29,  7.04it/s]
precompute mfcc:  26%|██▋       | 529/2000 [01:25<03:56,  6.23it/s]
precompute mfcc:  26%|██▋       | 530/2000 [01:25<04:27,  5.49it/s]
precompute mfcc:  27%|██▋       | 531/2000 [01:25<04:20,  5.65it/s]
precompute mfcc:  27%|██▋       | 532/2000 [01:25<04:21,  5.62it/s]
precompute mfcc:  27%|██▋       | 533/2000 [01:25<04:02,  6.06it/s]
precompute mfcc:  27%|██▋       | 535/2000 [01:26<03:10,  7.68it/s]
precompute mfcc:  27%|██▋       | 536/2000 [01:26<03:35,  6.79it/s]
precompute mfcc:  27%|██▋       | 537/2000 [01:26<03:36,  6.77it/s]
precompute mfcc:  27%|██▋       | 539/2000 [01:26<04:26,  5.49it/s]
precompute mfcc:  27%|██▋       | 541/2000 [01:27<03:55,  6.18it/s]
precompute mfcc:  27%|██▋       | 542/2000 [01:27<04:05,  5.95it/s]
precompute mfcc:  27%|██▋       | 543/2000 [01:27<04:04,  5.97it/s]
precompute mfcc:  27%|██▋       | 545/2000 [01:27<03:17,  7.38it/s]
precompute mfcc:  27%|██▋       | 546/2000 [01:27<03:42,  6.54it/s]
precompute mfcc:  27%|██▋       | 547/2000 [01:28<03:52,  6.25it/s]
precompute mfcc:  27%|██▋       | 549/2000 [01:28<04:16,  5.65it/s]
precompute mfcc:  28%|██▊       | 551/2000 [01:28<04:16,  5.64it/s]
precompute mfcc:  28%|██▊       | 552/2000 [01:28<04:00,  6.01it/s]
precompute mfcc:  28%|██▊       | 553/2000 [01:29<03:44,  6.45it/s]
precompute mfcc:  28%|██▊       | 555/2000 [01:29<03:41,  6.51it/s]
precompute mfcc:  28%|██▊       | 556/2000 [01:29<04:18,  5.60it/s]
precompute mfcc:  28%|██▊       | 558/2000 [01:29<03:38,  6.60it/s]
precompute mfcc:  28%|██▊       | 559/2000 [01:30<03:47,  6.32it/s]
precompute mfcc:  28%|██▊       | 561/2000 [01:30<04:12,  5.70it/s]
precompute mfcc:  28%|██▊       | 562/2000 [01:30<03:51,  6.20it/s]
precompute mfcc:  28%|██▊       | 564/2000 [01:30<03:48,  6.29it/s]
precompute mfcc:  28%|██▊       | 565/2000 [01:31<04:07,  5.79it/s]
precompute mfcc:  28%|██▊       | 566/2000 [01:31<03:44,  6.38it/s]
precompute mfcc:  28%|██▊       | 568/2000 [01:31<03:21,  7.12it/s]
precompute mfcc:  28%|██▊       | 569/2000 [01:31<03:20,  7.13it/s]
precompute mfcc:  29%|██▊       | 571/2000 [01:32<04:30,  5.28it/s]
precompute mfcc:  29%|██▊       | 573/2000 [01:32<03:24,  6.97it/s]
precompute mfcc:  29%|██▊       | 574/2000 [01:32<03:59,  5.96it/s]
precompute mfcc:  29%|██▉       | 575/2000 [01:32<04:09,  5.71it/s]
precompute mfcc:  29%|██▉       | 578/2000 [01:33<03:31,  6.74it/s]
precompute mfcc:  29%|██▉       | 579/2000 [01:33<03:42,  6.38it/s]
precompute mfcc:  29%|██▉       | 581/2000 [01:33<03:47,  6.24it/s]
precompute mfcc:  29%|██▉       | 582/2000 [01:33<03:37,  6.53it/s]
precompute mfcc:  29%|██▉       | 584/2000 [01:34<03:50,  6.15it/s]
precompute mfcc:  29%|██▉       | 585/2000 [01:34<04:02,  5.85it/s]
precompute mfcc:  29%|██▉       | 587/2000 [01:34<03:01,  7.79it/s]
precompute mfcc:  29%|██▉       | 588/2000 [01:34<03:58,  5.91it/s]
precompute mfcc:  29%|██▉       | 589/2000 [01:34<03:39,  6.42it/s]
precompute mfcc:  30%|██▉       | 591/2000 [01:35<04:17,  5.46it/s]
precompute mfcc:  30%|██▉       | 593/2000 [01:35<03:12,  7.29it/s]
precompute mfcc:  30%|██▉       | 595/2000 [01:35<04:04,  5.74it/s]
precompute mfcc:  30%|██▉       | 597/2000 [01:36<03:37,  6.44it/s]
precompute mfcc:  30%|██▉       | 598/2000 [01:36<03:52,  6.03it/s]
precompute mfcc:  30%|███       | 600/2000 [01:36<03:16,  7.11it/s]
precompute mfcc:  30%|███       | 601/2000 [01:36<04:47,  4.86it/s]
precompute mfcc:  30%|███       | 604/2000 [01:37<03:47,  6.15it/s]
precompute mfcc:  30%|███       | 605/2000 [01:37<03:56,  5.89it/s]
precompute mfcc:  30%|███       | 606/2000 [01:37<03:40,  6.31it/s]
precompute mfcc:  30%|███       | 607/2000 [01:37<04:02,  5.76it/s]
precompute mfcc:  30%|███       | 610/2000 [01:38<03:16,  7.09it/s]
precompute mfcc:  31%|███       | 611/2000 [01:38<04:13,  5.47it/s]
precompute mfcc:  31%|███       | 613/2000 [01:38<03:20,  6.92it/s]
precompute mfcc:  31%|███       | 614/2000 [01:38<03:14,  7.13it/s]
precompute mfcc:  31%|███       | 615/2000 [01:39<04:06,  5.62it/s]
precompute mfcc:  31%|███       | 616/2000 [01:39<04:12,  5.48it/s]
precompute mfcc:  31%|███       | 618/2000 [01:39<03:17,  7.01it/s]
precompute mfcc:  31%|███       | 620/2000 [01:39<03:06,  7.40it/s]
precompute mfcc:  31%|███       | 621/2000 [01:40<04:25,  5.19it/s]
precompute mfcc:  31%|███       | 623/2000 [01:40<03:21,  6.83it/s]
precompute mfcc:  31%|███       | 624/2000 [01:40<04:11,  5.47it/s]
precompute mfcc:  31%|███▏      | 625/2000 [01:40<04:35,  4.99it/s]
precompute mfcc:  31%|███▏      | 627/2000 [01:40<03:16,  6.98it/s]
precompute mfcc:  31%|███▏      | 628/2000 [01:41<03:23,  6.73it/s]
precompute mfcc:  31%|███▏      | 629/2000 [01:41<03:19,  6.87it/s]
precompute mfcc:  32%|███▏      | 630/2000 [01:41<03:34,  6.39it/s]
precompute mfcc:  32%|███▏      | 631/2000 [01:41<04:36,  4.95it/s]
precompute mfcc:  32%|███▏      | 634/2000 [01:42<03:41,  6.17it/s]
precompute mfcc:  32%|███▏      | 635/2000 [01:42<03:47,  6.01it/s]
precompute mfcc:  32%|███▏      | 636/2000 [01:42<04:14,  5.36it/s]
precompute mfcc:  32%|███▏      | 638/2000 [01:42<03:28,  6.54it/s]
precompute mfcc:  32%|███▏      | 640/2000 [01:42<03:05,  7.35it/s]
precompute mfcc:  32%|███▏      | 641/2000 [01:43<04:01,  5.64it/s]
precompute mfcc:  32%|███▏      | 644/2000 [01:43<03:47,  5.97it/s]
precompute mfcc:  32%|███▏      | 646/2000 [01:44<03:28,  6.49it/s]
precompute mfcc:  32%|███▏      | 647/2000 [01:44<03:49,  5.89it/s]
precompute mfcc:  32%|███▏      | 649/2000 [01:44<03:14,  6.95it/s]
precompute mfcc:  32%|███▎      | 650/2000 [01:44<03:51,  5.84it/s]
precompute mfcc:  33%|███▎      | 652/2000 [01:45<03:37,  6.19it/s]
precompute mfcc:  33%|███▎      | 654/2000 [01:45<03:26,  6.53it/s]
precompute mfcc:  33%|███▎      | 655/2000 [01:45<03:39,  6.13it/s]
precompute mfcc:  33%|███▎      | 656/2000 [01:45<03:50,  5.84it/s]
precompute mfcc:  33%|███▎      | 658/2000 [01:45<03:17,  6.79it/s]
precompute mfcc:  33%|███▎      | 659/2000 [01:46<04:25,  5.06it/s]
precompute mfcc:  33%|███▎      | 662/2000 [01:46<03:30,  6.37it/s]
precompute mfcc:  33%|███▎      | 663/2000 [01:46<03:43,  5.98it/s]
precompute mfcc:  33%|███▎      | 664/2000 [01:47<03:45,  5.91it/s]
precompute mfcc:  33%|███▎      | 665/2000 [01:47<03:32,  6.27it/s]
precompute mfcc:  33%|███▎      | 666/2000 [01:47<03:49,  5.80it/s]
precompute mfcc:  33%|███▎      | 668/2000 [01:47<03:36,  6.16it/s]
precompute mfcc:  33%|███▎      | 669/2000 [01:47<03:38,  6.08it/s]
precompute mfcc:  34%|███▎      | 670/2000 [01:47<03:27,  6.43it/s]
precompute mfcc:  34%|███▎      | 672/2000 [01:48<02:33,  8.64it/s]
precompute mfcc:  34%|███▎      | 673/2000 [01:48<04:06,  5.39it/s]
precompute mfcc:  34%|███▎      | 674/2000 [01:48<04:14,  5.22it/s]
precompute mfcc:  34%|███▍      | 675/2000 [01:48<04:14,  5.20it/s]
precompute mfcc:  34%|███▍      | 677/2000 [01:49<03:27,  6.37it/s]
precompute mfcc:  34%|███▍      | 678/2000 [01:49<03:13,  6.83it/s]
precompute mfcc:  34%|███▍      | 679/2000 [01:49<03:35,  6.14it/s]
precompute mfcc:  34%|███▍      | 680/2000 [01:49<03:45,  5.85it/s]
precompute mfcc:  34%|███▍      | 682/2000 [01:49<02:46,  7.94it/s]
precompute mfcc:  34%|███▍      | 683/2000 [01:50<04:54,  4.47it/s]
precompute mfcc:  34%|███▍      | 685/2000 [01:50<04:19,  5.06it/s]
precompute mfcc:  34%|███▍      | 687/2000 [01:50<03:20,  6.56it/s]
precompute mfcc:  34%|███▍      | 689/2000 [01:51<03:35,  6.08it/s]
precompute mfcc:  35%|███▍      | 691/2000 [01:51<03:09,  6.91it/s]
precompute mfcc:  35%|███▍      | 692/2000 [01:51<03:17,  6.61it/s]
precompute mfcc:  35%|███▍      | 693/2000 [01:51<03:49,  5.69it/s]
precompute mfcc:  35%|███▍      | 694/2000 [01:51<03:35,  6.06it/s]
precompute mfcc:  35%|███▍      | 695/2000 [01:52<04:16,  5.08it/s]
precompute mfcc:  35%|███▍      | 697/2000 [01:52<03:05,  7.03it/s]
precompute mfcc:  35%|███▍      | 698/2000 [01:52<03:04,  7.07it/s]
precompute mfcc:  35%|███▍      | 699/2000 [01:52<03:27,  6.28it/s]
precompute mfcc:  35%|███▌      | 701/2000 [01:52<02:39,  8.13it/s]
precompute mfcc:  35%|███▌      | 702/2000 [01:53<03:44,  5.78it/s]
precompute mfcc:  35%|███▌      | 703/2000 [01:53<04:09,  5.20it/s]
precompute mfcc:  35%|███▌      | 704/2000 [01:53<03:44,  5.78it/s]
precompute mfcc:  35%|███▌      | 705/2000 [01:53<04:14,  5.08it/s]
precompute mfcc:  35%|███▌      | 707/2000 [01:54<03:16,  6.59it/s]
precompute mfcc:  35%|███▌      | 708/2000 [01:54<03:15,  6.63it/s]
precompute mfcc:  35%|███▌      | 709/2000 [01:54<03:08,  6.84it/s]
precompute mfcc:  36%|███▌      | 710/2000 [01:54<02:55,  7.34it/s]
precompute mfcc:  36%|███▌      | 712/2000 [01:54<03:24,  6.31it/s]
precompute mfcc:  36%|███▌      | 713/2000 [01:55<04:04,  5.27it/s]
precompute mfcc:  36%|███▌      | 714/2000 [01:55<03:54,  5.48it/s]
precompute mfcc:  36%|███▌      | 715/2000 [01:55<04:10,  5.12it/s]
precompute mfcc:  36%|███▌      | 717/2000 [01:55<03:39,  5.85it/s]
precompute mfcc:  36%|███▌      | 719/2000 [01:55<02:50,  7.51it/s]
precompute mfcc:  36%|███▌      | 720/2000 [01:56<02:54,  7.33it/s]
precompute mfcc:  36%|███▌      | 722/2000 [01:56<03:28,  6.12it/s]
precompute mfcc:  36%|███▌      | 723/2000 [01:56<03:36,  5.90it/s]
precompute mfcc:  36%|███▌      | 724/2000 [01:56<04:06,  5.18it/s]
precompute mfcc:  36%|███▋      | 725/2000 [01:57<03:39,  5.80it/s]
precompute mfcc:  36%|███▋      | 726/2000 [01:57<03:20,  6.35it/s]
precompute mfcc:  36%|███▋      | 727/2000 [01:57<03:15,  6.50it/s]
precompute mfcc:  36%|███▋      | 729/2000 [01:57<02:53,  7.34it/s]
precompute mfcc:  37%|███▋      | 731/2000 [01:57<02:44,  7.69it/s]
precompute mfcc:  37%|███▋      | 732/2000 [01:58<03:45,  5.63it/s]
precompute mfcc:  37%|███▋      | 734/2000 [01:58<04:17,  4.92it/s]
precompute mfcc:  37%|███▋      | 736/2000 [01:58<03:09,  6.67it/s]
precompute mfcc:  37%|███▋      | 737/2000 [01:58<03:01,  6.95it/s]
precompute mfcc:  37%|███▋      | 738/2000 [01:58<02:59,  7.04it/s]
precompute mfcc:  37%|███▋      | 739/2000 [01:59<02:51,  7.33it/s]
precompute mfcc:  37%|███▋      | 741/2000 [01:59<02:55,  7.16it/s]
precompute mfcc:  37%|███▋      | 742/2000 [01:59<04:22,  4.79it/s]
precompute mfcc:  37%|███▋      | 744/2000 [02:00<03:57,  5.28it/s]
precompute mfcc:  37%|███▋      | 745/2000 [02:00<03:43,  5.62it/s]
precompute mfcc:  37%|███▋      | 746/2000 [02:00<03:27,  6.05it/s]
precompute mfcc:  37%|███▋      | 748/2000 [02:00<02:47,  7.48it/s]
precompute mfcc:  38%|███▊      | 750/2000 [02:00<02:42,  7.69it/s]
precompute mfcc:  38%|███▊      | 751/2000 [02:01<03:06,  6.69it/s]
precompute mfcc:  38%|███▊      | 752/2000 [02:01<03:49,  5.44it/s]
precompute mfcc:  38%|███▊      | 753/2000 [02:01<03:50,  5.41it/s]
precompute mfcc:  38%|███▊      | 754/2000 [02:01<04:19,  4.81it/s]
precompute mfcc:  38%|███▊      | 755/2000 [02:01<03:43,  5.57it/s]
precompute mfcc:  38%|███▊      | 758/2000 [02:02<02:29,  8.32it/s]
precompute mfcc:  38%|███▊      | 760/2000 [02:02<02:50,  7.29it/s]
precompute mfcc:  38%|███▊      | 761/2000 [02:02<03:13,  6.39it/s]
precompute mfcc:  38%|███▊      | 762/2000 [02:02<03:21,  6.14it/s]
precompute mfcc:  38%|███▊      | 763/2000 [02:03<03:23,  6.08it/s]
precompute mfcc:  38%|███▊      | 764/2000 [02:03<04:31,  4.55it/s]
precompute mfcc:  38%|███▊      | 767/2000 [02:03<02:47,  7.35it/s]
precompute mfcc:  38%|███▊      | 769/2000 [02:03<02:36,  7.85it/s]
precompute mfcc:  38%|███▊      | 770/2000 [02:04<02:56,  6.96it/s]
precompute mfcc:  39%|███▊      | 771/2000 [02:04<03:19,  6.15it/s]
precompute mfcc:  39%|███▊      | 772/2000 [02:04<03:26,  5.95it/s]
precompute mfcc:  39%|███▊      | 773/2000 [02:04<03:13,  6.35it/s]
precompute mfcc:  39%|███▊      | 774/2000 [02:04<04:12,  4.85it/s]
precompute mfcc:  39%|███▉      | 775/2000 [02:05<03:55,  5.20it/s]
precompute mfcc:  39%|███▉      | 777/2000 [02:05<02:50,  7.18it/s]
precompute mfcc:  39%|███▉      | 778/2000 [02:05<03:14,  6.29it/s]
precompute mfcc:  39%|███▉      | 779/2000 [02:05<02:59,  6.81it/s]
precompute mfcc:  39%|███▉      | 780/2000 [02:05<02:52,  7.06it/s]
precompute mfcc:  39%|███▉      | 781/2000 [02:05<03:01,  6.72it/s]
precompute mfcc:  39%|███▉      | 782/2000 [02:06<03:45,  5.41it/s]
precompute mfcc:  39%|███▉      | 783/2000 [02:06<03:19,  6.10it/s]
precompute mfcc:  39%|███▉      | 784/2000 [02:06<04:24,  4.60it/s]
precompute mfcc:  39%|███▉      | 785/2000 [02:06<03:59,  5.07it/s]
precompute mfcc:  39%|███▉      | 787/2000 [02:06<03:09,  6.41it/s]
precompute mfcc:  39%|███▉      | 788/2000 [02:07<02:57,  6.82it/s]
precompute mfcc:  40%|███▉      | 790/2000 [02:07<02:34,  7.84it/s]
precompute mfcc:  40%|███▉      | 791/2000 [02:07<02:33,  7.90it/s]
precompute mfcc:  40%|███▉      | 792/2000 [02:07<03:15,  6.17it/s]
precompute mfcc:  40%|███▉      | 793/2000 [02:08<04:12,  4.77it/s]
precompute mfcc:  40%|███▉      | 794/2000 [02:08<03:45,  5.34it/s]
precompute mfcc:  40%|███▉      | 796/2000 [02:08<02:59,  6.70it/s]
precompute mfcc:  40%|███▉      | 797/2000 [02:08<03:54,  5.13it/s]
precompute mfcc:  40%|████      | 800/2000 [02:08<02:59,  6.68it/s]
precompute mfcc:  40%|████      | 801/2000 [02:09<02:48,  7.13it/s]
precompute mfcc:  40%|████      | 802/2000 [02:09<03:02,  6.58it/s]
precompute mfcc:  40%|████      | 803/2000 [02:09<03:46,  5.30it/s]
precompute mfcc:  40%|████      | 804/2000 [02:09<03:31,  5.66it/s]
precompute mfcc:  40%|████      | 805/2000 [02:09<03:15,  6.12it/s]
precompute mfcc:  40%|████      | 807/2000 [02:10<03:33,  5.58it/s]
precompute mfcc:  40%|████      | 808/2000 [02:10<03:12,  6.18it/s]
precompute mfcc:  40%|████      | 810/2000 [02:10<02:34,  7.72it/s]
precompute mfcc:  41%|████      | 811/2000 [02:10<02:54,  6.80it/s]
precompute mfcc:  41%|████      | 812/2000 [02:10<03:13,  6.14it/s]
precompute mfcc:  41%|████      | 813/2000 [02:11<03:42,  5.33it/s]
precompute mfcc:  41%|████      | 814/2000 [02:11<03:57,  5.00it/s]
precompute mfcc:  41%|████      | 817/2000 [02:11<03:19,  5.92it/s]
precompute mfcc:  41%|████      | 819/2000 [02:12<02:53,  6.82it/s]
precompute mfcc:  41%|████      | 821/2000 [02:12<02:31,  7.77it/s]
precompute mfcc:  41%|████      | 822/2000 [02:12<03:02,  6.46it/s]
precompute mfcc:  41%|████      | 823/2000 [02:12<03:49,  5.12it/s]
precompute mfcc:  41%|████▏     | 825/2000 [02:13<03:17,  5.94it/s]
precompute mfcc:  41%|████▏     | 827/2000 [02:13<02:51,  6.84it/s]
precompute mfcc:  41%|████▏     | 828/2000 [02:13<03:11,  6.11it/s]
precompute mfcc:  42%|████▏     | 830/2000 [02:13<02:37,  7.44it/s]
precompute mfcc:  42%|████▏     | 831/2000 [02:13<02:35,  7.49it/s]
precompute mfcc:  42%|████▏     | 832/2000 [02:14<03:13,  6.04it/s]
precompute mfcc:  42%|████▏     | 833/2000 [02:14<04:11,  4.64it/s]
precompute mfcc:  42%|████▏     | 835/2000 [02:14<03:22,  5.77it/s]
precompute mfcc:  42%|████▏     | 837/2000 [02:15<03:08,  6.18it/s]
precompute mfcc:  42%|████▏     | 838/2000 [02:15<03:02,  6.36it/s]
precompute mfcc:  42%|████▏     | 839/2000 [02:15<03:06,  6.22it/s]
precompute mfcc:  42%|████▏     | 841/2000 [02:15<02:17,  8.44it/s]
precompute mfcc:  42%|████▏     | 843/2000 [02:16<03:35,  5.38it/s]
precompute mfcc:  42%|████▏     | 844/2000 [02:16<03:40,  5.24it/s]
precompute mfcc:  42%|████▏     | 845/2000 [02:16<03:20,  5.75it/s]
precompute mfcc:  42%|████▏     | 847/2000 [02:16<02:42,  7.11it/s]
precompute mfcc:  42%|████▏     | 848/2000 [02:16<03:21,  5.73it/s]
precompute mfcc:  42%|████▎     | 850/2000 [02:17<02:42,  7.07it/s]
precompute mfcc:  43%|████▎     | 852/2000 [02:17<03:13,  5.93it/s]
precompute mfcc:  43%|████▎     | 853/2000 [02:17<03:05,  6.20it/s]
precompute mfcc:  43%|████▎     | 854/2000 [02:17<03:33,  5.38it/s]
precompute mfcc:  43%|████▎     | 855/2000 [02:17<03:13,  5.93it/s]
precompute mfcc:  43%|████▎     | 856/2000 [02:18<02:55,  6.52it/s]
precompute mfcc:  43%|████▎     | 858/2000 [02:18<03:16,  5.83it/s]
precompute mfcc:  43%|████▎     | 861/2000 [02:18<02:17,  8.26it/s]
precompute mfcc:  43%|████▎     | 862/2000 [02:19<03:33,  5.32it/s]
precompute mfcc:  43%|████▎     | 863/2000 [02:19<03:14,  5.83it/s]
precompute mfcc:  43%|████▎     | 864/2000 [02:19<03:07,  6.06it/s]
precompute mfcc:  43%|████▎     | 865/2000 [02:19<03:00,  6.30it/s]
precompute mfcc:  43%|████▎     | 867/2000 [02:19<02:51,  6.59it/s]
precompute mfcc:  43%|████▎     | 868/2000 [02:19<02:52,  6.55it/s]
precompute mfcc:  43%|████▎     | 869/2000 [02:20<02:49,  6.65it/s]
precompute mfcc:  44%|████▎     | 871/2000 [02:20<02:04,  9.09it/s]
precompute mfcc:  44%|████▎     | 873/2000 [02:20<03:28,  5.41it/s]
precompute mfcc:  44%|████▎     | 874/2000 [02:21<03:41,  5.09it/s]
precompute mfcc:  44%|████▍     | 876/2000 [02:21<02:42,  6.91it/s]
precompute mfcc:  44%|████▍     | 878/2000 [02:21<02:50,  6.57it/s]
precompute mfcc:  44%|████▍     | 880/2000 [02:21<02:25,  7.72it/s]
precompute mfcc:  44%|████▍     | 881/2000 [02:21<02:21,  7.91it/s]
precompute mfcc:  44%|████▍     | 882/2000 [02:22<03:53,  4.79it/s]
precompute mfcc:  44%|████▍     | 884/2000 [02:22<03:41,  5.05it/s]
precompute mfcc:  44%|████▍     | 886/2000 [02:22<02:51,  6.48it/s]
precompute mfcc:  44%|████▍     | 887/2000 [02:23<02:58,  6.24it/s]
precompute mfcc:  44%|████▍     | 888/2000 [02:23<03:14,  5.73it/s]
precompute mfcc:  45%|████▍     | 891/2000 [02:23<02:22,  7.78it/s]
precompute mfcc:  45%|████▍     | 892/2000 [02:23<03:23,  5.43it/s]
precompute mfcc:  45%|████▍     | 894/2000 [02:24<03:22,  5.45it/s]
precompute mfcc:  45%|████▍     | 896/2000 [02:24<02:58,  6.18it/s]
precompute mfcc:  45%|████▍     | 897/2000 [02:24<03:02,  6.03it/s]
precompute mfcc:  45%|████▍     | 899/2000 [02:24<02:29,  7.35it/s]
precompute mfcc:  45%|████▌     | 901/2000 [02:25<02:40,  6.85it/s]
precompute mfcc:  45%|████▌     | 902/2000 [02:25<03:21,  5.46it/s]
precompute mfcc:  45%|████▌     | 903/2000 [02:25<03:06,  5.87it/s]
precompute mfcc:  45%|████▌     | 904/2000 [02:25<03:21,  5.45it/s]
precompute mfcc:  45%|████▌     | 905/2000 [02:26<03:12,  5.70it/s]
precompute mfcc:  45%|████▌     | 906/2000 [02:26<03:32,  5.16it/s]
precompute mfcc:  45%|████▌     | 908/2000 [02:26<02:32,  7.16it/s]
precompute mfcc:  46%|████▌     | 910/2000 [02:26<02:23,  7.58it/s]
precompute mfcc:  46%|████▌     | 911/2000 [02:26<02:25,  7.48it/s]
precompute mfcc:  46%|████▌     | 912/2000 [02:27<03:26,  5.27it/s]
precompute mfcc:  46%|████▌     | 914/2000 [02:27<03:43,  4.87it/s]
precompute mfcc:  46%|████▌     | 916/2000 [02:27<03:29,  5.17it/s]
precompute mfcc:  46%|████▌     | 920/2000 [02:28<02:31,  7.12it/s]
precompute mfcc:  46%|████▌     | 922/2000 [02:28<02:49,  6.38it/s]
precompute mfcc:  46%|████▌     | 924/2000 [02:29<03:10,  5.66it/s]
precompute mfcc:  46%|████▋     | 925/2000 [02:29<02:58,  6.01it/s]
precompute mfcc:  46%|████▋     | 926/2000 [02:29<03:08,  5.69it/s]
precompute mfcc:  46%|████▋     | 928/2000 [02:29<02:22,  7.52it/s]
precompute mfcc:  46%|████▋     | 930/2000 [02:29<02:31,  7.08it/s]
precompute mfcc:  47%|████▋     | 931/2000 [02:30<02:26,  7.31it/s]
precompute mfcc:  47%|████▋     | 932/2000 [02:30<03:01,  5.88it/s]
precompute mfcc:  47%|████▋     | 933/2000 [02:30<02:59,  5.93it/s]
precompute mfcc:  47%|████▋     | 934/2000 [02:30<03:45,  4.73it/s]
precompute mfcc:  47%|████▋     | 936/2000 [02:31<03:08,  5.64it/s]
precompute mfcc:  47%|████▋     | 938/2000 [02:31<02:34,  6.89it/s]
precompute mfcc:  47%|████▋     | 940/2000 [02:31<02:43,  6.49it/s]
precompute mfcc:  47%|████▋     | 941/2000 [02:31<02:38,  6.68it/s]
precompute mfcc:  47%|████▋     | 942/2000 [02:31<02:52,  6.14it/s]
precompute mfcc:  47%|████▋     | 943/2000 [02:32<02:41,  6.56it/s]
precompute mfcc:  47%|████▋     | 944/2000 [02:32<03:03,  5.75it/s]
precompute mfcc:  47%|████▋     | 945/2000 [02:32<02:59,  5.88it/s]
precompute mfcc:  47%|████▋     | 946/2000 [02:32<03:06,  5.66it/s]
precompute mfcc:  47%|████▋     | 947/2000 [02:32<03:00,  5.83it/s]
precompute mfcc:  47%|████▋     | 949/2000 [02:32<02:08,  8.16it/s]
precompute mfcc:  48%|████▊     | 950/2000 [02:33<02:47,  6.26it/s]
precompute mfcc:  48%|████▊     | 951/2000 [02:33<02:57,  5.92it/s]
precompute mfcc:  48%|████▊     | 952/2000 [02:33<02:46,  6.28it/s]
precompute mfcc:  48%|████▊     | 953/2000 [02:33<03:08,  5.55it/s]
precompute mfcc:  48%|████▊     | 954/2000 [02:34<03:14,  5.38it/s]
precompute mfcc:  48%|████▊     | 956/2000 [02:34<03:02,  5.71it/s]
precompute mfcc:  48%|████▊     | 958/2000 [02:34<02:31,  6.89it/s]
precompute mfcc:  48%|████▊     | 959/2000 [02:34<02:36,  6.66it/s]
precompute mfcc:  48%|████▊     | 961/2000 [02:35<02:38,  6.56it/s]
precompute mfcc:  48%|████▊     | 962/2000 [02:35<02:33,  6.75it/s]
precompute mfcc:  48%|████▊     | 963/2000 [02:35<03:34,  4.83it/s]
precompute mfcc:  48%|████▊     | 965/2000 [02:35<02:45,  6.25it/s]
precompute mfcc:  48%|████▊     | 966/2000 [02:36<03:29,  4.94it/s]
precompute mfcc:  48%|████▊     | 969/2000 [02:36<02:10,  7.89it/s]
precompute mfcc:  49%|████▊     | 971/2000 [02:36<02:27,  6.96it/s]
precompute mfcc:  49%|████▊     | 972/2000 [02:36<02:34,  6.66it/s]
precompute mfcc:  49%|████▊     | 973/2000 [02:37<03:27,  4.96it/s]
precompute mfcc:  49%|████▉     | 975/2000 [02:37<02:49,  6.05it/s]
precompute mfcc:  49%|████▉     | 976/2000 [02:37<03:07,  5.45it/s]
precompute mfcc:  49%|████▉     | 977/2000 [02:37<02:48,  6.06it/s]
precompute mfcc:  49%|████▉     | 980/2000 [02:37<01:57,  8.66it/s]
precompute mfcc:  49%|████▉     | 981/2000 [02:38<02:38,  6.41it/s]
precompute mfcc:  49%|████▉     | 983/2000 [02:38<03:03,  5.53it/s]
precompute mfcc:  49%|████▉     | 984/2000 [02:38<02:54,  5.82it/s]
precompute mfcc:  49%|████▉     | 985/2000 [02:39<02:54,  5.82it/s]
precompute mfcc:  49%|████▉     | 986/2000 [02:39<03:06,  5.45it/s]
precompute mfcc:  49%|████▉     | 988/2000 [02:39<02:19,  7.28it/s]
precompute mfcc:  49%|████▉     | 989/2000 [02:39<02:23,  7.07it/s]
precompute mfcc:  50%|████▉     | 991/2000 [02:39<02:09,  7.80it/s]
precompute mfcc:  50%|████▉     | 993/2000 [02:40<03:23,  4.95it/s]
precompute mfcc:  50%|████▉     | 994/2000 [02:40<03:23,  4.94it/s]
precompute mfcc:  50%|████▉     | 996/2000 [02:40<02:43,  6.15it/s]
precompute mfcc:  50%|████▉     | 997/2000 [02:40<02:43,  6.14it/s]
precompute mfcc:  50%|████▉     | 999/2000 [02:41<02:06,  7.90it/s]
precompute mfcc:  50%|█████     | 1001/2000 [02:41<02:04,  8.04it/s]
precompute mfcc:  50%|█████     | 1002/2000 [02:41<02:13,  7.46it/s]
precompute mfcc:  50%|█████     | 1003/2000 [02:41<03:18,  5.03it/s]
precompute mfcc:  50%|█████     | 1004/2000 [02:42<03:37,  4.58it/s]
precompute mfcc:  50%|█████     | 1006/2000 [02:42<03:11,  5.18it/s]
precompute mfcc:  50%|█████     | 1008/2000 [02:42<02:21,  7.00it/s]
precompute mfcc:  50%|█████     | 1010/2000 [02:42<01:55,  8.56it/s]
precompute mfcc:  51%|█████     | 1012/2000 [02:43<01:59,  8.26it/s]
precompute mfcc:  51%|█████     | 1014/2000 [02:43<03:01,  5.43it/s]
precompute mfcc:  51%|█████     | 1015/2000 [02:43<03:08,  5.23it/s]
precompute mfcc:  51%|█████     | 1016/2000 [02:44<02:58,  5.53it/s]
precompute mfcc:  51%|█████     | 1018/2000 [02:44<02:18,  7.08it/s]
precompute mfcc:  51%|█████     | 1020/2000 [02:44<01:48,  9.00it/s]
precompute mfcc:  51%|█████     | 1022/2000 [02:44<02:21,  6.92it/s]
precompute mfcc:  51%|█████     | 1023/2000 [02:45<03:17,  4.94it/s]
precompute mfcc:  51%|█████▏    | 1025/2000 [02:45<03:29,  4.65it/s]
precompute mfcc:  51%|█████▏    | 1026/2000 [02:45<03:11,  5.09it/s]
precompute mfcc:  51%|█████▏    | 1029/2000 [02:45<02:05,  7.73it/s]
precompute mfcc:  52%|█████▏    | 1031/2000 [02:46<02:22,  6.78it/s]
precompute mfcc:  52%|█████▏    | 1033/2000 [02:46<02:58,  5.41it/s]
precompute mfcc:  52%|█████▏    | 1035/2000 [02:47<03:01,  5.33it/s]
precompute mfcc:  52%|█████▏    | 1038/2000 [02:47<02:22,  6.75it/s]
precompute mfcc:  52%|█████▏    | 1041/2000 [02:47<02:08,  7.46it/s]
precompute mfcc:  52%|█████▏    | 1042/2000 [02:47<02:12,  7.25it/s]
precompute mfcc:  52%|█████▏    | 1043/2000 [02:48<02:52,  5.53it/s]
precompute mfcc:  52%|█████▏    | 1044/2000 [02:48<02:42,  5.90it/s]
precompute mfcc:  52%|█████▏    | 1045/2000 [02:48<03:26,  4.63it/s]
precompute mfcc:  52%|█████▏    | 1047/2000 [02:49<02:36,  6.09it/s]
precompute mfcc:  52%|█████▎    | 1050/2000 [02:49<01:52,  8.45it/s]
precompute mfcc:  53%|█████▎    | 1052/2000 [02:49<02:22,  6.64it/s]
precompute mfcc:  53%|█████▎    | 1053/2000 [02:49<02:47,  5.67it/s]
precompute mfcc:  53%|█████▎    | 1054/2000 [02:50<03:01,  5.21it/s]
precompute mfcc:  53%|█████▎    | 1055/2000 [02:50<02:52,  5.47it/s]
precompute mfcc:  53%|█████▎    | 1056/2000 [02:50<03:01,  5.21it/s]
precompute mfcc:  53%|█████▎    | 1058/2000 [02:50<02:16,  6.91it/s]
precompute mfcc:  53%|█████▎    | 1059/2000 [02:50<02:11,  7.15it/s]
precompute mfcc:  53%|█████▎    | 1061/2000 [02:51<02:12,  7.07it/s]
precompute mfcc:  53%|█████▎    | 1062/2000 [02:51<02:39,  5.88it/s]
precompute mfcc:  53%|█████▎    | 1063/2000 [02:51<02:52,  5.44it/s]
precompute mfcc:  53%|█████▎    | 1064/2000 [02:51<02:52,  5.44it/s]
precompute mfcc:  53%|█████▎    | 1066/2000 [02:52<02:49,  5.50it/s]
precompute mfcc:  53%|█████▎    | 1068/2000 [02:52<02:07,  7.29it/s]
precompute mfcc:  53%|█████▎    | 1069/2000 [02:52<02:16,  6.83it/s]
precompute mfcc:  54%|█████▎    | 1071/2000 [02:52<02:28,  6.27it/s]
precompute mfcc:  54%|█████▎    | 1072/2000 [02:53<02:42,  5.73it/s]
precompute mfcc:  54%|█████▎    | 1073/2000 [02:53<02:39,  5.82it/s]
precompute mfcc:  54%|█████▎    | 1074/2000 [02:53<02:34,  6.01it/s]
precompute mfcc:  54%|█████▍    | 1076/2000 [02:53<02:31,  6.10it/s]
precompute mfcc:  54%|█████▍    | 1077/2000 [02:53<02:22,  6.50it/s]
precompute mfcc:  54%|█████▍    | 1078/2000 [02:54<02:24,  6.36it/s]
precompute mfcc:  54%|█████▍    | 1080/2000 [02:54<01:53,  8.07it/s]
precompute mfcc:  54%|█████▍    | 1081/2000 [02:54<02:25,  6.31it/s]
precompute mfcc:  54%|█████▍    | 1082/2000 [02:54<02:44,  5.59it/s]
precompute mfcc:  54%|█████▍    | 1083/2000 [02:54<02:49,  5.40it/s]
precompute mfcc:  54%|█████▍    | 1085/2000 [02:55<02:11,  6.96it/s]
precompute mfcc:  54%|█████▍    | 1086/2000 [02:55<02:23,  6.38it/s]
precompute mfcc:  54%|█████▍    | 1087/2000 [02:55<02:21,  6.46it/s]
precompute mfcc:  54%|█████▍    | 1088/2000 [02:55<02:26,  6.21it/s]
precompute mfcc:  55%|█████▍    | 1090/2000 [02:55<02:41,  5.62it/s]
precompute mfcc:  55%|█████▍    | 1092/2000 [02:56<02:38,  5.71it/s]
precompute mfcc:  55%|█████▍    | 1093/2000 [02:56<02:36,  5.80it/s]
precompute mfcc:  55%|█████▍    | 1095/2000 [02:56<01:56,  7.78it/s]
precompute mfcc:  55%|█████▍    | 1096/2000 [02:56<02:26,  6.16it/s]
precompute mfcc:  55%|█████▍    | 1098/2000 [02:57<02:06,  7.16it/s]
precompute mfcc:  55%|█████▌    | 1100/2000 [02:57<02:39,  5.64it/s]
precompute mfcc:  55%|█████▌    | 1102/2000 [02:57<02:46,  5.40it/s]
precompute mfcc:  55%|█████▌    | 1104/2000 [02:58<02:13,  6.74it/s]
precompute mfcc:  55%|█████▌    | 1105/2000 [02:58<02:12,  6.74it/s]
precompute mfcc:  55%|█████▌    | 1106/2000 [02:58<02:18,  6.45it/s]
precompute mfcc:  55%|█████▌    | 1107/2000 [02:58<02:18,  6.47it/s]
precompute mfcc:  55%|█████▌    | 1109/2000 [02:58<01:42,  8.73it/s]
precompute mfcc:  56%|█████▌    | 1111/2000 [02:59<02:32,  5.83it/s]
precompute mfcc:  56%|█████▌    | 1112/2000 [02:59<02:51,  5.18it/s]
precompute mfcc:  56%|█████▌    | 1113/2000 [02:59<02:42,  5.47it/s]
precompute mfcc:  56%|█████▌    | 1115/2000 [03:00<02:32,  5.82it/s]
precompute mfcc:  56%|█████▌    | 1117/2000 [03:00<02:05,  7.04it/s]
precompute mfcc:  56%|█████▌    | 1119/2000 [03:00<01:51,  7.91it/s]
precompute mfcc:  56%|█████▌    | 1120/2000 [03:00<02:48,  5.23it/s]
precompute mfcc:  56%|█████▌    | 1121/2000 [03:01<02:45,  5.32it/s]
precompute mfcc:  56%|█████▌    | 1122/2000 [03:01<02:52,  5.09it/s]
precompute mfcc:  56%|█████▌    | 1123/2000 [03:01<02:32,  5.76it/s]
precompute mfcc:  56%|█████▋    | 1125/2000 [03:01<02:12,  6.60it/s]
precompute mfcc:  56%|█████▋    | 1127/2000 [03:01<01:41,  8.57it/s]
precompute mfcc:  56%|█████▋    | 1129/2000 [03:01<01:45,  8.26it/s]
precompute mfcc:  56%|█████▋    | 1130/2000 [03:02<02:38,  5.48it/s]
precompute mfcc:  57%|█████▋    | 1131/2000 [03:02<02:45,  5.25it/s]
precompute mfcc:  57%|█████▋    | 1132/2000 [03:02<02:41,  5.37it/s]
precompute mfcc:  57%|█████▋    | 1133/2000 [03:02<02:46,  5.22it/s]
precompute mfcc:  57%|█████▋    | 1135/2000 [03:03<01:58,  7.30it/s]
precompute mfcc:  57%|█████▋    | 1137/2000 [03:03<01:33,  9.26it/s]
precompute mfcc:  57%|█████▋    | 1139/2000 [03:03<01:45,  8.15it/s]
precompute mfcc:  57%|█████▋    | 1140/2000 [03:03<02:30,  5.71it/s]
precompute mfcc:  57%|█████▋    | 1141/2000 [03:04<03:04,  4.65it/s]
precompute mfcc:  57%|█████▋    | 1143/2000 [03:04<02:49,  5.06it/s]
precompute mfcc:  57%|█████▋    | 1145/2000 [03:04<02:09,  6.60it/s]
precompute mfcc:  57%|█████▋    | 1147/2000 [03:04<01:52,  7.57it/s]
precompute mfcc:  57%|█████▋    | 1149/2000 [03:05<01:34,  9.01it/s]
precompute mfcc:  58%|█████▊    | 1151/2000 [03:05<02:53,  4.90it/s]
precompute mfcc:  58%|█████▊    | 1152/2000 [03:05<02:39,  5.30it/s]
precompute mfcc:  58%|█████▊    | 1153/2000 [03:06<02:41,  5.24it/s]
precompute mfcc:  58%|█████▊    | 1154/2000 [03:06<02:30,  5.64it/s]
precompute mfcc:  58%|█████▊    | 1156/2000 [03:06<01:48,  7.78it/s]
precompute mfcc:  58%|█████▊    | 1158/2000 [03:06<02:01,  6.91it/s]
precompute mfcc:  58%|█████▊    | 1160/2000 [03:07<02:06,  6.63it/s]
precompute mfcc:  58%|█████▊    | 1161/2000 [03:07<02:35,  5.41it/s]
precompute mfcc:  58%|█████▊    | 1162/2000 [03:07<02:42,  5.16it/s]
precompute mfcc:  58%|█████▊    | 1163/2000 [03:07<02:35,  5.40it/s]
precompute mfcc:  58%|█████▊    | 1165/2000 [03:08<02:03,  6.74it/s]
precompute mfcc:  58%|█████▊    | 1166/2000 [03:08<02:00,  6.94it/s]
precompute mfcc:  58%|█████▊    | 1168/2000 [03:08<01:47,  7.76it/s]
precompute mfcc:  58%|█████▊    | 1170/2000 [03:08<01:57,  7.09it/s]
precompute mfcc:  59%|█████▊    | 1171/2000 [03:08<02:27,  5.64it/s]
precompute mfcc:  59%|█████▊    | 1172/2000 [03:09<02:37,  5.25it/s]
precompute mfcc:  59%|█████▊    | 1173/2000 [03:09<02:31,  5.47it/s]
precompute mfcc:  59%|█████▊    | 1174/2000 [03:09<02:22,  5.82it/s]
precompute mfcc:  59%|█████▉    | 1176/2000 [03:09<01:58,  6.96it/s]
precompute mfcc:  59%|█████▉    | 1178/2000 [03:09<01:52,  7.28it/s]
precompute mfcc:  59%|█████▉    | 1179/2000 [03:10<02:17,  5.97it/s]
precompute mfcc:  59%|█████▉    | 1181/2000 [03:10<02:13,  6.13it/s]
precompute mfcc:  59%|█████▉    | 1182/2000 [03:10<02:24,  5.68it/s]
precompute mfcc:  59%|█████▉    | 1183/2000 [03:11<02:36,  5.21it/s]
precompute mfcc:  59%|█████▉    | 1185/2000 [03:11<02:20,  5.80it/s]
precompute mfcc:  59%|█████▉    | 1187/2000 [03:11<02:06,  6.44it/s]
precompute mfcc:  59%|█████▉    | 1189/2000 [03:11<01:53,  7.17it/s]
precompute mfcc:  60%|█████▉    | 1190/2000 [03:11<01:47,  7.52it/s]
precompute mfcc:  60%|█████▉    | 1191/2000 [03:12<02:02,  6.59it/s]
precompute mfcc:  60%|█████▉    | 1192/2000 [03:12<02:26,  5.51it/s]
precompute mfcc:  60%|█████▉    | 1193/2000 [03:12<02:29,  5.40it/s]
precompute mfcc:  60%|█████▉    | 1194/2000 [03:12<02:15,  5.93it/s]
precompute mfcc:  60%|█████▉    | 1195/2000 [03:13<02:43,  4.94it/s]
precompute mfcc:  60%|█████▉    | 1198/2000 [03:13<01:41,  7.89it/s]
precompute mfcc:  60%|██████    | 1200/2000 [03:13<01:52,  7.13it/s]
precompute mfcc:  60%|██████    | 1201/2000 [03:13<01:54,  7.00it/s]
precompute mfcc:  60%|██████    | 1202/2000 [03:14<02:43,  4.88it/s]
precompute mfcc:  60%|██████    | 1204/2000 [03:14<02:25,  5.46it/s]
precompute mfcc:  60%|██████    | 1205/2000 [03:14<02:19,  5.72it/s]
precompute mfcc:  60%|██████    | 1207/2000 [03:14<01:49,  7.22it/s]
precompute mfcc:  60%|██████    | 1209/2000 [03:14<01:35,  8.28it/s]
precompute mfcc:  60%|██████    | 1210/2000 [03:15<01:53,  6.99it/s]
precompute mfcc:  61%|██████    | 1211/2000 [03:15<01:53,  6.94it/s]
precompute mfcc:  61%|██████    | 1212/2000 [03:15<03:07,  4.20it/s]
precompute mfcc:  61%|██████    | 1214/2000 [03:16<02:36,  5.01it/s]
precompute mfcc:  61%|██████    | 1215/2000 [03:16<02:28,  5.30it/s]
precompute mfcc:  61%|██████    | 1218/2000 [03:16<01:39,  7.87it/s]
precompute mfcc:  61%|██████    | 1220/2000 [03:16<01:54,  6.82it/s]
precompute mfcc:  61%|██████    | 1222/2000 [03:17<02:26,  5.32it/s]
precompute mfcc:  61%|██████    | 1224/2000 [03:17<02:25,  5.34it/s]
precompute mfcc:  61%|██████▏   | 1226/2000 [03:17<01:53,  6.80it/s]
precompute mfcc:  61%|██████▏   | 1227/2000 [03:17<01:48,  7.10it/s]
precompute mfcc:  61%|██████▏   | 1229/2000 [03:18<01:43,  7.48it/s]
precompute mfcc:  62%|██████▏   | 1230/2000 [03:18<01:44,  7.38it/s]
precompute mfcc:  62%|██████▏   | 1232/2000 [03:18<02:30,  5.11it/s]
precompute mfcc:  62%|██████▏   | 1233/2000 [03:19<02:21,  5.43it/s]
precompute mfcc:  62%|██████▏   | 1234/2000 [03:19<02:21,  5.42it/s]
precompute mfcc:  62%|██████▏   | 1235/2000 [03:19<02:09,  5.91it/s]
precompute mfcc:  62%|██████▏   | 1237/2000 [03:19<01:44,  7.33it/s]
precompute mfcc:  62%|██████▏   | 1239/2000 [03:19<01:48,  7.02it/s]
precompute mfcc:  62%|██████▏   | 1241/2000 [03:20<01:36,  7.84it/s]
precompute mfcc:  62%|██████▏   | 1242/2000 [03:20<02:27,  5.14it/s]
precompute mfcc:  62%|██████▏   | 1243/2000 [03:20<02:41,  4.70it/s]
precompute mfcc:  62%|██████▏   | 1244/2000 [03:20<02:27,  5.14it/s]
precompute mfcc:  62%|██████▏   | 1247/2000 [03:21<01:35,  7.87it/s]
precompute mfcc:  62%|██████▏   | 1248/2000 [03:21<01:38,  7.63it/s]
precompute mfcc:  62%|██████▏   | 1249/2000 [03:21<01:47,  7.02it/s]
precompute mfcc:  63%|██████▎   | 1252/2000 [03:22<02:23,  5.22it/s]
precompute mfcc:  63%|██████▎   | 1253/2000 [03:22<02:24,  5.16it/s]
precompute mfcc:  63%|██████▎   | 1254/2000 [03:22<02:15,  5.52it/s]
precompute mfcc:  63%|██████▎   | 1258/2000 [03:23<01:47,  6.92it/s]
precompute mfcc:  63%|██████▎   | 1260/2000 [03:23<01:29,  8.31it/s]
precompute mfcc:  63%|██████▎   | 1262/2000 [03:23<02:13,  5.54it/s]
precompute mfcc:  63%|██████▎   | 1263/2000 [03:24<02:23,  5.13it/s]
precompute mfcc:  63%|██████▎   | 1265/2000 [03:24<01:52,  6.53it/s]
precompute mfcc:  63%|██████▎   | 1267/2000 [03:24<01:35,  7.68it/s]
precompute mfcc:  63%|██████▎   | 1269/2000 [03:24<01:35,  7.69it/s]
precompute mfcc:  64%|██████▎   | 1271/2000 [03:24<01:22,  8.80it/s]
precompute mfcc:  64%|██████▎   | 1273/2000 [03:25<02:40,  4.52it/s]
precompute mfcc:  64%|██████▍   | 1276/2000 [03:25<01:48,  6.66it/s]
precompute mfcc:  64%|██████▍   | 1278/2000 [03:26<01:46,  6.77it/s]
precompute mfcc:  64%|██████▍   | 1280/2000 [03:26<01:39,  7.20it/s]
precompute mfcc:  64%|██████▍   | 1282/2000 [03:27<02:24,  4.96it/s]
precompute mfcc:  64%|██████▍   | 1283/2000 [03:27<02:24,  4.95it/s]
precompute mfcc:  64%|██████▍   | 1284/2000 [03:27<02:18,  5.16it/s]
precompute mfcc:  64%|██████▍   | 1286/2000 [03:27<01:43,  6.89it/s]
precompute mfcc:  64%|██████▍   | 1288/2000 [03:27<01:36,  7.35it/s]
precompute mfcc:  64%|██████▍   | 1290/2000 [03:27<01:31,  7.77it/s]
precompute mfcc:  65%|██████▍   | 1291/2000 [03:28<01:28,  8.01it/s]
precompute mfcc:  65%|██████▍   | 1292/2000 [03:28<02:26,  4.85it/s]
precompute mfcc:  65%|██████▍   | 1293/2000 [03:28<02:32,  4.63it/s]
precompute mfcc:  65%|██████▍   | 1294/2000 [03:29<02:21,  4.97it/s]
precompute mfcc:  65%|██████▍   | 1296/2000 [03:29<01:47,  6.58it/s]
precompute mfcc:  65%|██████▍   | 1297/2000 [03:29<01:57,  5.99it/s]
precompute mfcc:  65%|██████▍   | 1299/2000 [03:29<01:31,  7.63it/s]
precompute mfcc:  65%|██████▌   | 1301/2000 [03:29<01:30,  7.72it/s]
precompute mfcc:  65%|██████▌   | 1302/2000 [03:30<02:33,  4.54it/s]
precompute mfcc:  65%|██████▌   | 1303/2000 [03:30<02:37,  4.43it/s]
precompute mfcc:  65%|██████▌   | 1306/2000 [03:30<01:32,  7.54it/s]
precompute mfcc:  65%|██████▌   | 1308/2000 [03:31<01:36,  7.21it/s]
precompute mfcc:  66%|██████▌   | 1310/2000 [03:31<01:23,  8.29it/s]
precompute mfcc:  66%|██████▌   | 1312/2000 [03:31<02:17,  5.00it/s]
precompute mfcc:  66%|██████▌   | 1313/2000 [03:32<02:05,  5.47it/s]
precompute mfcc:  66%|██████▌   | 1315/2000 [03:32<01:45,  6.51it/s]
precompute mfcc:  66%|██████▌   | 1316/2000 [03:32<01:44,  6.51it/s]
precompute mfcc:  66%|██████▌   | 1317/2000 [03:32<01:43,  6.57it/s]
precompute mfcc:  66%|██████▌   | 1319/2000 [03:32<01:36,  7.07it/s]
precompute mfcc:  66%|██████▌   | 1321/2000 [03:32<01:25,  7.94it/s]
precompute mfcc:  66%|██████▌   | 1322/2000 [03:33<02:23,  4.73it/s]
precompute mfcc:  66%|██████▌   | 1324/2000 [03:33<01:48,  6.26it/s]
precompute mfcc:  66%|██████▋   | 1326/2000 [03:34<01:52,  6.01it/s]
precompute mfcc:  66%|██████▋   | 1327/2000 [03:34<01:44,  6.45it/s]
precompute mfcc:  66%|██████▋   | 1328/2000 [03:34<01:53,  5.91it/s]
precompute mfcc:  66%|██████▋   | 1330/2000 [03:34<01:31,  7.34it/s]
precompute mfcc:  67%|██████▋   | 1332/2000 [03:35<02:10,  5.10it/s]
precompute mfcc:  67%|██████▋   | 1334/2000 [03:35<01:46,  6.26it/s]
precompute mfcc:  67%|██████▋   | 1335/2000 [03:35<01:46,  6.24it/s]
precompute mfcc:  67%|██████▋   | 1336/2000 [03:35<01:48,  6.10it/s]
precompute mfcc:  67%|██████▋   | 1338/2000 [03:35<01:35,  6.94it/s]
precompute mfcc:  67%|██████▋   | 1340/2000 [03:36<01:37,  6.76it/s]
precompute mfcc:  67%|██████▋   | 1342/2000 [03:36<02:05,  5.24it/s]
precompute mfcc:  67%|██████▋   | 1343/2000 [03:36<01:55,  5.68it/s]
precompute mfcc:  67%|██████▋   | 1344/2000 [03:37<01:57,  5.60it/s]
precompute mfcc:  67%|██████▋   | 1346/2000 [03:37<01:27,  7.45it/s]
precompute mfcc:  67%|██████▋   | 1348/2000 [03:37<01:29,  7.31it/s]
precompute mfcc:  68%|██████▊   | 1350/2000 [03:37<01:36,  6.72it/s]
precompute mfcc:  68%|██████▊   | 1352/2000 [03:38<02:11,  4.91it/s]
precompute mfcc:  68%|██████▊   | 1354/2000 [03:38<01:48,  5.96it/s]
precompute mfcc:  68%|██████▊   | 1356/2000 [03:38<01:24,  7.61it/s]
precompute mfcc:  68%|██████▊   | 1358/2000 [03:38<01:25,  7.53it/s]
precompute mfcc:  68%|██████▊   | 1360/2000 [03:39<01:30,  7.09it/s]
precompute mfcc:  68%|██████▊   | 1361/2000 [03:39<01:32,  6.91it/s]
precompute mfcc:  68%|██████▊   | 1362/2000 [03:40<02:33,  4.16it/s]
precompute mfcc:  68%|██████▊   | 1363/2000 [03:40<02:13,  4.77it/s]
precompute mfcc:  68%|██████▊   | 1365/2000 [03:40<01:38,  6.45it/s]
precompute mfcc:  68%|██████▊   | 1367/2000 [03:40<01:19,  7.92it/s]
precompute mfcc:  68%|██████▊   | 1369/2000 [03:40<01:25,  7.34it/s]
precompute mfcc:  68%|██████▊   | 1370/2000 [03:40<01:21,  7.72it/s]
precompute mfcc:  69%|██████▊   | 1371/2000 [03:41<01:24,  7.48it/s]
precompute mfcc:  69%|██████▊   | 1372/2000 [03:41<02:34,  4.06it/s]
precompute mfcc:  69%|██████▊   | 1373/2000 [03:41<02:16,  4.60it/s]
precompute mfcc:  69%|██████▊   | 1374/2000 [03:41<01:57,  5.34it/s]
precompute mfcc:  69%|██████▉   | 1376/2000 [03:42<01:21,  7.62it/s]
precompute mfcc:  69%|██████▉   | 1378/2000 [03:42<01:05,  9.55it/s]
precompute mfcc:  69%|██████▉   | 1380/2000 [03:42<01:28,  7.04it/s]
precompute mfcc:  69%|██████▉   | 1382/2000 [03:43<02:04,  4.97it/s]
precompute mfcc:  69%|██████▉   | 1383/2000 [03:43<02:07,  4.85it/s]
precompute mfcc:  69%|██████▉   | 1384/2000 [03:43<01:53,  5.42it/s]
precompute mfcc:  69%|██████▉   | 1387/2000 [03:43<01:22,  7.42it/s]
precompute mfcc:  69%|██████▉   | 1389/2000 [03:43<01:12,  8.37it/s]
precompute mfcc:  70%|██████▉   | 1391/2000 [03:44<01:23,  7.27it/s]
precompute mfcc:  70%|██████▉   | 1392/2000 [03:44<02:08,  4.74it/s]
precompute mfcc:  70%|██████▉   | 1393/2000 [03:45<02:10,  4.66it/s]
precompute mfcc:  70%|██████▉   | 1395/2000 [03:45<01:38,  6.12it/s]
precompute mfcc:  70%|██████▉   | 1397/2000 [03:45<01:20,  7.48it/s]
precompute mfcc:  70%|██████▉   | 1398/2000 [03:45<01:18,  7.67it/s]
precompute mfcc:  70%|███████   | 1400/2000 [03:45<01:08,  8.77it/s]
precompute mfcc:  70%|███████   | 1401/2000 [03:45<01:28,  6.76it/s]
precompute mfcc:  70%|███████   | 1402/2000 [03:46<02:23,  4.17it/s]
precompute mfcc:  70%|███████   | 1403/2000 [03:46<02:22,  4.20it/s]
precompute mfcc:  70%|███████   | 1405/2000 [03:46<01:37,  6.10it/s]
precompute mfcc:  70%|███████   | 1406/2000 [03:46<01:32,  6.45it/s]
precompute mfcc:  70%|███████   | 1409/2000 [03:47<00:58, 10.16it/s]
precompute mfcc:  71%|███████   | 1411/2000 [03:47<01:30,  6.51it/s]
precompute mfcc:  71%|███████   | 1413/2000 [03:48<02:06,  4.63it/s]
precompute mfcc:  71%|███████   | 1415/2000 [03:48<01:47,  5.44it/s]
precompute mfcc:  71%|███████   | 1418/2000 [03:48<01:30,  6.46it/s]
precompute mfcc:  71%|███████   | 1420/2000 [03:48<01:13,  7.86it/s]
precompute mfcc:  71%|███████   | 1422/2000 [03:49<02:14,  4.30it/s]
precompute mfcc:  71%|███████▏  | 1425/2000 [03:50<01:34,  6.10it/s]
precompute mfcc:  71%|███████▏  | 1427/2000 [03:50<01:20,  7.16it/s]
precompute mfcc:  71%|███████▏  | 1429/2000 [03:50<01:18,  7.30it/s]
precompute mfcc:  72%|███████▏  | 1431/2000 [03:50<01:25,  6.63it/s]
precompute mfcc:  72%|███████▏  | 1432/2000 [03:51<02:02,  4.65it/s]
precompute mfcc:  72%|███████▏  | 1433/2000 [03:51<01:55,  4.91it/s]
precompute mfcc:  72%|███████▏  | 1436/2000 [03:51<01:20,  7.04it/s]
precompute mfcc:  72%|███████▏  | 1438/2000 [03:51<01:09,  8.08it/s]
precompute mfcc:  72%|███████▏  | 1440/2000 [03:52<01:16,  7.36it/s]
precompute mfcc:  72%|███████▏  | 1441/2000 [03:52<01:15,  7.38it/s]
precompute mfcc:  72%|███████▏  | 1442/2000 [03:53<02:13,  4.17it/s]
precompute mfcc:  72%|███████▏  | 1445/2000 [03:53<01:25,  6.47it/s]
precompute mfcc:  72%|███████▏  | 1446/2000 [03:53<01:28,  6.25it/s]
precompute mfcc:  72%|███████▏  | 1448/2000 [03:53<01:16,  7.19it/s]
precompute mfcc:  72%|███████▏  | 1449/2000 [03:53<01:21,  6.74it/s]
precompute mfcc:  72%|███████▎  | 1450/2000 [03:53<01:24,  6.54it/s]
precompute mfcc:  73%|███████▎  | 1452/2000 [03:54<01:53,  4.84it/s]
precompute mfcc:  73%|███████▎  | 1453/2000 [03:54<01:49,  5.00it/s]
precompute mfcc:  73%|███████▎  | 1455/2000 [03:54<01:19,  6.85it/s]
precompute mfcc:  73%|███████▎  | 1457/2000 [03:55<01:19,  6.86it/s]
precompute mfcc:  73%|███████▎  | 1458/2000 [03:55<01:26,  6.27it/s]
precompute mfcc:  73%|███████▎  | 1460/2000 [03:55<01:22,  6.58it/s]
precompute mfcc:  73%|███████▎  | 1462/2000 [03:56<01:47,  5.02it/s]
precompute mfcc:  73%|███████▎  | 1463/2000 [03:56<01:45,  5.10it/s]
precompute mfcc:  73%|███████▎  | 1466/2000 [03:56<01:13,  7.30it/s]
precompute mfcc:  73%|███████▎  | 1467/2000 [03:56<01:18,  6.80it/s]
precompute mfcc:  73%|███████▎  | 1469/2000 [03:57<01:10,  7.49it/s]
precompute mfcc:  74%|███████▎  | 1470/2000 [03:57<01:20,  6.61it/s]
precompute mfcc:  74%|███████▎  | 1471/2000 [03:57<01:35,  5.53it/s]
precompute mfcc:  74%|███████▎  | 1472/2000 [03:57<01:47,  4.93it/s]
precompute mfcc:  74%|███████▎  | 1474/2000 [03:57<01:19,  6.63it/s]
precompute mfcc:  74%|███████▍  | 1476/2000 [03:58<01:18,  6.65it/s]
precompute mfcc:  74%|███████▍  | 1477/2000 [03:58<01:24,  6.20it/s]
precompute mfcc:  74%|███████▍  | 1479/2000 [03:58<01:16,  6.77it/s]
precompute mfcc:  74%|███████▍  | 1480/2000 [03:58<01:19,  6.55it/s]
precompute mfcc:  74%|███████▍  | 1481/2000 [03:59<01:27,  5.95it/s]
precompute mfcc:  74%|███████▍  | 1482/2000 [03:59<01:50,  4.70it/s]
precompute mfcc:  74%|███████▍  | 1484/2000 [03:59<01:24,  6.12it/s]
precompute mfcc:  74%|███████▍  | 1486/2000 [03:59<01:06,  7.76it/s]
precompute mfcc:  74%|███████▍  | 1487/2000 [04:00<01:20,  6.38it/s]
precompute mfcc:  74%|███████▍  | 1488/2000 [04:00<01:16,  6.65it/s]
precompute mfcc:  74%|███████▍  | 1489/2000 [04:00<01:18,  6.47it/s]
precompute mfcc:  74%|███████▍  | 1490/2000 [04:00<01:24,  6.07it/s]
precompute mfcc:  75%|███████▍  | 1491/2000 [04:00<01:27,  5.82it/s]
precompute mfcc:  75%|███████▍  | 1492/2000 [04:01<01:46,  4.77it/s]
precompute mfcc:  75%|███████▍  | 1495/2000 [04:01<01:17,  6.49it/s]
precompute mfcc:  75%|███████▍  | 1497/2000 [04:01<01:06,  7.57it/s]
precompute mfcc:  75%|███████▍  | 1498/2000 [04:01<01:18,  6.43it/s]
precompute mfcc:  75%|███████▍  | 1499/2000 [04:01<01:20,  6.21it/s]
precompute mfcc:  75%|███████▌  | 1500/2000 [04:02<01:19,  6.31it/s]
precompute mfcc:  75%|███████▌  | 1501/2000 [04:02<01:23,  5.97it/s]
precompute mfcc:  75%|███████▌  | 1502/2000 [04:02<01:24,  5.89it/s]
precompute mfcc:  75%|███████▌  | 1503/2000 [04:02<01:26,  5.73it/s]
precompute mfcc:  75%|███████▌  | 1504/2000 [04:02<01:17,  6.41it/s]
precompute mfcc:  75%|███████▌  | 1505/2000 [04:02<01:22,  6.01it/s]
precompute mfcc:  75%|███████▌  | 1507/2000 [04:03<00:59,  8.27it/s]
precompute mfcc:  75%|███████▌  | 1508/2000 [04:03<01:37,  5.03it/s]
precompute mfcc:  76%|███████▌  | 1510/2000 [04:03<01:28,  5.56it/s]
precompute mfcc:  76%|███████▌  | 1512/2000 [04:04<01:14,  6.51it/s]
precompute mfcc:  76%|███████▌  | 1513/2000 [04:04<01:23,  5.85it/s]
precompute mfcc:  76%|███████▌  | 1514/2000 [04:04<01:18,  6.17it/s]
precompute mfcc:  76%|███████▌  | 1515/2000 [04:04<01:18,  6.21it/s]
precompute mfcc:  76%|███████▌  | 1518/2000 [04:05<01:25,  5.61it/s]
precompute mfcc:  76%|███████▌  | 1520/2000 [04:05<01:15,  6.32it/s]
precompute mfcc:  76%|███████▌  | 1521/2000 [04:05<01:12,  6.59it/s]
precompute mfcc:  76%|███████▌  | 1523/2000 [04:05<01:21,  5.88it/s]
precompute mfcc:  76%|███████▋  | 1525/2000 [04:06<01:08,  6.95it/s]
precompute mfcc:  76%|███████▋  | 1528/2000 [04:06<01:18,  6.04it/s]
precompute mfcc:  76%|███████▋  | 1529/2000 [04:06<01:14,  6.32it/s]
precompute mfcc:  76%|███████▋  | 1530/2000 [04:07<01:28,  5.32it/s]
precompute mfcc:  77%|███████▋  | 1532/2000 [04:07<01:07,  6.89it/s]
precompute mfcc:  77%|███████▋  | 1533/2000 [04:07<01:17,  5.99it/s]
precompute mfcc:  77%|███████▋  | 1535/2000 [04:07<01:03,  7.34it/s]
precompute mfcc:  77%|███████▋  | 1536/2000 [04:07<01:01,  7.60it/s]
precompute mfcc:  77%|███████▋  | 1538/2000 [04:08<01:12,  6.40it/s]
precompute mfcc:  77%|███████▋  | 1539/2000 [04:08<01:17,  5.93it/s]
precompute mfcc:  77%|███████▋  | 1540/2000 [04:08<01:21,  5.65it/s]
precompute mfcc:  77%|███████▋  | 1541/2000 [04:08<01:17,  5.89it/s]
precompute mfcc:  77%|███████▋  | 1542/2000 [04:09<01:27,  5.26it/s]
precompute mfcc:  77%|███████▋  | 1544/2000 [04:09<01:11,  6.39it/s]
precompute mfcc:  77%|███████▋  | 1547/2000 [04:09<00:48,  9.27it/s]
precompute mfcc:  77%|███████▋  | 1549/2000 [04:10<01:22,  5.50it/s]
precompute mfcc:  78%|███████▊  | 1550/2000 [04:10<01:22,  5.44it/s]
precompute mfcc:  78%|███████▊  | 1551/2000 [04:10<01:16,  5.90it/s]
precompute mfcc:  78%|███████▊  | 1552/2000 [04:10<01:09,  6.47it/s]
precompute mfcc:  78%|███████▊  | 1553/2000 [04:10<01:08,  6.54it/s]
precompute mfcc:  78%|███████▊  | 1554/2000 [04:10<01:06,  6.68it/s]
precompute mfcc:  78%|███████▊  | 1555/2000 [04:10<01:01,  7.22it/s]
precompute mfcc:  78%|███████▊  | 1557/2000 [04:11<00:48,  9.21it/s]
precompute mfcc:  78%|███████▊  | 1558/2000 [04:11<01:23,  5.31it/s]
precompute mfcc:  78%|███████▊  | 1559/2000 [04:11<01:43,  4.26it/s]
precompute mfcc:  78%|███████▊  | 1561/2000 [04:11<01:10,  6.24it/s]
precompute mfcc:  78%|███████▊  | 1562/2000 [04:12<01:12,  6.06it/s]
precompute mfcc:  78%|███████▊  | 1564/2000 [04:12<01:07,  6.42it/s]
precompute mfcc:  78%|███████▊  | 1566/2000 [04:12<00:52,  8.25it/s]
precompute mfcc:  78%|███████▊  | 1568/2000 [04:13<01:15,  5.72it/s]
precompute mfcc:  78%|███████▊  | 1569/2000 [04:13<01:27,  4.95it/s]
precompute mfcc:  79%|███████▊  | 1571/2000 [04:13<01:08,  6.31it/s]
precompute mfcc:  79%|███████▊  | 1572/2000 [04:13<01:03,  6.78it/s]
precompute mfcc:  79%|███████▊  | 1574/2000 [04:13<00:59,  7.20it/s]
precompute mfcc:  79%|███████▉  | 1575/2000 [04:14<00:59,  7.15it/s]
precompute mfcc:  79%|███████▉  | 1577/2000 [04:14<00:55,  7.58it/s]
precompute mfcc:  79%|███████▉  | 1578/2000 [04:14<01:26,  4.91it/s]
precompute mfcc:  79%|███████▉  | 1579/2000 [04:15<01:25,  4.92it/s]
precompute mfcc:  79%|███████▉  | 1580/2000 [04:15<01:22,  5.11it/s]
precompute mfcc:  79%|███████▉  | 1582/2000 [04:15<01:02,  6.70it/s]
precompute mfcc:  79%|███████▉  | 1584/2000 [04:15<01:03,  6.57it/s]
precompute mfcc:  79%|███████▉  | 1587/2000 [04:15<00:48,  8.44it/s]
precompute mfcc:  79%|███████▉  | 1588/2000 [04:16<01:16,  5.36it/s]
precompute mfcc:  79%|███████▉  | 1589/2000 [04:16<01:18,  5.27it/s]
precompute mfcc:  80%|███████▉  | 1590/2000 [04:16<01:12,  5.64it/s]
precompute mfcc:  80%|███████▉  | 1592/2000 [04:16<01:00,  6.79it/s]
precompute mfcc:  80%|███████▉  | 1594/2000 [04:17<00:51,  7.85it/s]
precompute mfcc:  80%|███████▉  | 1596/2000 [04:17<00:47,  8.46it/s]
precompute mfcc:  80%|███████▉  | 1597/2000 [04:17<00:52,  7.72it/s]
precompute mfcc:  80%|███████▉  | 1598/2000 [04:17<01:20,  4.97it/s]
precompute mfcc:  80%|███████▉  | 1599/2000 [04:18<01:32,  4.33it/s]
precompute mfcc:  80%|████████  | 1601/2000 [04:18<01:06,  6.01it/s]
precompute mfcc:  80%|████████  | 1602/2000 [04:18<01:04,  6.20it/s]
precompute mfcc:  80%|████████  | 1604/2000 [04:18<00:49,  7.98it/s]
precompute mfcc:  80%|████████  | 1606/2000 [04:18<00:47,  8.22it/s]
precompute mfcc:  80%|████████  | 1607/2000 [04:19<00:47,  8.19it/s]
precompute mfcc:  80%|████████  | 1608/2000 [04:19<01:12,  5.39it/s]
precompute mfcc:  80%|████████  | 1609/2000 [04:19<01:26,  4.53it/s]
precompute mfcc:  81%|████████  | 1611/2000 [04:20<01:23,  4.63it/s]
precompute mfcc:  81%|████████  | 1614/2000 [04:20<00:50,  7.62it/s]
precompute mfcc:  81%|████████  | 1616/2000 [04:20<00:53,  7.20it/s]
precompute mfcc:  81%|████████  | 1618/2000 [04:21<00:59,  6.38it/s]
precompute mfcc:  81%|████████  | 1619/2000 [04:21<01:14,  5.10it/s]
precompute mfcc:  81%|████████  | 1621/2000 [04:21<01:12,  5.24it/s]
precompute mfcc:  81%|████████  | 1624/2000 [04:21<00:53,  7.01it/s]
precompute mfcc:  81%|████████▏ | 1625/2000 [04:22<00:51,  7.25it/s]
precompute mfcc:  81%|████████▏ | 1627/2000 [04:22<00:45,  8.12it/s]
precompute mfcc:  81%|████████▏ | 1628/2000 [04:22<00:55,  6.68it/s]
precompute mfcc:  81%|████████▏ | 1629/2000 [04:22<01:12,  5.11it/s]
precompute mfcc:  82%|████████▏ | 1630/2000 [04:23<01:17,  4.77it/s]
precompute mfcc:  82%|████████▏ | 1631/2000 [04:23<01:07,  5.47it/s]
precompute mfcc:  82%|████████▏ | 1633/2000 [04:23<00:58,  6.27it/s]
precompute mfcc:  82%|████████▏ | 1636/2000 [04:23<00:47,  7.71it/s]
precompute mfcc:  82%|████████▏ | 1637/2000 [04:24<00:50,  7.12it/s]
precompute mfcc:  82%|████████▏ | 1639/2000 [04:24<00:55,  6.53it/s]
precompute mfcc:  82%|████████▏ | 1640/2000 [04:24<01:13,  4.92it/s]
precompute mfcc:  82%|████████▏ | 1642/2000 [04:24<00:54,  6.54it/s]
precompute mfcc:  82%|████████▏ | 1643/2000 [04:25<00:52,  6.85it/s]
precompute mfcc:  82%|████████▏ | 1644/2000 [04:25<00:51,  6.86it/s]
precompute mfcc:  82%|████████▏ | 1645/2000 [04:25<00:53,  6.67it/s]
precompute mfcc:  82%|████████▏ | 1647/2000 [04:25<00:57,  6.13it/s]
precompute mfcc:  82%|████████▏ | 1648/2000 [04:25<00:54,  6.41it/s]
precompute mfcc:  82%|████████▎ | 1650/2000 [04:26<01:15,  4.62it/s]
precompute mfcc:  83%|████████▎ | 1652/2000 [04:26<00:55,  6.30it/s]
precompute mfcc:  83%|████████▎ | 1653/2000 [04:26<00:57,  6.00it/s]
precompute mfcc:  83%|████████▎ | 1654/2000 [04:26<00:54,  6.34it/s]
precompute mfcc:  83%|████████▎ | 1656/2000 [04:27<00:41,  8.23it/s]
precompute mfcc:  83%|████████▎ | 1658/2000 [04:27<00:55,  6.18it/s]
precompute mfcc:  83%|████████▎ | 1660/2000 [04:28<01:07,  5.05it/s]
precompute mfcc:  83%|████████▎ | 1661/2000 [04:28<01:00,  5.59it/s]
precompute mfcc:  83%|████████▎ | 1663/2000 [04:28<00:56,  5.96it/s]
precompute mfcc:  83%|████████▎ | 1664/2000 [04:28<00:54,  6.16it/s]
precompute mfcc:  83%|████████▎ | 1667/2000 [04:28<00:48,  6.91it/s]
precompute mfcc:  83%|████████▎ | 1668/2000 [04:29<00:47,  6.94it/s]
precompute mfcc:  84%|████████▎ | 1670/2000 [04:29<01:05,  5.01it/s]
precompute mfcc:  84%|████████▎ | 1672/2000 [04:29<00:49,  6.57it/s]
precompute mfcc:  84%|████████▎ | 1673/2000 [04:30<00:56,  5.82it/s]
precompute mfcc:  84%|████████▍ | 1675/2000 [04:30<00:52,  6.25it/s]
precompute mfcc:  84%|████████▍ | 1677/2000 [04:30<00:49,  6.52it/s]
precompute mfcc:  84%|████████▍ | 1679/2000 [04:30<00:43,  7.45it/s]
precompute mfcc:  84%|████████▍ | 1680/2000 [04:31<01:04,  4.98it/s]
precompute mfcc:  84%|████████▍ | 1683/2000 [04:31<00:58,  5.44it/s]
precompute mfcc:  84%|████████▍ | 1685/2000 [04:31<00:47,  6.65it/s]
precompute mfcc:  84%|████████▍ | 1686/2000 [04:32<00:54,  5.78it/s]
precompute mfcc:  84%|████████▍ | 1689/2000 [04:32<00:39,  7.85it/s]
precompute mfcc:  84%|████████▍ | 1690/2000 [04:32<00:56,  5.47it/s]
precompute mfcc:  85%|████████▍ | 1691/2000 [04:33<00:56,  5.45it/s]
precompute mfcc:  85%|████████▍ | 1692/2000 [04:33<00:56,  5.42it/s]
precompute mfcc:  85%|████████▍ | 1694/2000 [04:33<00:49,  6.23it/s]
precompute mfcc:  85%|████████▍ | 1695/2000 [04:33<00:48,  6.34it/s]
precompute mfcc:  85%|████████▍ | 1696/2000 [04:33<00:44,  6.81it/s]
precompute mfcc:  85%|████████▍ | 1698/2000 [04:33<00:39,  7.70it/s]
precompute mfcc:  85%|████████▍ | 1699/2000 [04:34<00:37,  7.94it/s]
precompute mfcc:  85%|████████▌ | 1700/2000 [04:34<01:06,  4.48it/s]
precompute mfcc:  85%|████████▌ | 1702/2000 [04:35<01:05,  4.52it/s]
precompute mfcc:  85%|████████▌ | 1705/2000 [04:35<00:46,  6.40it/s]
precompute mfcc:  85%|████████▌ | 1706/2000 [04:35<00:45,  6.52it/s]
precompute mfcc:  85%|████████▌ | 1708/2000 [04:35<00:42,  6.85it/s]
precompute mfcc:  85%|████████▌ | 1709/2000 [04:35<00:43,  6.69it/s]
precompute mfcc:  86%|████████▌ | 1710/2000 [04:36<00:51,  5.62it/s]
precompute mfcc:  86%|████████▌ | 1711/2000 [04:36<01:00,  4.76it/s]
precompute mfcc:  86%|████████▌ | 1713/2000 [04:36<00:44,  6.42it/s]
precompute mfcc:  86%|████████▌ | 1714/2000 [04:36<00:41,  6.89it/s]
precompute mfcc:  86%|████████▌ | 1715/2000 [04:36<00:42,  6.67it/s]
precompute mfcc:  86%|████████▌ | 1716/2000 [04:37<00:54,  5.17it/s]
precompute mfcc:  86%|████████▌ | 1718/2000 [04:37<00:39,  7.21it/s]
precompute mfcc:  86%|████████▌ | 1719/2000 [04:37<00:43,  6.51it/s]
precompute mfcc:  86%|████████▌ | 1720/2000 [04:37<00:47,  5.93it/s]
precompute mfcc:  86%|████████▌ | 1721/2000 [04:38<01:02,  4.48it/s]
precompute mfcc:  86%|████████▌ | 1723/2000 [04:38<00:46,  5.96it/s]
precompute mfcc:  86%|████████▋ | 1725/2000 [04:38<00:39,  6.94it/s]
precompute mfcc:  86%|████████▋ | 1726/2000 [04:38<00:45,  5.99it/s]
precompute mfcc:  86%|████████▋ | 1729/2000 [04:39<00:44,  6.10it/s]
precompute mfcc:  86%|████████▋ | 1730/2000 [04:39<00:42,  6.37it/s]
precompute mfcc:  87%|████████▋ | 1731/2000 [04:39<00:52,  5.10it/s]
precompute mfcc:  87%|████████▋ | 1733/2000 [04:39<00:43,  6.16it/s]
precompute mfcc:  87%|████████▋ | 1735/2000 [04:40<00:42,  6.21it/s]
precompute mfcc:  87%|████████▋ | 1736/2000 [04:40<00:43,  6.13it/s]
precompute mfcc:  87%|████████▋ | 1738/2000 [04:40<00:33,  7.88it/s]
precompute mfcc:  87%|████████▋ | 1739/2000 [04:40<00:40,  6.51it/s]
precompute mfcc:  87%|████████▋ | 1740/2000 [04:41<00:45,  5.76it/s]
precompute mfcc:  87%|████████▋ | 1741/2000 [04:41<00:49,  5.19it/s]
precompute mfcc:  87%|████████▋ | 1742/2000 [04:41<00:53,  4.82it/s]
precompute mfcc:  87%|████████▋ | 1745/2000 [04:41<00:39,  6.47it/s]
precompute mfcc:  87%|████████▋ | 1746/2000 [04:42<00:40,  6.32it/s]
precompute mfcc:  87%|████████▋ | 1748/2000 [04:42<00:29,  8.41it/s]
precompute mfcc:  88%|████████▊ | 1750/2000 [04:42<00:41,  6.03it/s]
precompute mfcc:  88%|████████▊ | 1751/2000 [04:42<00:46,  5.31it/s]
precompute mfcc:  88%|████████▊ | 1752/2000 [04:43<00:42,  5.80it/s]
precompute mfcc:  88%|████████▊ | 1753/2000 [04:43<00:39,  6.18it/s]
precompute mfcc:  88%|████████▊ | 1755/2000 [04:43<00:34,  7.02it/s]
precompute mfcc:  88%|████████▊ | 1756/2000 [04:43<00:46,  5.30it/s]
precompute mfcc:  88%|████████▊ | 1759/2000 [04:44<00:40,  6.00it/s]
precompute mfcc:  88%|████████▊ | 1760/2000 [04:44<00:39,  6.13it/s]
precompute mfcc:  88%|████████▊ | 1761/2000 [04:44<00:40,  5.87it/s]
precompute mfcc:  88%|████████▊ | 1762/2000 [04:44<00:40,  5.91it/s]
precompute mfcc:  88%|████████▊ | 1764/2000 [04:44<00:36,  6.41it/s]
precompute mfcc:  88%|████████▊ | 1765/2000 [04:45<00:40,  5.78it/s]
precompute mfcc:  88%|████████▊ | 1766/2000 [04:45<00:39,  5.92it/s]
precompute mfcc:  88%|████████▊ | 1767/2000 [04:45<00:39,  5.97it/s]
precompute mfcc:  88%|████████▊ | 1769/2000 [04:45<00:37,  6.24it/s]
precompute mfcc:  89%|████████▊ | 1771/2000 [04:46<00:40,  5.71it/s]
precompute mfcc:  89%|████████▊ | 1773/2000 [04:46<00:32,  6.97it/s]
precompute mfcc:  89%|████████▊ | 1774/2000 [04:46<00:39,  5.70it/s]
precompute mfcc:  89%|████████▉ | 1775/2000 [04:46<00:41,  5.39it/s]
precompute mfcc:  89%|████████▉ | 1777/2000 [04:47<00:34,  6.38it/s]
precompute mfcc:  89%|████████▉ | 1778/2000 [04:47<00:36,  6.08it/s]
precompute mfcc:  89%|████████▉ | 1780/2000 [04:47<00:31,  7.01it/s]
precompute mfcc:  89%|████████▉ | 1781/2000 [04:47<00:36,  6.03it/s]
precompute mfcc:  89%|████████▉ | 1782/2000 [04:47<00:34,  6.40it/s]
precompute mfcc:  89%|████████▉ | 1783/2000 [04:47<00:31,  6.89it/s]
precompute mfcc:  89%|████████▉ | 1784/2000 [04:48<00:39,  5.48it/s]
precompute mfcc:  89%|████████▉ | 1785/2000 [04:48<00:40,  5.32it/s]
precompute mfcc:  89%|████████▉ | 1787/2000 [04:48<00:38,  5.60it/s]
precompute mfcc:  89%|████████▉ | 1788/2000 [04:48<00:36,  5.85it/s]
precompute mfcc:  90%|████████▉ | 1790/2000 [04:49<00:31,  6.73it/s]
precompute mfcc:  90%|████████▉ | 1791/2000 [04:49<00:35,  5.92it/s]
precompute mfcc:  90%|████████▉ | 1793/2000 [04:49<00:34,  6.01it/s]
precompute mfcc:  90%|████████▉ | 1794/2000 [04:50<00:38,  5.37it/s]
precompute mfcc:  90%|████████▉ | 1795/2000 [04:50<00:36,  5.62it/s]
precompute mfcc:  90%|████████▉ | 1797/2000 [04:50<00:30,  6.61it/s]
precompute mfcc:  90%|████████▉ | 1798/2000 [04:50<00:35,  5.64it/s]
precompute mfcc:  90%|█████████ | 1800/2000 [04:50<00:26,  7.59it/s]
precompute mfcc:  90%|█████████ | 1801/2000 [04:51<00:33,  5.87it/s]
precompute mfcc:  90%|█████████ | 1803/2000 [04:51<00:32,  6.08it/s]
precompute mfcc:  90%|█████████ | 1804/2000 [04:51<00:35,  5.50it/s]
precompute mfcc:  90%|█████████ | 1805/2000 [04:51<00:32,  5.94it/s]
precompute mfcc:  90%|█████████ | 1806/2000 [04:51<00:32,  5.92it/s]
precompute mfcc:  90%|█████████ | 1807/2000 [04:52<00:35,  5.43it/s]
precompute mfcc:  90%|█████████ | 1809/2000 [04:52<00:27,  6.90it/s]
precompute mfcc:  91%|█████████ | 1811/2000 [04:52<00:27,  6.95it/s]
precompute mfcc:  91%|█████████ | 1812/2000 [04:52<00:27,  6.91it/s]
precompute mfcc:  91%|█████████ | 1813/2000 [04:53<00:32,  5.70it/s]
precompute mfcc:  91%|█████████ | 1814/2000 [04:53<00:33,  5.55it/s]
precompute mfcc:  91%|█████████ | 1815/2000 [04:53<00:32,  5.76it/s]
precompute mfcc:  91%|█████████ | 1816/2000 [04:53<00:33,  5.51it/s]
precompute mfcc:  91%|█████████ | 1818/2000 [04:53<00:26,  6.86it/s]
precompute mfcc:  91%|█████████ | 1819/2000 [04:53<00:27,  6.49it/s]
precompute mfcc:  91%|█████████ | 1821/2000 [04:54<00:28,  6.31it/s]
precompute mfcc:  91%|█████████ | 1823/2000 [04:54<00:29,  5.98it/s]
precompute mfcc:  91%|█████████ | 1824/2000 [04:54<00:30,  5.76it/s]
precompute mfcc:  91%|█████████▏| 1825/2000 [04:55<00:30,  5.78it/s]
precompute mfcc:  91%|█████████▏| 1826/2000 [04:55<00:37,  4.66it/s]
precompute mfcc:  91%|█████████▏| 1829/2000 [04:55<00:21,  8.05it/s]
precompute mfcc:  92%|█████████▏| 1831/2000 [04:55<00:25,  6.73it/s]
precompute mfcc:  92%|█████████▏| 1833/2000 [04:56<00:25,  6.43it/s]
precompute mfcc:  92%|█████████▏| 1834/2000 [04:56<00:32,  5.03it/s]
precompute mfcc:  92%|█████████▏| 1835/2000 [04:56<00:32,  5.07it/s]
precompute mfcc:  92%|█████████▏| 1836/2000 [04:56<00:31,  5.29it/s]
precompute mfcc:  92%|█████████▏| 1839/2000 [04:57<00:19,  8.19it/s]
precompute mfcc:  92%|█████████▏| 1840/2000 [04:57<00:23,  6.93it/s]
precompute mfcc:  92%|█████████▏| 1841/2000 [04:57<00:23,  6.79it/s]
precompute mfcc:  92%|█████████▏| 1842/2000 [04:57<00:21,  7.32it/s]
precompute mfcc:  92%|█████████▏| 1843/2000 [04:57<00:24,  6.37it/s]
precompute mfcc:  92%|█████████▏| 1844/2000 [04:58<00:33,  4.70it/s]
precompute mfcc:  92%|█████████▏| 1845/2000 [04:58<00:40,  3.86it/s]
precompute mfcc:  92%|█████████▏| 1849/2000 [04:58<00:18,  8.07it/s]
precompute mfcc:  93%|█████████▎| 1851/2000 [04:59<00:22,  6.69it/s]
precompute mfcc:  93%|█████████▎| 1853/2000 [04:59<00:20,  7.11it/s]
precompute mfcc:  93%|█████████▎| 1854/2000 [04:59<00:30,  4.72it/s]
precompute mfcc:  93%|█████████▎| 1855/2000 [05:00<00:31,  4.56it/s]
precompute mfcc:  93%|█████████▎| 1858/2000 [05:00<00:19,  7.21it/s]
precompute mfcc:  93%|█████████▎| 1860/2000 [05:00<00:18,  7.39it/s]
precompute mfcc:  93%|█████████▎| 1861/2000 [05:00<00:19,  7.02it/s]
precompute mfcc:  93%|█████████▎| 1862/2000 [05:00<00:18,  7.33it/s]
precompute mfcc:  93%|█████████▎| 1863/2000 [05:01<00:18,  7.48it/s]
precompute mfcc:  93%|█████████▎| 1864/2000 [05:01<00:34,  3.99it/s]
precompute mfcc:  93%|█████████▎| 1865/2000 [05:01<00:32,  4.17it/s]
precompute mfcc:  93%|█████████▎| 1869/2000 [05:02<00:20,  6.39it/s]
precompute mfcc:  94%|█████████▎| 1871/2000 [05:02<00:16,  7.81it/s]
precompute mfcc:  94%|█████████▎| 1872/2000 [05:02<00:18,  6.97it/s]
precompute mfcc:  94%|█████████▎| 1874/2000 [05:03<00:25,  4.87it/s]
precompute mfcc:  94%|█████████▍| 1875/2000 [05:03<00:25,  4.85it/s]
precompute mfcc:  94%|█████████▍| 1877/2000 [05:03<00:18,  6.52it/s]
precompute mfcc:  94%|█████████▍| 1879/2000 [05:03<00:21,  5.75it/s]
precompute mfcc:  94%|█████████▍| 1882/2000 [05:04<00:13,  8.50it/s]
precompute mfcc:  94%|█████████▍| 1884/2000 [05:04<00:22,  5.09it/s]
precompute mfcc:  94%|█████████▍| 1886/2000 [05:05<00:18,  6.07it/s]
precompute mfcc:  94%|█████████▍| 1888/2000 [05:05<00:15,  7.08it/s]
precompute mfcc:  94%|█████████▍| 1890/2000 [05:05<00:16,  6.52it/s]
precompute mfcc:  95%|█████████▍| 1892/2000 [05:05<00:13,  7.85it/s]
precompute mfcc:  95%|█████████▍| 1894/2000 [05:06<00:22,  4.65it/s]
precompute mfcc:  95%|█████████▍| 1896/2000 [05:06<00:17,  5.98it/s]
precompute mfcc:  95%|█████████▍| 1898/2000 [05:06<00:14,  6.83it/s]
precompute mfcc:  95%|█████████▌| 1900/2000 [05:07<00:15,  6.49it/s]
precompute mfcc:  95%|█████████▌| 1901/2000 [05:07<00:15,  6.57it/s]
precompute mfcc:  95%|█████████▌| 1903/2000 [05:07<00:11,  8.41it/s]
precompute mfcc:  95%|█████████▌| 1905/2000 [05:08<00:18,  5.25it/s]
precompute mfcc:  95%|█████████▌| 1906/2000 [05:08<00:17,  5.45it/s]
precompute mfcc:  95%|█████████▌| 1909/2000 [05:08<00:14,  6.48it/s]
precompute mfcc:  96%|█████████▌| 1910/2000 [05:08<00:13,  6.59it/s]
precompute mfcc:  96%|█████████▌| 1911/2000 [05:08<00:13,  6.47it/s]
precompute mfcc:  96%|█████████▌| 1914/2000 [05:09<00:15,  5.46it/s]
precompute mfcc:  96%|█████████▌| 1916/2000 [05:09<00:13,  6.36it/s]
precompute mfcc:  96%|█████████▌| 1917/2000 [05:09<00:12,  6.67it/s]
precompute mfcc:  96%|█████████▌| 1919/2000 [05:10<00:13,  6.04it/s]
precompute mfcc:  96%|█████████▌| 1921/2000 [05:10<00:11,  6.64it/s]
precompute mfcc:  96%|█████████▌| 1924/2000 [05:11<00:14,  5.41it/s]
precompute mfcc:  96%|█████████▋| 1926/2000 [05:11<00:12,  6.06it/s]
precompute mfcc:  96%|█████████▋| 1928/2000 [05:11<00:10,  6.73it/s]
precompute mfcc:  96%|█████████▋| 1929/2000 [05:11<00:11,  6.19it/s]
precompute mfcc:  97%|█████████▋| 1931/2000 [05:12<00:09,  7.44it/s]
precompute mfcc:  97%|█████████▋| 1933/2000 [05:12<00:07,  8.75it/s]
precompute mfcc:  97%|█████████▋| 1935/2000 [05:12<00:12,  5.08it/s]
precompute mfcc:  97%|█████████▋| 1936/2000 [05:13<00:11,  5.49it/s]
precompute mfcc:  97%|█████████▋| 1938/2000 [05:13<00:10,  5.93it/s]
precompute mfcc:  97%|█████████▋| 1940/2000 [05:13<00:09,  6.46it/s]
precompute mfcc:  97%|█████████▋| 1943/2000 [05:13<00:06,  8.47it/s]
precompute mfcc:  97%|█████████▋| 1945/2000 [05:14<00:10,  5.30it/s]
precompute mfcc:  97%|█████████▋| 1946/2000 [05:14<00:10,  5.23it/s]
precompute mfcc:  97%|█████████▋| 1948/2000 [05:14<00:08,  6.22it/s]
precompute mfcc:  97%|█████████▋| 1949/2000 [05:15<00:08,  6.30it/s]
precompute mfcc:  98%|█████████▊| 1952/2000 [05:15<00:05,  8.95it/s]
precompute mfcc:  98%|█████████▊| 1954/2000 [05:16<00:09,  4.87it/s]
precompute mfcc:  98%|█████████▊| 1955/2000 [05:16<00:08,  5.26it/s]
precompute mfcc:  98%|█████████▊| 1958/2000 [05:16<00:06,  6.58it/s]
precompute mfcc:  98%|█████████▊| 1959/2000 [05:16<00:06,  6.79it/s]
precompute mfcc:  98%|█████████▊| 1961/2000 [05:16<00:05,  7.72it/s]
precompute mfcc:  98%|█████████▊| 1963/2000 [05:17<00:04,  7.68it/s]
precompute mfcc:  98%|█████████▊| 1964/2000 [05:17<00:07,  4.92it/s]
precompute mfcc:  98%|█████████▊| 1965/2000 [05:17<00:06,  5.15it/s]
precompute mfcc:  98%|█████████▊| 1967/2000 [05:18<00:05,  6.10it/s]
precompute mfcc:  98%|█████████▊| 1969/2000 [05:18<00:04,  6.98it/s]
precompute mfcc:  99%|█████████▊| 1971/2000 [05:18<00:03,  8.22it/s]
precompute mfcc:  99%|█████████▊| 1973/2000 [05:18<00:04,  6.53it/s]
precompute mfcc:  99%|█████████▊| 1974/2000 [05:19<00:04,  5.36it/s]
precompute mfcc:  99%|█████████▉| 1975/2000 [05:19<00:04,  5.29it/s]
precompute mfcc:  99%|█████████▉| 1976/2000 [05:19<00:04,  5.41it/s]
precompute mfcc:  99%|█████████▉| 1977/2000 [05:19<00:03,  5.82it/s]
precompute mfcc:  99%|█████████▉| 1980/2000 [05:19<00:02,  8.82it/s]
precompute mfcc:  99%|█████████▉| 1981/2000 [05:19<00:02,  8.74it/s]
precompute mfcc:  99%|█████████▉| 1982/2000 [05:20<00:02,  8.27it/s]
precompute mfcc:  99%|█████████▉| 1983/2000 [05:20<00:03,  5.25it/s]
precompute mfcc:  99%|█████████▉| 1984/2000 [05:20<00:03,  5.00it/s]
precompute mfcc:  99%|█████████▉| 1985/2000 [05:20<00:03,  4.92it/s]
precompute mfcc:  99%|█████████▉| 1987/2000 [05:21<00:02,  6.13it/s]
precompute mfcc:  99%|█████████▉| 1989/2000 [05:21<00:01,  6.47it/s]
precompute mfcc: 100%|█████████▉| 1992/2000 [05:21<00:00,  8.23it/s]
precompute mfcc: 100%|█████████▉| 1993/2000 [05:22<00:01,  6.28it/s]
precompute mfcc: 100%|█████████▉| 1994/2000 [05:22<00:01,  5.70it/s]
precompute mfcc: 100%|█████████▉| 1995/2000 [05:22<00:00,  5.98it/s]
precompute mfcc: 100%|█████████▉| 1996/2000 [05:22<00:00,  6.58it/s]
precompute mfcc: 100%|█████████▉| 1997/2000 [05:22<00:00,  6.13it/s]
precompute mfcc: 100%|██████████| 2000/2000 [05:22<00:00,  9.28it/s]
precompute mfcc: 100%|██████████| 2000/2000 [05:22<00:00,  6.19it/s]
Saved manifest: outputs/results/run_20251221_003516/features/mfcc/fa99ceca2713/manifest.json
$ /root/miniconda3/envs/myconda/bin/python scripts/tools/precompute_features.py --feature-types mfcc --frame-length 512 --hop-length 1024 --n-mels 40 --n-mfcc 13 --workers 10 --feature-cache outputs/results/run_20251221_003516/features --data-root data/ESC-50-master
precompute mfcc:   0%|          | 0/2000 [00:00<?, ?it/s]precompute mfcc:   3%|▎         | 66/2000 [00:00<00:02, 658.14it/s]precompute mfcc:  10%|█         | 209/2000 [00:00<00:01, 1104.23it/s]precompute mfcc:  18%|█▊        | 352/2000 [00:00<00:01, 1252.11it/s]precompute mfcc:  24%|██▍       | 478/2000 [00:00<00:01, 1250.07it/s]precompute mfcc:  30%|███       | 603/2000 [00:00<00:01, 1198.45it/s]precompute mfcc:  36%|███▌      | 724/2000 [00:00<00:01, 1129.32it/s]precompute mfcc:  42%|████▏     | 846/2000 [00:00<00:00, 1156.26it/s]precompute mfcc:  48%|████▊     | 964/2000 [00:00<00:00, 1159.42it/s]precompute mfcc:  54%|█████▍    | 1081/2000 [00:00<00:00, 1145.99it/s]precompute mfcc:  60%|██████    | 1205/2000 [00:01<00:00, 1172.09it/s]precompute mfcc:  67%|██████▋   | 1348/2000 [00:01<00:00, 1247.26it/s]precompute mfcc:  75%|███████▍  | 1496/2000 [00:01<00:00, 1313.66it/s]precompute mfcc:  82%|████████▏ | 1638/2000 [00:01<00:00, 1345.16it/s]precompute mfcc:  89%|████████▊ | 1773/2000 [00:01<00:00, 1241.25it/s]precompute mfcc:  95%|█████████▍| 1899/2000 [00:01<00:00, 1134.71it/s]precompute mfcc: 100%|██████████| 2000/2000 [00:01<00:00, 1128.59it/s]
Saved manifest: outputs/results/run_20251221_003516/features/mfcc/fa99ceca2713/manifest.json
