
precompute mfcc:   0%|          | 0/2000 [00:00<?, ?it/s]
precompute mfcc:   0%|          | 1/2000 [00:02<1:25:09,  2.56s/it]
precompute mfcc:   0%|          | 2/2000 [00:02<37:24,  1.12s/it]  
precompute mfcc:   0%|          | 4/2000 [00:02<15:20,  2.17it/s]
precompute mfcc:   0%|          | 7/2000 [00:02<07:11,  4.62it/s]
precompute mfcc:   1%|          | 11/2000 [00:05<14:40,  2.26it/s]
precompute mfcc:   1%|          | 13/2000 [00:05<11:24,  2.90it/s]
precompute mfcc:   1%|          | 15/2000 [00:05<08:50,  3.74it/s]
precompute mfcc:   1%|          | 18/2000 [00:05<06:05,  5.43it/s]
precompute mfcc:   1%|          | 20/2000 [00:06<05:06,  6.47it/s]
precompute mfcc:   1%|          | 22/2000 [00:08<15:21,  2.15it/s]
precompute mfcc:   1%|          | 24/2000 [00:08<11:33,  2.85it/s]
precompute mfcc:   1%|▏         | 26/2000 [00:08<08:47,  3.74it/s]
precompute mfcc:   1%|▏         | 29/2000 [00:09<06:03,  5.41it/s]
precompute mfcc:   2%|▏         | 31/2000 [00:11<15:28,  2.12it/s]
precompute mfcc:   2%|▏         | 33/2000 [00:11<11:41,  2.80it/s]
precompute mfcc:   2%|▏         | 35/2000 [00:11<09:07,  3.59it/s]
precompute mfcc:   2%|▏         | 37/2000 [00:11<07:09,  4.57it/s]
precompute mfcc:   2%|▏         | 41/2000 [00:14<13:14,  2.46it/s]
precompute mfcc:   2%|▏         | 44/2000 [00:14<10:03,  3.24it/s]
precompute mfcc:   2%|▏         | 48/2000 [00:15<06:48,  4.78it/s]
precompute mfcc:   2%|▎         | 50/2000 [00:15<05:52,  5.54it/s]
precompute mfcc:   3%|▎         | 52/2000 [00:17<13:04,  2.48it/s]
precompute mfcc:   3%|▎         | 53/2000 [00:17<11:39,  2.78it/s]
precompute mfcc:   3%|▎         | 54/2000 [00:17<10:54,  2.98it/s]
precompute mfcc:   3%|▎         | 57/2000 [00:17<07:08,  4.53it/s]
precompute mfcc:   3%|▎         | 59/2000 [00:18<05:58,  5.42it/s]
precompute mfcc:   3%|▎         | 61/2000 [00:20<15:05,  2.14it/s]
precompute mfcc:   3%|▎         | 63/2000 [00:20<11:34,  2.79it/s]
precompute mfcc:   3%|▎         | 64/2000 [00:20<10:23,  3.11it/s]
precompute mfcc:   3%|▎         | 67/2000 [00:20<06:48,  4.73it/s]
precompute mfcc:   3%|▎         | 69/2000 [00:21<05:40,  5.67it/s]
precompute mfcc:   4%|▎         | 71/2000 [00:23<14:12,  2.26it/s]
precompute mfcc:   4%|▎         | 72/2000 [00:23<12:33,  2.56it/s]
precompute mfcc:   4%|▎         | 73/2000 [00:23<11:00,  2.92it/s]
precompute mfcc:   4%|▍         | 75/2000 [00:23<08:26,  3.80it/s]
precompute mfcc:   4%|▍         | 78/2000 [00:24<05:56,  5.39it/s]
precompute mfcc:   4%|▍         | 81/2000 [00:26<12:35,  2.54it/s]
precompute mfcc:   4%|▍         | 83/2000 [00:26<10:19,  3.10it/s]
precompute mfcc:   4%|▍         | 85/2000 [00:26<08:05,  3.94it/s]
precompute mfcc:   4%|▍         | 86/2000 [00:26<07:18,  4.37it/s]
precompute mfcc:   4%|▍         | 88/2000 [00:27<06:09,  5.17it/s]
precompute mfcc:   5%|▍         | 91/2000 [00:29<13:17,  2.39it/s]
precompute mfcc:   5%|▍         | 92/2000 [00:29<11:39,  2.73it/s]
precompute mfcc:   5%|▍         | 93/2000 [00:29<10:40,  2.98it/s]
precompute mfcc:   5%|▍         | 95/2000 [00:29<07:41,  4.13it/s]
precompute mfcc:   5%|▍         | 96/2000 [00:29<06:57,  4.56it/s]
precompute mfcc:   5%|▍         | 98/2000 [00:30<05:49,  5.44it/s]
precompute mfcc:   5%|▌         | 101/2000 [00:32<13:29,  2.35it/s]
precompute mfcc:   5%|▌         | 102/2000 [00:32<11:55,  2.65it/s]
precompute mfcc:   5%|▌         | 103/2000 [00:32<10:57,  2.88it/s]
precompute mfcc:   5%|▌         | 105/2000 [00:32<08:01,  3.94it/s]
precompute mfcc:   5%|▌         | 108/2000 [00:33<05:39,  5.57it/s]
precompute mfcc:   6%|▌         | 110/2000 [00:33<04:40,  6.74it/s]
precompute mfcc:   6%|▌         | 112/2000 [00:35<14:09,  2.22it/s]
precompute mfcc:   6%|▌         | 113/2000 [00:35<12:15,  2.57it/s]
precompute mfcc:   6%|▌         | 115/2000 [00:35<08:46,  3.58it/s]
precompute mfcc:   6%|▌         | 117/2000 [00:36<07:21,  4.26it/s]
precompute mfcc:   6%|▌         | 120/2000 [00:36<05:14,  5.97it/s]
precompute mfcc:   6%|▌         | 122/2000 [00:38<13:56,  2.25it/s]
precompute mfcc:   6%|▌         | 124/2000 [00:38<11:02,  2.83it/s]
precompute mfcc:   6%|▋         | 126/2000 [00:39<08:37,  3.62it/s]
precompute mfcc:   6%|▋         | 127/2000 [00:39<07:46,  4.02it/s]
precompute mfcc:   6%|▋         | 128/2000 [00:39<07:01,  4.44it/s]
precompute mfcc:   6%|▋         | 130/2000 [00:39<05:23,  5.77it/s]
precompute mfcc:   7%|▋         | 131/2000 [00:41<17:54,  1.74it/s]
precompute mfcc:   7%|▋         | 132/2000 [00:41<14:35,  2.13it/s]
precompute mfcc:   7%|▋         | 134/2000 [00:41<10:07,  3.07it/s]
precompute mfcc:   7%|▋         | 136/2000 [00:42<07:50,  3.96it/s]
precompute mfcc:   7%|▋         | 137/2000 [00:42<06:56,  4.47it/s]
precompute mfcc:   7%|▋         | 140/2000 [00:42<04:54,  6.31it/s]
precompute mfcc:   7%|▋         | 141/2000 [00:44<16:06,  1.92it/s]
precompute mfcc:   7%|▋         | 144/2000 [00:45<10:31,  2.94it/s]
precompute mfcc:   7%|▋         | 146/2000 [00:45<08:28,  3.64it/s]
precompute mfcc:   7%|▋         | 148/2000 [00:45<06:40,  4.62it/s]
precompute mfcc:   8%|▊         | 150/2000 [00:45<05:26,  5.67it/s]
precompute mfcc:   8%|▊         | 152/2000 [00:47<13:33,  2.27it/s]
precompute mfcc:   8%|▊         | 154/2000 [00:47<10:46,  2.86it/s]
precompute mfcc:   8%|▊         | 156/2000 [00:48<08:48,  3.49it/s]
precompute mfcc:   8%|▊         | 159/2000 [00:48<05:59,  5.12it/s]
precompute mfcc:   8%|▊         | 161/2000 [00:50<13:22,  2.29it/s]
precompute mfcc:   8%|▊         | 162/2000 [00:50<12:05,  2.53it/s]
precompute mfcc:   8%|▊         | 164/2000 [00:50<09:22,  3.26it/s]
precompute mfcc:   8%|▊         | 165/2000 [00:51<08:22,  3.65it/s]
precompute mfcc:   8%|▊         | 167/2000 [00:51<06:36,  4.63it/s]
precompute mfcc:   8%|▊         | 170/2000 [00:51<04:43,  6.46it/s]
precompute mfcc:   9%|▊         | 171/2000 [00:53<14:01,  2.17it/s]
precompute mfcc:   9%|▊         | 172/2000 [00:53<13:15,  2.30it/s]
precompute mfcc:   9%|▊         | 174/2000 [00:54<09:43,  3.13it/s]
precompute mfcc:   9%|▉         | 176/2000 [00:54<07:21,  4.13it/s]
precompute mfcc:   9%|▉         | 177/2000 [00:54<06:31,  4.66it/s]
precompute mfcc:   9%|▉         | 178/2000 [00:54<06:09,  4.93it/s]
precompute mfcc:   9%|▉         | 181/2000 [00:56<13:01,  2.33it/s]
precompute mfcc:   9%|▉         | 182/2000 [00:56<12:41,  2.39it/s]
precompute mfcc:   9%|▉         | 185/2000 [00:57<08:02,  3.76it/s]
precompute mfcc:   9%|▉         | 186/2000 [00:57<07:32,  4.01it/s]
precompute mfcc:   9%|▉         | 188/2000 [00:57<06:04,  4.97it/s]
precompute mfcc:  10%|▉         | 190/2000 [00:57<04:43,  6.39it/s]
precompute mfcc:  10%|▉         | 192/2000 [00:59<14:15,  2.11it/s]
precompute mfcc:  10%|▉         | 193/2000 [01:00<12:26,  2.42it/s]
precompute mfcc:  10%|▉         | 195/2000 [01:00<09:23,  3.20it/s]
precompute mfcc:  10%|▉         | 196/2000 [01:00<08:10,  3.68it/s]
precompute mfcc:  10%|▉         | 198/2000 [01:00<05:56,  5.06it/s]
precompute mfcc:  10%|█         | 200/2000 [01:00<05:18,  5.66it/s]
precompute mfcc:  10%|█         | 201/2000 [01:02<16:08,  1.86it/s]
precompute mfcc:  10%|█         | 202/2000 [01:02<13:29,  2.22it/s]
precompute mfcc:  10%|█         | 204/2000 [01:03<09:01,  3.31it/s]
precompute mfcc:  10%|█         | 205/2000 [01:03<08:15,  3.62it/s]
precompute mfcc:  10%|█         | 206/2000 [01:03<07:18,  4.10it/s]
precompute mfcc:  10%|█         | 207/2000 [01:03<06:32,  4.57it/s]
precompute mfcc:  10%|█         | 209/2000 [01:03<04:48,  6.21it/s]
precompute mfcc:  11%|█         | 211/2000 [01:05<15:20,  1.94it/s]
precompute mfcc:  11%|█         | 214/2000 [01:06<09:39,  3.08it/s]
precompute mfcc:  11%|█         | 215/2000 [01:06<08:29,  3.51it/s]
precompute mfcc:  11%|█         | 216/2000 [01:06<07:50,  3.79it/s]
precompute mfcc:  11%|█         | 219/2000 [01:06<05:28,  5.42it/s]
precompute mfcc:  11%|█         | 220/2000 [01:06<05:07,  5.79it/s]
precompute mfcc:  11%|█         | 221/2000 [01:08<16:33,  1.79it/s]
precompute mfcc:  11%|█         | 223/2000 [01:09<11:15,  2.63it/s]
precompute mfcc:  11%|█         | 224/2000 [01:09<09:50,  3.01it/s]
precompute mfcc:  11%|█▏        | 225/2000 [01:09<08:28,  3.49it/s]
precompute mfcc:  11%|█▏        | 227/2000 [01:09<06:43,  4.40it/s]
precompute mfcc:  11%|█▏        | 228/2000 [01:09<05:59,  4.92it/s]
precompute mfcc:  12%|█▏        | 230/2000 [01:09<04:28,  6.60it/s]
precompute mfcc:  12%|█▏        | 231/2000 [01:11<16:31,  1.78it/s]
precompute mfcc:  12%|█▏        | 234/2000 [01:12<09:59,  2.95it/s]
precompute mfcc:  12%|█▏        | 235/2000 [01:12<09:02,  3.25it/s]
precompute mfcc:  12%|█▏        | 236/2000 [01:12<07:52,  3.73it/s]
precompute mfcc:  12%|█▏        | 237/2000 [01:12<07:23,  3.98it/s]
precompute mfcc:  12%|█▏        | 238/2000 [01:12<06:30,  4.52it/s]
precompute mfcc:  12%|█▏        | 241/2000 [01:15<13:52,  2.11it/s]
precompute mfcc:  12%|█▏        | 244/2000 [01:15<09:21,  3.13it/s]
precompute mfcc:  12%|█▏        | 246/2000 [01:15<07:38,  3.83it/s]
precompute mfcc:  12%|█▏        | 247/2000 [01:15<07:03,  4.14it/s]
precompute mfcc:  12%|█▏        | 249/2000 [01:15<05:28,  5.33it/s]
precompute mfcc:  13%|█▎        | 251/2000 [01:17<13:24,  2.17it/s]
precompute mfcc:  13%|█▎        | 252/2000 [01:18<11:33,  2.52it/s]
precompute mfcc:  13%|█▎        | 253/2000 [01:18<10:00,  2.91it/s]
precompute mfcc:  13%|█▎        | 254/2000 [01:18<09:05,  3.20it/s]
precompute mfcc:  13%|█▎        | 256/2000 [01:18<06:59,  4.16it/s]
precompute mfcc:  13%|█▎        | 259/2000 [01:18<04:55,  5.89it/s]
precompute mfcc:  13%|█▎        | 261/2000 [01:20<12:17,  2.36it/s]
precompute mfcc:  13%|█▎        | 264/2000 [01:21<08:45,  3.30it/s]
precompute mfcc:  13%|█▎        | 265/2000 [01:21<08:10,  3.54it/s]
precompute mfcc:  13%|█▎        | 267/2000 [01:21<06:22,  4.53it/s]
precompute mfcc:  13%|█▎        | 268/2000 [01:21<05:54,  4.89it/s]
precompute mfcc:  13%|█▎        | 269/2000 [01:21<05:25,  5.32it/s]
precompute mfcc:  14%|█▎        | 271/2000 [01:23<13:37,  2.11it/s]
precompute mfcc:  14%|█▎        | 272/2000 [01:23<11:27,  2.51it/s]
precompute mfcc:  14%|█▎        | 274/2000 [01:24<08:50,  3.25it/s]
precompute mfcc:  14%|█▍        | 275/2000 [01:24<07:52,  3.65it/s]
precompute mfcc:  14%|█▍        | 276/2000 [01:24<06:50,  4.20it/s]
precompute mfcc:  14%|█▍        | 277/2000 [01:24<06:35,  4.36it/s]
precompute mfcc:  14%|█▍        | 279/2000 [01:24<05:03,  5.68it/s]
precompute mfcc:  14%|█▍        | 281/2000 [01:26<13:28,  2.13it/s]
precompute mfcc:  14%|█▍        | 283/2000 [01:27<09:55,  2.88it/s]
precompute mfcc:  14%|█▍        | 284/2000 [01:27<09:00,  3.18it/s]
precompute mfcc:  14%|█▍        | 285/2000 [01:27<08:31,  3.36it/s]
precompute mfcc:  14%|█▍        | 287/2000 [01:27<06:23,  4.47it/s]
precompute mfcc:  14%|█▍        | 289/2000 [01:27<05:03,  5.65it/s]
precompute mfcc:  15%|█▍        | 291/2000 [01:29<12:51,  2.21it/s]
precompute mfcc:  15%|█▍        | 292/2000 [01:30<11:25,  2.49it/s]
precompute mfcc:  15%|█▍        | 294/2000 [01:30<08:48,  3.23it/s]
precompute mfcc:  15%|█▍        | 295/2000 [01:30<07:50,  3.62it/s]
precompute mfcc:  15%|█▍        | 297/2000 [01:30<06:09,  4.60it/s]
precompute mfcc:  15%|█▍        | 298/2000 [01:30<05:46,  4.91it/s]
precompute mfcc:  15%|█▌        | 300/2000 [01:31<05:05,  5.56it/s]
precompute mfcc:  15%|█▌        | 301/2000 [01:32<14:49,  1.91it/s]
precompute mfcc:  15%|█▌        | 302/2000 [01:33<12:38,  2.24it/s]
precompute mfcc:  15%|█▌        | 304/2000 [01:33<08:46,  3.22it/s]
precompute mfcc:  15%|█▌        | 306/2000 [01:33<06:22,  4.43it/s]
precompute mfcc:  15%|█▌        | 307/2000 [01:33<05:46,  4.88it/s]
precompute mfcc:  15%|█▌        | 308/2000 [01:33<06:13,  4.52it/s]
precompute mfcc:  16%|█▌        | 310/2000 [01:34<04:44,  5.95it/s]
precompute mfcc:  16%|█▌        | 311/2000 [01:36<15:44,  1.79it/s]
precompute mfcc:  16%|█▌        | 312/2000 [01:36<12:50,  2.19it/s]
precompute mfcc:  16%|█▌        | 313/2000 [01:36<10:53,  2.58it/s]
precompute mfcc:  16%|█▌        | 315/2000 [01:36<07:23,  3.80it/s]
precompute mfcc:  16%|█▌        | 317/2000 [01:36<05:38,  4.97it/s]
precompute mfcc:  16%|█▌        | 318/2000 [01:36<05:33,  5.04it/s]
precompute mfcc:  16%|█▌        | 319/2000 [01:37<04:59,  5.61it/s]
precompute mfcc:  16%|█▌        | 320/2000 [01:37<05:31,  5.07it/s]
precompute mfcc:  16%|█▌        | 321/2000 [01:39<17:18,  1.62it/s]
precompute mfcc:  16%|█▌        | 322/2000 [01:39<14:24,  1.94it/s]
precompute mfcc:  16%|█▌        | 323/2000 [01:39<11:28,  2.44it/s]
precompute mfcc:  16%|█▋        | 325/2000 [01:39<07:51,  3.55it/s]
precompute mfcc:  16%|█▋        | 327/2000 [01:39<05:56,  4.69it/s]
precompute mfcc:  16%|█▋        | 328/2000 [01:40<05:21,  5.20it/s]
precompute mfcc:  16%|█▋        | 330/2000 [01:40<04:42,  5.91it/s]
precompute mfcc:  17%|█▋        | 331/2000 [01:42<14:50,  1.87it/s]
precompute mfcc:  17%|█▋        | 332/2000 [01:42<12:51,  2.16it/s]
precompute mfcc:  17%|█▋        | 334/2000 [01:42<08:43,  3.18it/s]
precompute mfcc:  17%|█▋        | 335/2000 [01:42<08:41,  3.19it/s]
precompute mfcc:  17%|█▋        | 337/2000 [01:43<06:04,  4.56it/s]
precompute mfcc:  17%|█▋        | 340/2000 [01:43<04:53,  5.66it/s]
precompute mfcc:  17%|█▋        | 341/2000 [01:45<12:47,  2.16it/s]
precompute mfcc:  17%|█▋        | 342/2000 [01:45<10:45,  2.57it/s]
precompute mfcc:  17%|█▋        | 343/2000 [01:45<10:05,  2.74it/s]
precompute mfcc:  17%|█▋        | 344/2000 [01:45<08:44,  3.16it/s]
precompute mfcc:  17%|█▋        | 345/2000 [01:45<07:42,  3.58it/s]
precompute mfcc:  17%|█▋        | 346/2000 [01:46<06:36,  4.17it/s]
precompute mfcc:  17%|█▋        | 348/2000 [01:46<04:51,  5.67it/s]
precompute mfcc:  18%|█▊        | 350/2000 [01:46<04:36,  5.96it/s]
precompute mfcc:  18%|█▊        | 351/2000 [01:48<13:38,  2.02it/s]
precompute mfcc:  18%|█▊        | 352/2000 [01:48<11:41,  2.35it/s]
precompute mfcc:  18%|█▊        | 353/2000 [01:48<10:14,  2.68it/s]
precompute mfcc:  18%|█▊        | 355/2000 [01:48<07:29,  3.66it/s]
precompute mfcc:  18%|█▊        | 357/2000 [01:49<05:22,  5.09it/s]
precompute mfcc:  18%|█▊        | 358/2000 [01:49<05:44,  4.77it/s]
precompute mfcc:  18%|█▊        | 360/2000 [01:49<05:07,  5.34it/s]
precompute mfcc:  18%|█▊        | 361/2000 [01:51<13:56,  1.96it/s]
precompute mfcc:  18%|█▊        | 363/2000 [01:51<10:18,  2.65it/s]
precompute mfcc:  18%|█▊        | 365/2000 [01:51<07:16,  3.75it/s]
precompute mfcc:  18%|█▊        | 366/2000 [01:52<07:06,  3.84it/s]
precompute mfcc:  18%|█▊        | 367/2000 [01:52<06:20,  4.29it/s]
precompute mfcc:  18%|█▊        | 368/2000 [01:52<05:40,  4.79it/s]
precompute mfcc:  18%|█▊        | 369/2000 [01:52<05:07,  5.30it/s]
precompute mfcc:  18%|█▊        | 370/2000 [01:52<05:03,  5.36it/s]
precompute mfcc:  19%|█▊        | 371/2000 [01:54<16:44,  1.62it/s]
precompute mfcc:  19%|█▊        | 372/2000 [01:54<12:50,  2.11it/s]
precompute mfcc:  19%|█▊        | 373/2000 [01:54<10:39,  2.54it/s]
precompute mfcc:  19%|█▉        | 375/2000 [01:54<06:49,  3.97it/s]
precompute mfcc:  19%|█▉        | 376/2000 [01:55<06:20,  4.27it/s]
precompute mfcc:  19%|█▉        | 377/2000 [01:55<07:04,  3.82it/s]
precompute mfcc:  19%|█▉        | 380/2000 [01:55<04:46,  5.65it/s]
precompute mfcc:  19%|█▉        | 381/2000 [01:57<11:57,  2.26it/s]
precompute mfcc:  19%|█▉        | 382/2000 [01:57<11:54,  2.27it/s]
precompute mfcc:  19%|█▉        | 383/2000 [01:57<09:49,  2.74it/s]
precompute mfcc:  19%|█▉        | 386/2000 [01:57<05:50,  4.60it/s]
precompute mfcc:  19%|█▉        | 387/2000 [01:58<06:18,  4.27it/s]
precompute mfcc:  19%|█▉        | 388/2000 [01:58<05:36,  4.79it/s]
precompute mfcc:  20%|█▉        | 390/2000 [01:58<04:11,  6.41it/s]
precompute mfcc:  20%|█▉        | 391/2000 [02:00<13:52,  1.93it/s]
precompute mfcc:  20%|█▉        | 392/2000 [02:00<12:29,  2.14it/s]
precompute mfcc:  20%|█▉        | 393/2000 [02:00<10:22,  2.58it/s]
precompute mfcc:  20%|█▉        | 395/2000 [02:01<07:12,  3.71it/s]
precompute mfcc:  20%|█▉        | 397/2000 [02:01<06:00,  4.44it/s]
precompute mfcc:  20%|█▉        | 399/2000 [02:01<04:30,  5.91it/s]
precompute mfcc:  20%|██        | 401/2000 [02:03<11:10,  2.38it/s]
precompute mfcc:  20%|██        | 402/2000 [02:03<10:34,  2.52it/s]
precompute mfcc:  20%|██        | 403/2000 [02:03<09:22,  2.84it/s]
precompute mfcc:  20%|██        | 404/2000 [02:03<08:20,  3.19it/s]
precompute mfcc:  20%|██        | 407/2000 [02:04<05:17,  5.02it/s]
precompute mfcc:  20%|██        | 410/2000 [02:04<04:06,  6.46it/s]
precompute mfcc:  21%|██        | 411/2000 [02:06<11:42,  2.26it/s]
precompute mfcc:  21%|██        | 412/2000 [02:06<10:21,  2.56it/s]
precompute mfcc:  21%|██        | 413/2000 [02:06<09:00,  2.94it/s]
precompute mfcc:  21%|██        | 414/2000 [02:06<07:41,  3.44it/s]
precompute mfcc:  21%|██        | 415/2000 [02:06<06:42,  3.93it/s]
precompute mfcc:  21%|██        | 417/2000 [02:07<04:28,  5.90it/s]
precompute mfcc:  21%|██        | 419/2000 [02:07<03:41,  7.14it/s]
precompute mfcc:  21%|██        | 421/2000 [02:09<12:00,  2.19it/s]
precompute mfcc:  21%|██        | 422/2000 [02:09<10:35,  2.48it/s]
precompute mfcc:  21%|██        | 423/2000 [02:09<09:41,  2.71it/s]
precompute mfcc:  21%|██        | 424/2000 [02:09<08:02,  3.27it/s]
precompute mfcc:  21%|██▏       | 426/2000 [02:10<05:21,  4.90it/s]
precompute mfcc:  21%|██▏       | 428/2000 [02:10<04:12,  6.22it/s]
precompute mfcc:  22%|██▏       | 430/2000 [02:10<04:39,  5.62it/s]
precompute mfcc:  22%|██▏       | 431/2000 [02:12<12:26,  2.10it/s]
precompute mfcc:  22%|██▏       | 432/2000 [02:12<10:43,  2.44it/s]
precompute mfcc:  22%|██▏       | 433/2000 [02:12<09:44,  2.68it/s]
precompute mfcc:  22%|██▏       | 435/2000 [02:12<06:47,  3.84it/s]
precompute mfcc:  22%|██▏       | 436/2000 [02:13<05:56,  4.39it/s]
precompute mfcc:  22%|██▏       | 438/2000 [02:13<04:15,  6.11it/s]
precompute mfcc:  22%|██▏       | 439/2000 [02:13<04:05,  6.37it/s]
precompute mfcc:  22%|██▏       | 440/2000 [02:13<04:31,  5.74it/s]
precompute mfcc:  22%|██▏       | 441/2000 [02:15<14:32,  1.79it/s]
precompute mfcc:  22%|██▏       | 442/2000 [02:15<13:24,  1.94it/s]
precompute mfcc:  22%|██▏       | 443/2000 [02:15<10:40,  2.43it/s]
precompute mfcc:  22%|██▏       | 445/2000 [02:15<06:55,  3.74it/s]
precompute mfcc:  22%|██▏       | 446/2000 [02:16<06:00,  4.31it/s]
precompute mfcc:  22%|██▏       | 448/2000 [02:16<04:21,  5.94it/s]
precompute mfcc:  22%|██▏       | 449/2000 [02:16<04:08,  6.23it/s]
precompute mfcc:  22%|██▎       | 450/2000 [02:16<04:30,  5.73it/s]
precompute mfcc:  23%|██▎       | 451/2000 [02:18<14:44,  1.75it/s]
precompute mfcc:  23%|██▎       | 452/2000 [02:18<13:24,  1.92it/s]
precompute mfcc:  23%|██▎       | 454/2000 [02:18<08:35,  3.00it/s]
precompute mfcc:  23%|██▎       | 455/2000 [02:18<07:31,  3.42it/s]
precompute mfcc:  23%|██▎       | 458/2000 [02:19<04:34,  5.61it/s]
precompute mfcc:  23%|██▎       | 459/2000 [02:19<04:52,  5.26it/s]
precompute mfcc:  23%|██▎       | 460/2000 [02:19<04:48,  5.34it/s]
precompute mfcc:  23%|██▎       | 461/2000 [02:21<13:16,  1.93it/s]
precompute mfcc:  23%|██▎       | 462/2000 [02:21<12:23,  2.07it/s]
precompute mfcc:  23%|██▎       | 463/2000 [02:21<09:53,  2.59it/s]
precompute mfcc:  23%|██▎       | 465/2000 [02:21<06:55,  3.69it/s]
precompute mfcc:  23%|██▎       | 467/2000 [02:22<05:02,  5.07it/s]
precompute mfcc:  23%|██▎       | 469/2000 [02:22<04:30,  5.65it/s]
precompute mfcc:  24%|██▎       | 470/2000 [02:22<04:44,  5.39it/s]
precompute mfcc:  24%|██▎       | 471/2000 [02:24<12:08,  2.10it/s]
precompute mfcc:  24%|██▎       | 472/2000 [02:24<11:45,  2.17it/s]
precompute mfcc:  24%|██▎       | 473/2000 [02:24<09:49,  2.59it/s]
precompute mfcc:  24%|██▎       | 474/2000 [02:24<08:07,  3.13it/s]
precompute mfcc:  24%|██▍       | 475/2000 [02:24<07:11,  3.53it/s]
precompute mfcc:  24%|██▍       | 479/2000 [02:25<04:16,  5.92it/s]
precompute mfcc:  24%|██▍       | 480/2000 [02:25<04:51,  5.21it/s]
precompute mfcc:  24%|██▍       | 481/2000 [02:27<10:51,  2.33it/s]
precompute mfcc:  24%|██▍       | 482/2000 [02:27<10:28,  2.42it/s]
precompute mfcc:  24%|██▍       | 483/2000 [02:27<09:17,  2.72it/s]
precompute mfcc:  24%|██▍       | 484/2000 [02:27<08:12,  3.08it/s]
precompute mfcc:  24%|██▍       | 486/2000 [02:27<05:24,  4.67it/s]
precompute mfcc:  24%|██▍       | 487/2000 [02:28<04:55,  5.12it/s]
precompute mfcc:  24%|██▍       | 489/2000 [02:28<04:22,  5.76it/s]
precompute mfcc:  24%|██▍       | 490/2000 [02:28<04:13,  5.95it/s]
precompute mfcc:  25%|██▍       | 491/2000 [02:29<11:51,  2.12it/s]
precompute mfcc:  25%|██▍       | 492/2000 [02:31<22:06,  1.14it/s]
precompute mfcc:  25%|██▌       | 501/2000 [02:32<06:18,  3.96it/s]
precompute mfcc:  25%|██▌       | 502/2000 [02:34<11:04,  2.25it/s]
precompute mfcc:  25%|██▌       | 505/2000 [02:34<07:51,  3.17it/s]
precompute mfcc:  25%|██▌       | 508/2000 [02:34<05:52,  4.23it/s]
precompute mfcc:  26%|██▌       | 511/2000 [02:35<05:42,  4.35it/s]
precompute mfcc:  26%|██▌       | 513/2000 [02:37<09:53,  2.51it/s]
precompute mfcc:  26%|██▌       | 515/2000 [02:37<07:49,  3.16it/s]
precompute mfcc:  26%|██▌       | 517/2000 [02:37<06:13,  3.97it/s]
precompute mfcc:  26%|██▌       | 519/2000 [02:37<04:55,  5.01it/s]
precompute mfcc:  26%|██▌       | 521/2000 [02:38<05:39,  4.35it/s]
precompute mfcc:  26%|██▌       | 523/2000 [02:40<10:42,  2.30it/s]
precompute mfcc:  26%|██▌       | 524/2000 [02:40<09:20,  2.63it/s]
precompute mfcc:  26%|██▋       | 526/2000 [02:40<07:01,  3.50it/s]
precompute mfcc:  26%|██▋       | 528/2000 [02:40<05:17,  4.64it/s]
precompute mfcc:  26%|██▋       | 530/2000 [02:40<04:04,  6.01it/s]
precompute mfcc:  27%|██▋       | 532/2000 [02:43<11:44,  2.08it/s]
precompute mfcc:  27%|██▋       | 534/2000 [02:43<08:47,  2.78it/s]
precompute mfcc:  27%|██▋       | 535/2000 [02:43<07:40,  3.18it/s]
precompute mfcc:  27%|██▋       | 539/2000 [02:43<04:29,  5.42it/s]
precompute mfcc:  27%|██▋       | 541/2000 [02:44<05:29,  4.43it/s]
precompute mfcc:  27%|██▋       | 542/2000 [02:46<11:20,  2.14it/s]
precompute mfcc:  27%|██▋       | 544/2000 [02:46<08:27,  2.87it/s]
precompute mfcc:  27%|██▋       | 547/2000 [02:46<05:33,  4.36it/s]
precompute mfcc:  27%|██▋       | 549/2000 [02:46<04:34,  5.29it/s]
precompute mfcc:  28%|██▊       | 551/2000 [02:47<05:36,  4.30it/s]
precompute mfcc:  28%|██▊       | 552/2000 [02:49<11:59,  2.01it/s]
precompute mfcc:  28%|██▊       | 557/2000 [02:49<06:09,  3.91it/s]
precompute mfcc:  28%|██▊       | 559/2000 [02:49<05:02,  4.76it/s]
precompute mfcc:  28%|██▊       | 561/2000 [02:50<05:49,  4.11it/s]
precompute mfcc:  28%|██▊       | 562/2000 [02:51<11:18,  2.12it/s]
precompute mfcc:  28%|██▊       | 565/2000 [02:52<07:14,  3.30it/s]
precompute mfcc:  28%|██▊       | 568/2000 [02:52<05:30,  4.33it/s]
precompute mfcc:  28%|██▊       | 570/2000 [02:52<04:26,  5.37it/s]
precompute mfcc:  29%|██▊       | 572/2000 [02:54<10:42,  2.22it/s]
precompute mfcc:  29%|██▊       | 574/2000 [02:55<08:24,  2.83it/s]
precompute mfcc:  29%|██▉       | 577/2000 [02:55<05:39,  4.20it/s]
precompute mfcc:  29%|██▉       | 579/2000 [02:55<04:40,  5.06it/s]
precompute mfcc:  29%|██▉       | 581/2000 [02:56<05:48,  4.08it/s]
precompute mfcc:  29%|██▉       | 582/2000 [02:57<11:21,  2.08it/s]
precompute mfcc:  29%|██▉       | 584/2000 [02:57<08:14,  2.86it/s]
precompute mfcc:  29%|██▉       | 586/2000 [02:58<06:19,  3.73it/s]
precompute mfcc:  29%|██▉       | 588/2000 [02:58<05:25,  4.34it/s]
precompute mfcc:  30%|██▉       | 590/2000 [02:58<04:07,  5.69it/s]
precompute mfcc:  30%|██▉       | 592/2000 [03:00<10:58,  2.14it/s]
precompute mfcc:  30%|██▉       | 593/2000 [03:00<09:41,  2.42it/s]
precompute mfcc:  30%|██▉       | 596/2000 [03:01<06:02,  3.88it/s]
precompute mfcc:  30%|██▉       | 598/2000 [03:01<05:17,  4.42it/s]
precompute mfcc:  30%|███       | 601/2000 [03:02<05:50,  4.00it/s]
precompute mfcc:  30%|███       | 602/2000 [03:03<09:44,  2.39it/s]
precompute mfcc:  30%|███       | 603/2000 [03:03<08:54,  2.61it/s]
precompute mfcc:  30%|███       | 604/2000 [03:03<07:36,  3.06it/s]
precompute mfcc:  30%|███       | 606/2000 [03:04<05:22,  4.32it/s]
precompute mfcc:  30%|███       | 607/2000 [03:04<04:48,  4.82it/s]
precompute mfcc:  30%|███       | 608/2000 [03:04<04:35,  5.06it/s]
precompute mfcc:  30%|███       | 610/2000 [03:04<03:44,  6.20it/s]
precompute mfcc:  31%|███       | 611/2000 [03:05<06:54,  3.35it/s]
precompute mfcc:  31%|███       | 612/2000 [03:06<12:48,  1.81it/s]
precompute mfcc:  31%|███       | 613/2000 [03:06<10:22,  2.23it/s]
precompute mfcc:  31%|███       | 615/2000 [03:07<06:33,  3.52it/s]
precompute mfcc:  31%|███       | 616/2000 [03:07<06:22,  3.61it/s]
precompute mfcc:  31%|███       | 618/2000 [03:07<04:18,  5.35it/s]
precompute mfcc:  31%|███       | 620/2000 [03:07<03:53,  5.90it/s]
precompute mfcc:  31%|███       | 621/2000 [03:08<06:10,  3.72it/s]
precompute mfcc:  31%|███       | 622/2000 [03:09<12:34,  1.83it/s]
precompute mfcc:  31%|███       | 623/2000 [03:09<10:28,  2.19it/s]
precompute mfcc:  31%|███▏      | 625/2000 [03:10<07:14,  3.16it/s]
precompute mfcc:  31%|███▏      | 628/2000 [03:10<04:31,  5.05it/s]
precompute mfcc:  32%|███▏      | 630/2000 [03:10<03:56,  5.79it/s]
precompute mfcc:  32%|███▏      | 631/2000 [03:11<05:57,  3.82it/s]
precompute mfcc:  32%|███▏      | 632/2000 [03:12<11:23,  2.00it/s]
precompute mfcc:  32%|███▏      | 633/2000 [03:12<09:20,  2.44it/s]
precompute mfcc:  32%|███▏      | 634/2000 [03:12<08:06,  2.81it/s]
precompute mfcc:  32%|███▏      | 635/2000 [03:13<06:41,  3.40it/s]
precompute mfcc:  32%|███▏      | 637/2000 [03:13<04:45,  4.77it/s]
precompute mfcc:  32%|███▏      | 638/2000 [03:13<04:30,  5.04it/s]
precompute mfcc:  32%|███▏      | 640/2000 [03:13<03:48,  5.94it/s]
precompute mfcc:  32%|███▏      | 641/2000 [03:14<06:51,  3.30it/s]
precompute mfcc:  32%|███▏      | 642/2000 [03:15<12:21,  1.83it/s]
precompute mfcc:  32%|███▏      | 644/2000 [03:16<08:26,  2.68it/s]
precompute mfcc:  32%|███▏      | 645/2000 [03:16<07:36,  2.97it/s]
precompute mfcc:  32%|███▏      | 647/2000 [03:16<05:35,  4.03it/s]
precompute mfcc:  32%|███▏      | 648/2000 [03:16<05:00,  4.49it/s]
precompute mfcc:  32%|███▎      | 650/2000 [03:16<03:57,  5.68it/s]
precompute mfcc:  33%|███▎      | 651/2000 [03:17<06:33,  3.43it/s]
precompute mfcc:  33%|███▎      | 652/2000 [03:18<11:48,  1.90it/s]
precompute mfcc:  33%|███▎      | 655/2000 [03:19<07:37,  2.94it/s]
precompute mfcc:  33%|███▎      | 657/2000 [03:19<05:39,  3.95it/s]
precompute mfcc:  33%|███▎      | 658/2000 [03:19<05:06,  4.37it/s]
precompute mfcc:  33%|███▎      | 660/2000 [03:19<04:16,  5.22it/s]
precompute mfcc:  33%|███▎      | 661/2000 [03:20<06:24,  3.48it/s]
precompute mfcc:  33%|███▎      | 662/2000 [03:21<11:04,  2.01it/s]
precompute mfcc:  33%|███▎      | 663/2000 [03:21<09:10,  2.43it/s]
precompute mfcc:  33%|███▎      | 665/2000 [03:22<07:40,  2.90it/s]
precompute mfcc:  33%|███▎      | 668/2000 [03:22<04:49,  4.60it/s]
precompute mfcc:  33%|███▎      | 669/2000 [03:22<04:25,  5.01it/s]
precompute mfcc:  34%|███▎      | 671/2000 [03:23<05:58,  3.70it/s]
precompute mfcc:  34%|███▎      | 672/2000 [03:24<10:25,  2.12it/s]
precompute mfcc:  34%|███▍      | 675/2000 [03:25<07:06,  3.11it/s]
precompute mfcc:  34%|███▍      | 676/2000 [03:25<06:14,  3.54it/s]
precompute mfcc:  34%|███▍      | 678/2000 [03:25<04:49,  4.56it/s]
precompute mfcc:  34%|███▍      | 680/2000 [03:25<03:52,  5.69it/s]
precompute mfcc:  34%|███▍      | 681/2000 [03:26<05:55,  3.71it/s]
precompute mfcc:  34%|███▍      | 682/2000 [03:27<10:27,  2.10it/s]
precompute mfcc:  34%|███▍      | 683/2000 [03:27<08:58,  2.45it/s]
precompute mfcc:  34%|███▍      | 685/2000 [03:28<07:05,  3.09it/s]
precompute mfcc:  34%|███▍      | 687/2000 [03:28<05:16,  4.15it/s]
precompute mfcc:  34%|███▍      | 688/2000 [03:28<04:38,  4.72it/s]
precompute mfcc:  34%|███▍      | 689/2000 [03:28<04:37,  4.73it/s]
precompute mfcc:  35%|███▍      | 691/2000 [03:29<06:05,  3.58it/s]
precompute mfcc:  35%|███▍      | 692/2000 [03:30<10:01,  2.17it/s]
precompute mfcc:  35%|███▍      | 693/2000 [03:30<08:37,  2.53it/s]
precompute mfcc:  35%|███▍      | 695/2000 [03:31<06:53,  3.16it/s]
precompute mfcc:  35%|███▍      | 696/2000 [03:31<06:16,  3.47it/s]
precompute mfcc:  35%|███▍      | 697/2000 [03:31<05:32,  3.92it/s]
precompute mfcc:  35%|███▍      | 699/2000 [03:31<03:58,  5.45it/s]
precompute mfcc:  35%|███▌      | 700/2000 [03:31<04:02,  5.37it/s]
precompute mfcc:  35%|███▌      | 701/2000 [03:32<06:34,  3.29it/s]
precompute mfcc:  35%|███▌      | 702/2000 [03:33<11:16,  1.92it/s]
precompute mfcc:  35%|███▌      | 703/2000 [03:33<08:57,  2.41it/s]
precompute mfcc:  35%|███▌      | 704/2000 [03:33<07:33,  2.86it/s]
precompute mfcc:  35%|███▌      | 705/2000 [03:35<13:36,  1.59it/s]
precompute mfcc:  36%|███▌      | 711/2000 [03:35<05:00,  4.29it/s]
precompute mfcc:  36%|███▌      | 712/2000 [03:37<08:30,  2.52it/s]
precompute mfcc:  36%|███▌      | 715/2000 [03:37<07:42,  2.78it/s]
precompute mfcc:  36%|███▌      | 717/2000 [03:38<07:01,  3.04it/s]
precompute mfcc:  36%|███▌      | 721/2000 [03:38<04:20,  4.91it/s]
precompute mfcc:  36%|███▌      | 723/2000 [03:39<06:28,  3.29it/s]
precompute mfcc:  36%|███▋      | 725/2000 [03:40<07:18,  2.91it/s]
precompute mfcc:  36%|███▋      | 726/2000 [03:40<06:45,  3.14it/s]
precompute mfcc:  36%|███▋      | 727/2000 [03:41<06:27,  3.28it/s]
precompute mfcc:  36%|███▋      | 728/2000 [03:41<05:34,  3.80it/s]
precompute mfcc:  37%|███▋      | 731/2000 [03:41<03:43,  5.67it/s]
precompute mfcc:  37%|███▋      | 732/2000 [03:42<07:27,  2.83it/s]
precompute mfcc:  37%|███▋      | 733/2000 [03:42<06:40,  3.16it/s]
precompute mfcc:  37%|███▋      | 735/2000 [03:43<07:59,  2.64it/s]
precompute mfcc:  37%|███▋      | 736/2000 [03:44<07:05,  2.97it/s]
precompute mfcc:  37%|███▋      | 737/2000 [03:44<06:17,  3.34it/s]
precompute mfcc:  37%|███▋      | 739/2000 [03:44<04:33,  4.61it/s]
precompute mfcc:  37%|███▋      | 741/2000 [03:44<03:20,  6.27it/s]
precompute mfcc:  37%|███▋      | 743/2000 [03:45<07:08,  2.93it/s]
precompute mfcc:  37%|███▋      | 745/2000 [03:46<07:58,  2.62it/s]
precompute mfcc:  37%|███▋      | 746/2000 [03:47<07:33,  2.76it/s]
precompute mfcc:  37%|███▋      | 747/2000 [03:47<06:29,  3.21it/s]
precompute mfcc:  38%|███▊      | 750/2000 [03:47<03:46,  5.52it/s]
precompute mfcc:  38%|███▊      | 752/2000 [03:48<06:38,  3.13it/s]
precompute mfcc:  38%|███▊      | 753/2000 [03:48<06:30,  3.19it/s]
precompute mfcc:  38%|███▊      | 754/2000 [03:48<05:42,  3.64it/s]
precompute mfcc:  38%|███▊      | 755/2000 [03:49<08:26,  2.46it/s]
precompute mfcc:  38%|███▊      | 756/2000 [03:50<07:45,  2.67it/s]
precompute mfcc:  38%|███▊      | 759/2000 [03:50<04:15,  4.86it/s]
precompute mfcc:  38%|███▊      | 761/2000 [03:50<03:38,  5.68it/s]
precompute mfcc:  38%|███▊      | 762/2000 [03:51<07:36,  2.71it/s]
precompute mfcc:  38%|███▊      | 763/2000 [03:51<06:47,  3.03it/s]
precompute mfcc:  38%|███▊      | 764/2000 [03:51<05:47,  3.56it/s]
precompute mfcc:  38%|███▊      | 765/2000 [03:52<08:06,  2.54it/s]
precompute mfcc:  38%|███▊      | 766/2000 [03:53<08:15,  2.49it/s]
precompute mfcc:  38%|███▊      | 769/2000 [03:53<04:30,  4.55it/s]
precompute mfcc:  39%|███▊      | 771/2000 [03:53<03:36,  5.68it/s]
precompute mfcc:  39%|███▊      | 772/2000 [03:54<07:15,  2.82it/s]
precompute mfcc:  39%|███▊      | 773/2000 [03:54<07:02,  2.91it/s]
precompute mfcc:  39%|███▊      | 774/2000 [03:55<06:04,  3.36it/s]
precompute mfcc:  39%|███▉      | 775/2000 [03:55<08:02,  2.54it/s]
precompute mfcc:  39%|███▉      | 776/2000 [03:56<07:54,  2.58it/s]
precompute mfcc:  39%|███▉      | 777/2000 [03:56<06:19,  3.23it/s]
precompute mfcc:  39%|███▉      | 779/2000 [03:56<04:02,  5.04it/s]
precompute mfcc:  39%|███▉      | 780/2000 [03:56<04:00,  5.08it/s]
precompute mfcc:  39%|███▉      | 782/2000 [03:57<07:02,  2.89it/s]
precompute mfcc:  39%|███▉      | 783/2000 [03:57<06:44,  3.01it/s]
precompute mfcc:  39%|███▉      | 785/2000 [03:58<06:40,  3.03it/s]
precompute mfcc:  39%|███▉      | 786/2000 [03:59<07:44,  2.61it/s]
precompute mfcc:  39%|███▉      | 787/2000 [03:59<07:00,  2.88it/s]
precompute mfcc:  40%|███▉      | 790/2000 [03:59<04:06,  4.90it/s]
precompute mfcc:  40%|███▉      | 791/2000 [03:59<03:55,  5.14it/s]
precompute mfcc:  40%|███▉      | 792/2000 [04:00<07:40,  2.63it/s]
precompute mfcc:  40%|███▉      | 793/2000 [04:00<06:32,  3.08it/s]
precompute mfcc:  40%|███▉      | 794/2000 [04:01<05:45,  3.49it/s]
precompute mfcc:  40%|███▉      | 795/2000 [04:01<06:54,  2.91it/s]
precompute mfcc:  40%|███▉      | 796/2000 [04:02<08:53,  2.26it/s]
precompute mfcc:  40%|███▉      | 798/2000 [04:02<05:32,  3.62it/s]
precompute mfcc:  40%|████      | 801/2000 [04:02<03:49,  5.22it/s]
precompute mfcc:  40%|████      | 802/2000 [04:03<07:06,  2.81it/s]
precompute mfcc:  40%|████      | 803/2000 [04:03<06:04,  3.28it/s]
precompute mfcc:  40%|████      | 804/2000 [04:04<05:32,  3.60it/s]
precompute mfcc:  40%|████      | 805/2000 [04:04<06:48,  2.92it/s]
precompute mfcc:  40%|████      | 806/2000 [04:05<07:41,  2.59it/s]
precompute mfcc:  40%|████      | 807/2000 [04:05<06:15,  3.18it/s]
precompute mfcc:  40%|████      | 808/2000 [04:05<05:19,  3.73it/s]
precompute mfcc:  41%|████      | 811/2000 [04:05<02:49,  7.02it/s]
precompute mfcc:  41%|████      | 813/2000 [04:06<06:32,  3.03it/s]
precompute mfcc:  41%|████      | 814/2000 [04:07<05:59,  3.30it/s]
precompute mfcc:  41%|████      | 815/2000 [04:07<07:02,  2.80it/s]
precompute mfcc:  41%|████      | 816/2000 [04:08<07:19,  2.69it/s]
precompute mfcc:  41%|████      | 818/2000 [04:08<05:28,  3.60it/s]
precompute mfcc:  41%|████      | 821/2000 [04:08<03:28,  5.66it/s]
precompute mfcc:  41%|████      | 822/2000 [04:09<06:50,  2.87it/s]
precompute mfcc:  41%|████      | 823/2000 [04:09<06:11,  3.17it/s]
precompute mfcc:  41%|████      | 824/2000 [04:10<06:02,  3.24it/s]
precompute mfcc:  41%|████▏     | 825/2000 [04:10<06:32,  3.00it/s]
precompute mfcc:  41%|████▏     | 826/2000 [04:10<06:49,  2.87it/s]
precompute mfcc:  41%|████▏     | 827/2000 [04:11<05:51,  3.34it/s]
precompute mfcc:  41%|████▏     | 828/2000 [04:11<05:16,  3.71it/s]
precompute mfcc:  42%|████▏     | 831/2000 [04:11<03:08,  6.19it/s]
precompute mfcc:  42%|████▏     | 832/2000 [04:12<07:03,  2.76it/s]
precompute mfcc:  42%|████▏     | 833/2000 [04:12<06:25,  3.02it/s]
precompute mfcc:  42%|████▏     | 834/2000 [04:13<06:32,  2.97it/s]
precompute mfcc:  42%|████▏     | 835/2000 [04:13<05:35,  3.47it/s]
precompute mfcc:  42%|████▏     | 836/2000 [04:13<07:10,  2.70it/s]
precompute mfcc:  42%|████▏     | 837/2000 [04:14<06:18,  3.08it/s]
precompute mfcc:  42%|████▏     | 839/2000 [04:14<04:11,  4.62it/s]
precompute mfcc:  42%|████▏     | 841/2000 [04:14<02:59,  6.46it/s]
precompute mfcc:  42%|████▏     | 842/2000 [04:15<07:03,  2.73it/s]
precompute mfcc:  42%|████▏     | 843/2000 [04:15<06:38,  2.90it/s]
precompute mfcc:  42%|████▏     | 844/2000 [04:16<06:50,  2.82it/s]
precompute mfcc:  42%|████▏     | 845/2000 [04:16<05:55,  3.25it/s]
precompute mfcc:  42%|████▏     | 846/2000 [04:16<06:50,  2.81it/s]
precompute mfcc:  42%|████▏     | 847/2000 [04:17<06:18,  3.05it/s]
precompute mfcc:  42%|████▏     | 849/2000 [04:17<04:07,  4.65it/s]
precompute mfcc:  43%|████▎     | 851/2000 [04:17<03:06,  6.17it/s]
precompute mfcc:  43%|████▎     | 852/2000 [04:18<06:43,  2.84it/s]
precompute mfcc:  43%|████▎     | 853/2000 [04:18<06:30,  2.94it/s]
precompute mfcc:  43%|████▎     | 854/2000 [04:19<07:28,  2.56it/s]
precompute mfcc:  43%|████▎     | 855/2000 [04:19<06:01,  3.16it/s]
precompute mfcc:  43%|████▎     | 856/2000 [04:19<06:10,  3.09it/s]
precompute mfcc:  43%|████▎     | 857/2000 [04:20<06:11,  3.08it/s]
precompute mfcc:  43%|████▎     | 859/2000 [04:20<04:06,  4.63it/s]
precompute mfcc:  43%|████▎     | 862/2000 [04:21<05:47,  3.27it/s]
precompute mfcc:  43%|████▎     | 863/2000 [04:21<05:17,  3.58it/s]
precompute mfcc:  43%|████▎     | 864/2000 [04:22<06:46,  2.79it/s]
precompute mfcc:  43%|████▎     | 865/2000 [04:22<05:59,  3.16it/s]
precompute mfcc:  43%|████▎     | 866/2000 [04:22<05:31,  3.42it/s]
precompute mfcc:  43%|████▎     | 867/2000 [04:23<05:58,  3.16it/s]
precompute mfcc:  43%|████▎     | 869/2000 [04:23<03:57,  4.77it/s]
precompute mfcc:  44%|████▎     | 871/2000 [04:23<03:02,  6.19it/s]
precompute mfcc:  44%|████▎     | 872/2000 [04:24<06:46,  2.78it/s]
precompute mfcc:  44%|████▎     | 873/2000 [04:24<06:03,  3.10it/s]
precompute mfcc:  44%|████▎     | 874/2000 [04:25<07:40,  2.45it/s]
precompute mfcc:  44%|████▍     | 876/2000 [04:25<06:01,  3.11it/s]
precompute mfcc:  44%|████▍     | 877/2000 [04:26<05:50,  3.20it/s]
precompute mfcc:  44%|████▍     | 878/2000 [04:26<04:56,  3.79it/s]
precompute mfcc:  44%|████▍     | 880/2000 [04:26<03:19,  5.62it/s]
precompute mfcc:  44%|████▍     | 881/2000 [04:26<03:03,  6.10it/s]
precompute mfcc:  44%|████▍     | 882/2000 [04:27<06:54,  2.70it/s]
precompute mfcc:  44%|████▍     | 883/2000 [04:27<06:44,  2.76it/s]
precompute mfcc:  44%|████▍     | 884/2000 [04:28<08:05,  2.30it/s]
precompute mfcc:  44%|████▍     | 885/2000 [04:28<06:34,  2.82it/s]
precompute mfcc:  44%|████▍     | 886/2000 [04:28<05:59,  3.10it/s]
precompute mfcc:  44%|████▍     | 887/2000 [04:29<06:08,  3.02it/s]
precompute mfcc:  44%|████▍     | 890/2000 [04:29<03:34,  5.17it/s]
precompute mfcc:  45%|████▍     | 892/2000 [04:30<05:30,  3.35it/s]
precompute mfcc:  45%|████▍     | 893/2000 [04:30<06:00,  3.07it/s]
precompute mfcc:  45%|████▍     | 894/2000 [04:31<07:19,  2.52it/s]
precompute mfcc:  45%|████▍     | 896/2000 [04:31<05:36,  3.28it/s]
precompute mfcc:  45%|████▍     | 897/2000 [04:31<05:26,  3.38it/s]
precompute mfcc:  45%|████▍     | 899/2000 [04:32<04:20,  4.23it/s]
precompute mfcc:  45%|████▌     | 900/2000 [04:32<03:53,  4.72it/s]
precompute mfcc:  45%|████▌     | 902/2000 [04:33<05:20,  3.42it/s]
precompute mfcc:  45%|████▌     | 903/2000 [04:33<06:02,  3.02it/s]
precompute mfcc:  45%|████▌     | 904/2000 [04:34<07:13,  2.53it/s]
precompute mfcc:  45%|████▌     | 905/2000 [04:34<05:59,  3.05it/s]
precompute mfcc:  45%|████▌     | 906/2000 [04:34<06:11,  2.94it/s]
precompute mfcc:  45%|████▌     | 907/2000 [04:35<05:40,  3.21it/s]
precompute mfcc:  45%|████▌     | 908/2000 [04:35<04:36,  3.95it/s]
precompute mfcc:  46%|████▌     | 910/2000 [04:35<03:15,  5.58it/s]
precompute mfcc:  46%|████▌     | 911/2000 [04:35<03:09,  5.74it/s]
precompute mfcc:  46%|████▌     | 912/2000 [04:36<06:06,  2.97it/s]
precompute mfcc:  46%|████▌     | 913/2000 [04:36<07:22,  2.45it/s]
precompute mfcc:  46%|████▌     | 914/2000 [04:37<07:49,  2.31it/s]
precompute mfcc:  46%|████▌     | 915/2000 [04:37<06:18,  2.87it/s]
precompute mfcc:  46%|████▌     | 916/2000 [04:37<06:09,  2.94it/s]
precompute mfcc:  46%|████▌     | 917/2000 [04:38<05:10,  3.49it/s]
precompute mfcc:  46%|████▌     | 918/2000 [04:38<04:23,  4.11it/s]
precompute mfcc:  46%|████▌     | 920/2000 [04:38<02:52,  6.25it/s]
precompute mfcc:  46%|████▌     | 921/2000 [04:38<02:55,  6.14it/s]
precompute mfcc:  46%|████▌     | 922/2000 [04:39<06:28,  2.77it/s]
precompute mfcc:  46%|████▌     | 923/2000 [04:39<07:20,  2.44it/s]
precompute mfcc:  46%|████▌     | 924/2000 [04:40<07:54,  2.27it/s]
precompute mfcc:  46%|████▋     | 925/2000 [04:40<06:53,  2.60it/s]
precompute mfcc:  46%|████▋     | 926/2000 [04:40<06:08,  2.91it/s]
precompute mfcc:  46%|████▋     | 927/2000 [04:41<05:17,  3.38it/s]
precompute mfcc:  46%|████▋     | 929/2000 [04:41<03:20,  5.35it/s]
precompute mfcc:  47%|████▋     | 931/2000 [04:41<03:01,  5.91it/s]
precompute mfcc:  47%|████▋     | 932/2000 [04:42<05:33,  3.20it/s]
precompute mfcc:  47%|████▋     | 933/2000 [04:42<06:05,  2.92it/s]
precompute mfcc:  47%|████▋     | 934/2000 [04:43<07:35,  2.34it/s]
precompute mfcc:  47%|████▋     | 935/2000 [04:43<06:35,  2.70it/s]
precompute mfcc:  47%|████▋     | 936/2000 [04:43<06:14,  2.84it/s]
precompute mfcc:  47%|████▋     | 937/2000 [04:44<05:14,  3.37it/s]
precompute mfcc:  47%|████▋     | 939/2000 [04:44<03:29,  5.07it/s]
precompute mfcc:  47%|████▋     | 941/2000 [04:44<02:48,  6.28it/s]
precompute mfcc:  47%|████▋     | 942/2000 [04:45<05:41,  3.10it/s]
precompute mfcc:  47%|████▋     | 943/2000 [04:45<06:29,  2.71it/s]
precompute mfcc:  47%|████▋     | 944/2000 [04:46<07:33,  2.33it/s]
precompute mfcc:  47%|████▋     | 945/2000 [04:46<06:41,  2.63it/s]
precompute mfcc:  47%|████▋     | 946/2000 [04:47<06:24,  2.74it/s]
precompute mfcc:  47%|████▋     | 948/2000 [04:47<04:00,  4.38it/s]
precompute mfcc:  47%|████▋     | 949/2000 [04:47<03:46,  4.63it/s]
precompute mfcc:  48%|████▊     | 952/2000 [04:48<04:55,  3.55it/s]
precompute mfcc:  48%|████▊     | 953/2000 [04:48<05:47,  3.01it/s]
precompute mfcc:  48%|████▊     | 954/2000 [04:49<06:46,  2.57it/s]
precompute mfcc:  48%|████▊     | 955/2000 [04:49<06:09,  2.83it/s]
precompute mfcc:  48%|████▊     | 956/2000 [04:50<06:00,  2.90it/s]
precompute mfcc:  48%|████▊     | 959/2000 [04:50<03:31,  4.93it/s]
precompute mfcc:  48%|████▊     | 960/2000 [04:50<03:16,  5.29it/s]
precompute mfcc:  48%|████▊     | 962/2000 [04:51<05:10,  3.34it/s]
precompute mfcc:  48%|████▊     | 963/2000 [04:52<06:21,  2.72it/s]
precompute mfcc:  48%|████▊     | 964/2000 [04:52<06:52,  2.51it/s]
precompute mfcc:  48%|████▊     | 965/2000 [04:52<05:50,  2.95it/s]
precompute mfcc:  48%|████▊     | 966/2000 [04:52<05:18,  3.25it/s]
precompute mfcc:  48%|████▊     | 967/2000 [04:53<04:21,  3.95it/s]
precompute mfcc:  48%|████▊     | 969/2000 [04:53<03:07,  5.51it/s]
precompute mfcc:  49%|████▊     | 971/2000 [04:53<03:09,  5.42it/s]
precompute mfcc:  49%|████▊     | 972/2000 [04:54<05:48,  2.95it/s]
precompute mfcc:  49%|████▊     | 973/2000 [04:55<07:16,  2.35it/s]
precompute mfcc:  49%|████▊     | 974/2000 [04:55<06:56,  2.46it/s]
precompute mfcc:  49%|████▉     | 975/2000 [04:55<06:04,  2.81it/s]
precompute mfcc:  49%|████▉     | 976/2000 [04:55<05:05,  3.35it/s]
precompute mfcc:  49%|████▉     | 977/2000 [04:55<04:09,  4.09it/s]
precompute mfcc:  49%|████▉     | 978/2000 [04:56<04:03,  4.20it/s]
precompute mfcc:  49%|████▉     | 981/2000 [04:56<02:55,  5.82it/s]
precompute mfcc:  49%|████▉     | 982/2000 [04:57<05:37,  3.01it/s]
precompute mfcc:  49%|████▉     | 983/2000 [04:58<07:06,  2.39it/s]
precompute mfcc:  49%|████▉     | 984/2000 [04:58<06:15,  2.71it/s]
precompute mfcc:  49%|████▉     | 985/2000 [04:58<06:14,  2.71it/s]
precompute mfcc:  49%|████▉     | 986/2000 [04:58<05:13,  3.23it/s]
precompute mfcc:  49%|████▉     | 987/2000 [04:59<04:17,  3.94it/s]
precompute mfcc:  49%|████▉     | 988/2000 [04:59<03:52,  4.36it/s]
precompute mfcc:  49%|████▉     | 989/2000 [04:59<03:22,  4.99it/s]
precompute mfcc:  50%|████▉     | 991/2000 [04:59<03:07,  5.39it/s]
precompute mfcc:  50%|████▉     | 992/2000 [05:00<06:00,  2.79it/s]
precompute mfcc:  50%|████▉     | 993/2000 [05:01<07:50,  2.14it/s]
precompute mfcc:  50%|████▉     | 994/2000 [05:01<06:50,  2.45it/s]
precompute mfcc:  50%|████▉     | 995/2000 [05:01<05:27,  3.07it/s]
precompute mfcc:  50%|████▉     | 996/2000 [05:02<05:15,  3.19it/s]
precompute mfcc:  50%|████▉     | 998/2000 [05:02<03:31,  4.74it/s]
precompute mfcc:  50%|████▉     | 999/2000 [05:02<03:44,  4.46it/s]
precompute mfcc:  50%|█████     | 1000/2000 [05:02<03:13,  5.16it/s]
precompute mfcc:  50%|█████     | 1002/2000 [05:03<05:05,  3.27it/s]
precompute mfcc:  50%|█████     | 1003/2000 [05:04<07:38,  2.17it/s]
precompute mfcc:  50%|█████     | 1004/2000 [05:04<06:27,  2.57it/s]
precompute mfcc:  50%|█████     | 1005/2000 [05:04<05:18,  3.12it/s]
precompute mfcc:  50%|█████     | 1006/2000 [05:05<05:07,  3.23it/s]
precompute mfcc:  50%|█████     | 1007/2000 [05:05<04:11,  3.94it/s]
precompute mfcc:  50%|█████     | 1008/2000 [05:05<03:47,  4.35it/s]
precompute mfcc:  50%|█████     | 1009/2000 [05:05<03:42,  4.45it/s]
precompute mfcc:  51%|█████     | 1012/2000 [05:06<04:33,  3.61it/s]
precompute mfcc:  51%|█████     | 1013/2000 [05:07<07:17,  2.26it/s]
precompute mfcc:  51%|█████     | 1015/2000 [05:07<04:52,  3.36it/s]
precompute mfcc:  51%|█████     | 1016/2000 [05:07<04:50,  3.39it/s]
precompute mfcc:  51%|█████     | 1017/2000 [05:08<04:12,  3.90it/s]
precompute mfcc:  51%|█████     | 1018/2000 [05:08<04:31,  3.62it/s]
precompute mfcc:  51%|█████     | 1021/2000 [05:08<02:33,  6.37it/s]
precompute mfcc:  51%|█████     | 1023/2000 [05:10<07:03,  2.31it/s]
precompute mfcc:  51%|█████▏    | 1025/2000 [05:10<05:09,  3.15it/s]
precompute mfcc:  51%|█████▏    | 1026/2000 [05:10<05:05,  3.19it/s]
precompute mfcc:  51%|█████▏    | 1027/2000 [05:11<04:46,  3.40it/s]
precompute mfcc:  51%|█████▏    | 1028/2000 [05:11<04:23,  3.69it/s]
precompute mfcc:  52%|█████▏    | 1031/2000 [05:11<03:00,  5.38it/s]
precompute mfcc:  52%|█████▏    | 1032/2000 [05:12<04:45,  3.39it/s]
precompute mfcc:  52%|█████▏    | 1033/2000 [05:13<07:07,  2.26it/s]
precompute mfcc:  52%|█████▏    | 1034/2000 [05:13<05:52,  2.74it/s]
precompute mfcc:  52%|█████▏    | 1035/2000 [05:13<04:58,  3.23it/s]
precompute mfcc:  52%|█████▏    | 1036/2000 [05:13<04:37,  3.47it/s]
precompute mfcc:  52%|█████▏    | 1037/2000 [05:14<04:35,  3.49it/s]
precompute mfcc:  52%|█████▏    | 1038/2000 [05:14<04:07,  3.88it/s]
precompute mfcc:  52%|█████▏    | 1041/2000 [05:14<02:41,  5.94it/s]
precompute mfcc:  52%|█████▏    | 1042/2000 [05:15<05:18,  3.00it/s]
precompute mfcc:  52%|█████▏    | 1043/2000 [05:16<06:52,  2.32it/s]
precompute mfcc:  52%|█████▏    | 1044/2000 [05:16<05:59,  2.66it/s]
precompute mfcc:  52%|█████▏    | 1046/2000 [05:16<04:12,  3.78it/s]
precompute mfcc:  52%|█████▏    | 1047/2000 [05:17<05:11,  3.06it/s]
precompute mfcc:  52%|█████▏    | 1049/2000 [05:17<03:41,  4.29it/s]
precompute mfcc:  52%|█████▎    | 1050/2000 [05:17<03:17,  4.81it/s]
precompute mfcc:  53%|█████▎    | 1052/2000 [05:18<04:49,  3.28it/s]
precompute mfcc:  53%|█████▎    | 1053/2000 [05:19<06:37,  2.38it/s]
precompute mfcc:  53%|█████▎    | 1054/2000 [05:19<05:32,  2.84it/s]
precompute mfcc:  53%|█████▎    | 1055/2000 [05:19<04:42,  3.34it/s]
precompute mfcc:  53%|█████▎    | 1056/2000 [05:19<03:59,  3.94it/s]
precompute mfcc:  53%|█████▎    | 1057/2000 [05:20<05:33,  2.83it/s]
precompute mfcc:  53%|█████▎    | 1058/2000 [05:20<04:29,  3.49it/s]
precompute mfcc:  53%|█████▎    | 1061/2000 [05:20<02:32,  6.16it/s]
precompute mfcc:  53%|█████▎    | 1062/2000 [05:21<04:39,  3.36it/s]
precompute mfcc:  53%|█████▎    | 1063/2000 [05:22<06:14,  2.51it/s]
precompute mfcc:  53%|█████▎    | 1064/2000 [05:22<05:38,  2.77it/s]
precompute mfcc:  53%|█████▎    | 1066/2000 [05:22<03:55,  3.97it/s]
precompute mfcc:  53%|█████▎    | 1067/2000 [05:23<05:39,  2.75it/s]
precompute mfcc:  53%|█████▎    | 1069/2000 [05:23<04:04,  3.81it/s]
precompute mfcc:  54%|█████▎    | 1071/2000 [05:23<03:01,  5.13it/s]
precompute mfcc:  54%|█████▎    | 1072/2000 [05:24<04:30,  3.43it/s]
precompute mfcc:  54%|█████▎    | 1073/2000 [05:25<06:28,  2.39it/s]
precompute mfcc:  54%|█████▎    | 1074/2000 [05:25<05:29,  2.81it/s]
precompute mfcc:  54%|█████▍    | 1075/2000 [05:25<04:37,  3.33it/s]
precompute mfcc:  54%|█████▍    | 1076/2000 [05:25<03:58,  3.88it/s]
precompute mfcc:  54%|█████▍    | 1077/2000 [05:26<05:52,  2.62it/s]
precompute mfcc:  54%|█████▍    | 1079/2000 [05:26<03:37,  4.24it/s]
precompute mfcc:  54%|█████▍    | 1080/2000 [05:26<03:07,  4.90it/s]
precompute mfcc:  54%|█████▍    | 1081/2000 [05:26<03:03,  5.00it/s]
precompute mfcc:  54%|█████▍    | 1082/2000 [05:27<04:32,  3.36it/s]
precompute mfcc:  54%|█████▍    | 1083/2000 [05:28<06:45,  2.26it/s]
precompute mfcc:  54%|█████▍    | 1084/2000 [05:28<06:02,  2.52it/s]
precompute mfcc:  54%|█████▍    | 1086/2000 [05:28<04:17,  3.55it/s]
precompute mfcc:  54%|█████▍    | 1087/2000 [05:29<05:24,  2.82it/s]
precompute mfcc:  54%|█████▍    | 1088/2000 [05:29<04:40,  3.25it/s]
precompute mfcc:  55%|█████▍    | 1091/2000 [05:29<02:39,  5.68it/s]
precompute mfcc:  55%|█████▍    | 1092/2000 [05:30<03:51,  3.92it/s]
precompute mfcc:  55%|█████▍    | 1093/2000 [05:31<05:42,  2.65it/s]
precompute mfcc:  55%|█████▍    | 1094/2000 [05:31<05:23,  2.80it/s]
precompute mfcc:  55%|█████▍    | 1095/2000 [05:31<04:31,  3.34it/s]
precompute mfcc:  55%|█████▍    | 1096/2000 [05:31<04:53,  3.08it/s]
precompute mfcc:  55%|█████▍    | 1097/2000 [05:32<05:20,  2.82it/s]
precompute mfcc:  55%|█████▍    | 1099/2000 [05:32<03:21,  4.47it/s]
precompute mfcc:  55%|█████▌    | 1100/2000 [05:32<03:00,  4.99it/s]
precompute mfcc:  55%|█████▌    | 1102/2000 [05:33<03:43,  4.02it/s]
precompute mfcc:  55%|█████▌    | 1103/2000 [05:34<06:16,  2.38it/s]
precompute mfcc:  55%|█████▌    | 1105/2000 [05:34<04:55,  3.03it/s]
precompute mfcc:  55%|█████▌    | 1106/2000 [05:34<04:53,  3.05it/s]
precompute mfcc:  55%|█████▌    | 1107/2000 [05:35<04:57,  3.00it/s]
precompute mfcc:  55%|█████▌    | 1108/2000 [05:35<04:17,  3.46it/s]
precompute mfcc:  56%|█████▌    | 1111/2000 [05:35<02:32,  5.85it/s]
precompute mfcc:  56%|█████▌    | 1112/2000 [05:36<03:45,  3.94it/s]
precompute mfcc:  56%|█████▌    | 1113/2000 [05:37<05:58,  2.48it/s]
precompute mfcc:  56%|█████▌    | 1114/2000 [05:37<05:21,  2.76it/s]
precompute mfcc:  56%|█████▌    | 1115/2000 [05:37<05:04,  2.91it/s]
precompute mfcc:  56%|█████▌    | 1116/2000 [05:38<05:01,  2.93it/s]
precompute mfcc:  56%|█████▌    | 1117/2000 [05:38<04:29,  3.27it/s]
precompute mfcc:  56%|█████▌    | 1118/2000 [05:38<04:08,  3.54it/s]
precompute mfcc:  56%|█████▌    | 1120/2000 [05:38<02:37,  5.59it/s]
precompute mfcc:  56%|█████▌    | 1121/2000 [05:38<02:21,  6.22it/s]
precompute mfcc:  56%|█████▌    | 1122/2000 [05:39<04:09,  3.52it/s]
precompute mfcc:  56%|█████▌    | 1123/2000 [05:40<06:34,  2.22it/s]
precompute mfcc:  56%|█████▌    | 1124/2000 [05:40<05:24,  2.70it/s]
precompute mfcc:  56%|█████▋    | 1125/2000 [05:40<05:03,  2.88it/s]
precompute mfcc:  56%|█████▋    | 1126/2000 [05:41<05:21,  2.72it/s]
precompute mfcc:  56%|█████▋    | 1127/2000 [05:41<04:21,  3.34it/s]
precompute mfcc:  56%|█████▋    | 1128/2000 [05:41<03:54,  3.72it/s]
precompute mfcc:  56%|█████▋    | 1129/2000 [05:41<03:39,  3.97it/s]
precompute mfcc:  57%|█████▋    | 1131/2000 [05:41<02:21,  6.13it/s]
precompute mfcc:  57%|█████▋    | 1132/2000 [05:42<03:41,  3.92it/s]
precompute mfcc:  57%|█████▋    | 1133/2000 [05:43<05:50,  2.47it/s]
precompute mfcc:  57%|█████▋    | 1134/2000 [05:43<05:28,  2.63it/s]
precompute mfcc:  57%|█████▋    | 1135/2000 [05:43<05:10,  2.78it/s]
precompute mfcc:  57%|█████▋    | 1136/2000 [05:44<05:06,  2.82it/s]
precompute mfcc:  57%|█████▋    | 1137/2000 [05:44<04:29,  3.20it/s]
precompute mfcc:  57%|█████▋    | 1138/2000 [05:44<03:46,  3.80it/s]
precompute mfcc:  57%|█████▋    | 1139/2000 [05:44<03:27,  4.15it/s]
precompute mfcc:  57%|█████▋    | 1141/2000 [05:44<02:29,  5.76it/s]
precompute mfcc:  57%|█████▋    | 1142/2000 [05:45<03:35,  3.98it/s]
precompute mfcc:  57%|█████▋    | 1143/2000 [05:46<06:05,  2.35it/s]
precompute mfcc:  57%|█████▋    | 1144/2000 [05:46<05:01,  2.84it/s]
precompute mfcc:  57%|█████▋    | 1145/2000 [05:46<05:14,  2.72it/s]
precompute mfcc:  57%|█████▋    | 1146/2000 [05:47<05:25,  2.62it/s]
precompute mfcc:  57%|█████▋    | 1147/2000 [05:47<04:26,  3.20it/s]
precompute mfcc:  57%|█████▋    | 1148/2000 [05:47<03:50,  3.70it/s]
precompute mfcc:  57%|█████▊    | 1150/2000 [05:47<03:03,  4.64it/s]
precompute mfcc:  58%|█████▊    | 1152/2000 [05:48<03:15,  4.33it/s]
precompute mfcc:  58%|█████▊    | 1153/2000 [05:49<05:19,  2.65it/s]
precompute mfcc:  58%|█████▊    | 1154/2000 [05:49<04:56,  2.86it/s]
precompute mfcc:  58%|█████▊    | 1155/2000 [05:49<04:56,  2.85it/s]
precompute mfcc:  58%|█████▊    | 1156/2000 [05:50<05:05,  2.76it/s]
precompute mfcc:  58%|█████▊    | 1157/2000 [05:50<04:05,  3.44it/s]
precompute mfcc:  58%|█████▊    | 1158/2000 [05:50<03:35,  3.91it/s]
precompute mfcc:  58%|█████▊    | 1159/2000 [05:50<03:06,  4.51it/s]
precompute mfcc:  58%|█████▊    | 1161/2000 [05:50<02:17,  6.09it/s]
precompute mfcc:  58%|█████▊    | 1162/2000 [05:51<03:35,  3.89it/s]
precompute mfcc:  58%|█████▊    | 1163/2000 [05:52<05:34,  2.51it/s]
precompute mfcc:  58%|█████▊    | 1164/2000 [05:52<05:24,  2.57it/s]
precompute mfcc:  58%|█████▊    | 1165/2000 [05:52<05:07,  2.71it/s]
precompute mfcc:  58%|█████▊    | 1166/2000 [05:53<04:44,  2.93it/s]
precompute mfcc:  58%|█████▊    | 1167/2000 [05:53<04:33,  3.04it/s]
precompute mfcc:  58%|█████▊    | 1169/2000 [05:53<03:02,  4.56it/s]
precompute mfcc:  59%|█████▊    | 1171/2000 [05:53<02:13,  6.20it/s]
precompute mfcc:  59%|█████▊    | 1172/2000 [05:54<03:48,  3.62it/s]
precompute mfcc:  59%|█████▊    | 1173/2000 [05:55<05:38,  2.44it/s]
precompute mfcc:  59%|█████▊    | 1174/2000 [05:55<05:08,  2.68it/s]
precompute mfcc:  59%|█████▉    | 1175/2000 [05:55<04:56,  2.79it/s]
precompute mfcc:  59%|█████▉    | 1176/2000 [05:56<04:46,  2.88it/s]
precompute mfcc:  59%|█████▉    | 1177/2000 [05:56<04:24,  3.11it/s]
precompute mfcc:  59%|█████▉    | 1179/2000 [05:56<02:56,  4.64it/s]
precompute mfcc:  59%|█████▉    | 1180/2000 [05:56<02:44,  4.98it/s]
precompute mfcc:  59%|█████▉    | 1182/2000 [05:57<03:40,  3.71it/s]
precompute mfcc:  59%|█████▉    | 1183/2000 [05:58<05:22,  2.54it/s]
precompute mfcc:  59%|█████▉    | 1184/2000 [05:58<04:58,  2.74it/s]
precompute mfcc:  59%|█████▉    | 1185/2000 [05:58<04:27,  3.05it/s]
precompute mfcc:  59%|█████▉    | 1186/2000 [05:59<04:47,  2.84it/s]
precompute mfcc:  59%|█████▉    | 1187/2000 [05:59<04:41,  2.89it/s]
precompute mfcc:  59%|█████▉    | 1189/2000 [05:59<03:06,  4.35it/s]
precompute mfcc:  60%|█████▉    | 1191/2000 [05:59<02:34,  5.24it/s]
precompute mfcc:  60%|█████▉    | 1192/2000 [06:00<03:31,  3.83it/s]
precompute mfcc:  60%|█████▉    | 1193/2000 [06:01<05:33,  2.42it/s]
precompute mfcc:  60%|█████▉    | 1194/2000 [06:01<05:19,  2.52it/s]
precompute mfcc:  60%|█████▉    | 1195/2000 [06:01<04:29,  2.99it/s]
precompute mfcc:  60%|█████▉    | 1196/2000 [06:02<04:20,  3.09it/s]
precompute mfcc:  60%|█████▉    | 1197/2000 [06:02<04:34,  2.92it/s]
precompute mfcc:  60%|█████▉    | 1199/2000 [06:02<03:10,  4.21it/s]
precompute mfcc:  60%|██████    | 1201/2000 [06:03<02:26,  5.45it/s]
precompute mfcc:  60%|██████    | 1202/2000 [06:03<03:34,  3.72it/s]
precompute mfcc:  60%|██████    | 1203/2000 [06:04<05:34,  2.38it/s]
precompute mfcc:  60%|██████    | 1204/2000 [06:04<04:55,  2.69it/s]
precompute mfcc:  60%|██████    | 1205/2000 [06:04<04:32,  2.92it/s]
precompute mfcc:  60%|██████    | 1206/2000 [06:05<04:25,  2.99it/s]
precompute mfcc:  60%|██████    | 1207/2000 [06:05<04:18,  3.07it/s]
precompute mfcc:  60%|██████    | 1208/2000 [06:05<03:47,  3.49it/s]
precompute mfcc:  60%|██████    | 1210/2000 [06:06<02:49,  4.67it/s]
precompute mfcc:  61%|██████    | 1211/2000 [06:06<02:32,  5.18it/s]
precompute mfcc:  61%|██████    | 1212/2000 [06:06<03:40,  3.57it/s]
precompute mfcc:  61%|██████    | 1213/2000 [06:07<05:38,  2.32it/s]
precompute mfcc:  61%|██████    | 1214/2000 [06:07<04:40,  2.80it/s]
precompute mfcc:  61%|██████    | 1215/2000 [06:07<04:17,  3.05it/s]
precompute mfcc:  61%|██████    | 1216/2000 [06:08<04:31,  2.88it/s]
precompute mfcc:  61%|██████    | 1217/2000 [06:08<04:09,  3.14it/s]
precompute mfcc:  61%|██████    | 1218/2000 [06:08<03:52,  3.36it/s]
precompute mfcc:  61%|██████    | 1219/2000 [06:08<03:13,  4.04it/s]
precompute mfcc:  61%|██████    | 1221/2000 [06:09<02:30,  5.19it/s]
precompute mfcc:  61%|██████    | 1222/2000 [06:09<03:12,  4.05it/s]
precompute mfcc:  61%|██████    | 1223/2000 [06:10<05:41,  2.27it/s]
precompute mfcc:  61%|██████    | 1224/2000 [06:10<04:56,  2.61it/s]
precompute mfcc:  61%|██████▏   | 1225/2000 [06:11<04:16,  3.02it/s]
precompute mfcc:  61%|██████▏   | 1226/2000 [06:11<04:54,  2.63it/s]
precompute mfcc:  61%|██████▏   | 1228/2000 [06:11<03:41,  3.48it/s]
precompute mfcc:  62%|██████▏   | 1230/2000 [06:12<03:07,  4.11it/s]
precompute mfcc:  62%|██████▏   | 1232/2000 [06:12<02:57,  4.33it/s]
precompute mfcc:  62%|██████▏   | 1233/2000 [06:13<04:40,  2.73it/s]
precompute mfcc:  62%|██████▏   | 1234/2000 [06:13<04:50,  2.64it/s]
precompute mfcc:  62%|██████▏   | 1235/2000 [06:14<04:07,  3.09it/s]
precompute mfcc:  62%|██████▏   | 1236/2000 [06:14<04:45,  2.68it/s]
precompute mfcc:  62%|██████▏   | 1238/2000 [06:14<03:36,  3.53it/s]
precompute mfcc:  62%|██████▏   | 1239/2000 [06:15<03:13,  3.93it/s]
precompute mfcc:  62%|██████▏   | 1241/2000 [06:15<02:23,  5.29it/s]
precompute mfcc:  62%|██████▏   | 1242/2000 [06:15<03:04,  4.10it/s]
precompute mfcc:  62%|██████▏   | 1243/2000 [06:16<05:03,  2.49it/s]
precompute mfcc:  62%|██████▏   | 1244/2000 [06:17<05:08,  2.45it/s]
precompute mfcc:  62%|██████▏   | 1245/2000 [06:17<04:16,  2.95it/s]
precompute mfcc:  62%|██████▏   | 1246/2000 [06:17<04:14,  2.97it/s]
precompute mfcc:  62%|██████▏   | 1248/2000 [06:17<03:30,  3.58it/s]
precompute mfcc:  62%|██████▏   | 1249/2000 [06:18<03:10,  3.95it/s]
precompute mfcc:  63%|██████▎   | 1251/2000 [06:18<02:21,  5.30it/s]
precompute mfcc:  63%|██████▎   | 1252/2000 [06:18<03:17,  3.79it/s]
precompute mfcc:  63%|██████▎   | 1253/2000 [06:19<05:10,  2.41it/s]
precompute mfcc:  63%|██████▎   | 1254/2000 [06:20<05:10,  2.40it/s]
precompute mfcc:  63%|██████▎   | 1256/2000 [06:20<04:02,  3.07it/s]
precompute mfcc:  63%|██████▎   | 1257/2000 [06:20<03:30,  3.54it/s]
precompute mfcc:  63%|██████▎   | 1258/2000 [06:21<03:49,  3.23it/s]
precompute mfcc:  63%|██████▎   | 1259/2000 [06:21<03:09,  3.90it/s]
precompute mfcc:  63%|██████▎   | 1262/2000 [06:21<03:05,  3.97it/s]
precompute mfcc:  63%|██████▎   | 1263/2000 [06:23<05:07,  2.40it/s]
precompute mfcc:  63%|██████▎   | 1264/2000 [06:23<04:17,  2.86it/s]
precompute mfcc:  63%|██████▎   | 1265/2000 [06:23<03:51,  3.18it/s]
precompute mfcc:  63%|██████▎   | 1266/2000 [06:23<03:30,  3.48it/s]
precompute mfcc:  63%|██████▎   | 1267/2000 [06:23<02:54,  4.21it/s]
precompute mfcc:  63%|██████▎   | 1268/2000 [06:24<03:37,  3.37it/s]
precompute mfcc:  64%|██████▎   | 1270/2000 [06:24<02:26,  4.99it/s]
precompute mfcc:  64%|██████▎   | 1271/2000 [06:24<02:13,  5.46it/s]
precompute mfcc:  64%|██████▎   | 1272/2000 [06:24<03:32,  3.43it/s]
precompute mfcc:  64%|██████▎   | 1273/2000 [06:26<06:21,  1.90it/s]
precompute mfcc:  64%|██████▍   | 1275/2000 [06:26<04:40,  2.59it/s]
precompute mfcc:  64%|██████▍   | 1277/2000 [06:26<03:11,  3.78it/s]
precompute mfcc:  64%|██████▍   | 1278/2000 [06:27<03:18,  3.64it/s]
precompute mfcc:  64%|██████▍   | 1279/2000 [06:27<02:55,  4.11it/s]
precompute mfcc:  64%|██████▍   | 1280/2000 [06:27<02:34,  4.65it/s]
precompute mfcc:  64%|██████▍   | 1281/2000 [06:27<02:21,  5.07it/s]
precompute mfcc:  64%|██████▍   | 1282/2000 [06:27<03:25,  3.49it/s]
precompute mfcc:  64%|██████▍   | 1283/2000 [06:29<06:37,  1.80it/s]
precompute mfcc:  64%|██████▍   | 1285/2000 [06:29<05:05,  2.34it/s]
precompute mfcc:  64%|██████▍   | 1288/2000 [06:30<03:13,  3.67it/s]
precompute mfcc:  64%|██████▍   | 1289/2000 [06:30<02:54,  4.07it/s]
precompute mfcc:  64%|██████▍   | 1290/2000 [06:30<02:46,  4.27it/s]
precompute mfcc:  65%|██████▍   | 1292/2000 [06:30<02:59,  3.94it/s]
precompute mfcc:  65%|██████▍   | 1293/2000 [06:32<05:32,  2.13it/s]
precompute mfcc:  65%|██████▍   | 1295/2000 [06:32<04:15,  2.76it/s]
precompute mfcc:  65%|██████▍   | 1296/2000 [06:32<03:46,  3.11it/s]
precompute mfcc:  65%|██████▍   | 1298/2000 [06:33<03:10,  3.69it/s]
precompute mfcc:  65%|██████▍   | 1299/2000 [06:33<02:51,  4.09it/s]
precompute mfcc:  65%|██████▌   | 1302/2000 [06:33<02:42,  4.30it/s]
precompute mfcc:  65%|██████▌   | 1303/2000 [06:35<04:53,  2.37it/s]
precompute mfcc:  65%|██████▌   | 1305/2000 [06:35<04:03,  2.85it/s]
precompute mfcc:  65%|██████▌   | 1306/2000 [06:35<03:35,  3.23it/s]
precompute mfcc:  65%|██████▌   | 1308/2000 [06:36<02:58,  3.87it/s]
precompute mfcc:  65%|██████▌   | 1309/2000 [06:36<02:38,  4.36it/s]
precompute mfcc:  66%|██████▌   | 1310/2000 [06:36<02:22,  4.85it/s]
precompute mfcc:  66%|██████▌   | 1311/2000 [06:36<02:08,  5.35it/s]
precompute mfcc:  66%|██████▌   | 1312/2000 [06:37<03:12,  3.58it/s]
precompute mfcc:  66%|██████▌   | 1313/2000 [06:38<06:28,  1.77it/s]
precompute mfcc:  66%|██████▌   | 1315/2000 [06:38<04:29,  2.54it/s]
precompute mfcc:  66%|██████▌   | 1317/2000 [06:38<03:07,  3.65it/s]
precompute mfcc:  66%|██████▌   | 1318/2000 [06:39<03:11,  3.57it/s]
precompute mfcc:  66%|██████▌   | 1320/2000 [06:39<02:32,  4.47it/s]
precompute mfcc:  66%|██████▌   | 1321/2000 [06:39<02:23,  4.73it/s]
precompute mfcc:  66%|██████▌   | 1322/2000 [06:40<03:25,  3.30it/s]
precompute mfcc:  66%|██████▌   | 1323/2000 [06:41<05:59,  1.88it/s]
precompute mfcc:  66%|██████▋   | 1325/2000 [06:41<04:08,  2.71it/s]
precompute mfcc:  66%|██████▋   | 1327/2000 [06:41<03:07,  3.59it/s]
precompute mfcc:  66%|██████▋   | 1328/2000 [06:42<02:54,  3.84it/s]
precompute mfcc:  66%|██████▋   | 1330/2000 [06:42<02:29,  4.47it/s]
precompute mfcc:  67%|██████▋   | 1331/2000 [06:42<02:20,  4.75it/s]
precompute mfcc:  67%|██████▋   | 1332/2000 [06:43<03:06,  3.58it/s]
precompute mfcc:  67%|██████▋   | 1333/2000 [06:44<05:52,  1.89it/s]
precompute mfcc:  67%|██████▋   | 1334/2000 [06:44<04:53,  2.27it/s]
precompute mfcc:  67%|██████▋   | 1335/2000 [06:44<03:55,  2.83it/s]
precompute mfcc:  67%|██████▋   | 1337/2000 [06:44<02:36,  4.25it/s]
precompute mfcc:  67%|██████▋   | 1338/2000 [06:45<02:44,  4.03it/s]
precompute mfcc:  67%|██████▋   | 1339/2000 [06:45<02:33,  4.31it/s]
precompute mfcc:  67%|██████▋   | 1340/2000 [06:45<02:31,  4.36it/s]
precompute mfcc:  67%|██████▋   | 1341/2000 [06:45<02:24,  4.56it/s]
precompute mfcc:  67%|██████▋   | 1342/2000 [06:46<03:08,  3.50it/s]
precompute mfcc:  67%|██████▋   | 1343/2000 [06:47<06:19,  1.73it/s]
precompute mfcc:  67%|██████▋   | 1344/2000 [06:47<04:52,  2.24it/s]
precompute mfcc:  67%|██████▋   | 1345/2000 [06:47<03:52,  2.81it/s]
precompute mfcc:  67%|██████▋   | 1346/2000 [06:47<03:03,  3.57it/s]
precompute mfcc:  67%|██████▋   | 1348/2000 [06:48<02:33,  4.26it/s]
precompute mfcc:  67%|██████▋   | 1349/2000 [06:48<02:28,  4.38it/s]
precompute mfcc:  68%|██████▊   | 1350/2000 [06:48<02:42,  4.00it/s]
precompute mfcc:  68%|██████▊   | 1351/2000 [06:48<02:27,  4.40it/s]
precompute mfcc:  68%|██████▊   | 1352/2000 [06:49<02:43,  3.97it/s]
precompute mfcc:  68%|██████▊   | 1353/2000 [06:50<06:18,  1.71it/s]
precompute mfcc:  68%|██████▊   | 1355/2000 [06:50<03:48,  2.82it/s]
precompute mfcc:  68%|██████▊   | 1357/2000 [06:50<02:34,  4.17it/s]
precompute mfcc:  68%|██████▊   | 1358/2000 [06:51<03:07,  3.42it/s]
precompute mfcc:  68%|██████▊   | 1359/2000 [06:51<02:45,  3.88it/s]
precompute mfcc:  68%|██████▊   | 1360/2000 [06:51<02:47,  3.82it/s]
precompute mfcc:  68%|██████▊   | 1361/2000 [06:52<02:48,  3.79it/s]
precompute mfcc:  68%|██████▊   | 1362/2000 [06:52<02:52,  3.69it/s]
precompute mfcc:  68%|██████▊   | 1363/2000 [06:53<06:07,  1.73it/s]
precompute mfcc:  68%|██████▊   | 1365/2000 [06:54<03:56,  2.69it/s]
precompute mfcc:  68%|██████▊   | 1368/2000 [06:54<02:54,  3.63it/s]
precompute mfcc:  68%|██████▊   | 1369/2000 [06:54<02:35,  4.05it/s]
precompute mfcc:  68%|██████▊   | 1370/2000 [06:54<02:30,  4.20it/s]
precompute mfcc:  69%|██████▊   | 1371/2000 [06:55<02:28,  4.24it/s]
precompute mfcc:  69%|██████▊   | 1372/2000 [06:55<02:39,  3.94it/s]
precompute mfcc:  69%|██████▊   | 1373/2000 [06:56<05:51,  1.78it/s]
precompute mfcc:  69%|██████▉   | 1375/2000 [06:57<03:45,  2.77it/s]
precompute mfcc:  69%|██████▉   | 1377/2000 [06:57<02:35,  4.01it/s]
precompute mfcc:  69%|██████▉   | 1378/2000 [06:57<02:58,  3.49it/s]
precompute mfcc:  69%|██████▉   | 1379/2000 [06:57<03:01,  3.42it/s]
precompute mfcc:  69%|██████▉   | 1380/2000 [06:58<02:35,  4.00it/s]
precompute mfcc:  69%|██████▉   | 1381/2000 [06:58<02:33,  4.04it/s]
precompute mfcc:  69%|██████▉   | 1382/2000 [06:58<02:13,  4.63it/s]
precompute mfcc:  69%|██████▉   | 1383/2000 [06:59<06:04,  1.69it/s]
precompute mfcc:  69%|██████▉   | 1385/2000 [07:00<03:44,  2.74it/s]
precompute mfcc:  69%|██████▉   | 1387/2000 [07:00<02:46,  3.69it/s]
precompute mfcc:  69%|██████▉   | 1388/2000 [07:00<03:04,  3.31it/s]
precompute mfcc:  69%|██████▉   | 1389/2000 [07:01<02:55,  3.48it/s]
precompute mfcc:  70%|██████▉   | 1391/2000 [07:01<02:21,  4.32it/s]
precompute mfcc:  70%|██████▉   | 1393/2000 [07:02<04:31,  2.23it/s]
precompute mfcc:  70%|██████▉   | 1396/2000 [07:03<02:56,  3.43it/s]
precompute mfcc:  70%|██████▉   | 1397/2000 [07:03<02:48,  3.58it/s]
precompute mfcc:  70%|██████▉   | 1398/2000 [07:03<02:53,  3.47it/s]
precompute mfcc:  70%|██████▉   | 1399/2000 [07:03<02:39,  3.78it/s]
precompute mfcc:  70%|███████   | 1400/2000 [07:04<02:20,  4.28it/s]
precompute mfcc:  70%|███████   | 1401/2000 [07:04<02:20,  4.27it/s]
precompute mfcc:  70%|███████   | 1403/2000 [07:05<04:35,  2.16it/s]
precompute mfcc:  70%|███████   | 1405/2000 [07:06<03:18,  3.00it/s]
precompute mfcc:  70%|███████   | 1407/2000 [07:06<02:50,  3.49it/s]
precompute mfcc:  70%|███████   | 1408/2000 [07:06<02:44,  3.59it/s]
precompute mfcc:  70%|███████   | 1409/2000 [07:06<02:27,  3.99it/s]
precompute mfcc:  70%|███████   | 1410/2000 [07:07<02:31,  3.89it/s]
precompute mfcc:  71%|███████   | 1412/2000 [07:07<02:01,  4.84it/s]
precompute mfcc:  71%|███████   | 1413/2000 [07:08<04:47,  2.04it/s]
precompute mfcc:  71%|███████   | 1414/2000 [07:09<03:57,  2.47it/s]
precompute mfcc:  71%|███████   | 1415/2000 [07:09<03:18,  2.94it/s]
precompute mfcc:  71%|███████   | 1417/2000 [07:09<02:46,  3.50it/s]
precompute mfcc:  71%|███████   | 1418/2000 [07:09<02:32,  3.82it/s]
precompute mfcc:  71%|███████   | 1419/2000 [07:09<02:13,  4.36it/s]
precompute mfcc:  71%|███████   | 1420/2000 [07:10<02:11,  4.41it/s]
precompute mfcc:  71%|███████   | 1421/2000 [07:10<02:04,  4.63it/s]
precompute mfcc:  71%|███████   | 1422/2000 [07:10<02:01,  4.77it/s]
precompute mfcc:  71%|███████   | 1423/2000 [07:11<05:15,  1.83it/s]
precompute mfcc:  71%|███████   | 1424/2000 [07:12<04:10,  2.30it/s]
precompute mfcc:  71%|███████▏  | 1426/2000 [07:12<02:45,  3.47it/s]
precompute mfcc:  71%|███████▏  | 1427/2000 [07:12<02:45,  3.46it/s]
precompute mfcc:  71%|███████▏  | 1428/2000 [07:12<02:36,  3.65it/s]
precompute mfcc:  72%|███████▏  | 1430/2000 [07:13<02:00,  4.74it/s]
precompute mfcc:  72%|███████▏  | 1431/2000 [07:13<01:54,  4.95it/s]
precompute mfcc:  72%|███████▏  | 1432/2000 [07:13<01:55,  4.90it/s]
precompute mfcc:  72%|███████▏  | 1433/2000 [07:15<05:23,  1.75it/s]
precompute mfcc:  72%|███████▏  | 1434/2000 [07:15<04:12,  2.24it/s]
precompute mfcc:  72%|███████▏  | 1435/2000 [07:15<03:38,  2.59it/s]
precompute mfcc:  72%|███████▏  | 1437/2000 [07:15<02:30,  3.74it/s]
precompute mfcc:  72%|███████▏  | 1438/2000 [07:15<02:32,  3.69it/s]
precompute mfcc:  72%|███████▏  | 1440/2000 [07:16<02:00,  4.63it/s]
precompute mfcc:  72%|███████▏  | 1441/2000 [07:16<01:50,  5.08it/s]
precompute mfcc:  72%|███████▏  | 1442/2000 [07:16<01:40,  5.54it/s]
precompute mfcc:  72%|███████▏  | 1443/2000 [07:18<05:11,  1.79it/s]
precompute mfcc:  72%|███████▏  | 1444/2000 [07:18<04:09,  2.23it/s]
precompute mfcc:  72%|███████▏  | 1445/2000 [07:18<03:20,  2.77it/s]
precompute mfcc:  72%|███████▏  | 1447/2000 [07:18<02:46,  3.31it/s]
precompute mfcc:  72%|███████▏  | 1448/2000 [07:19<02:36,  3.53it/s]
precompute mfcc:  72%|███████▏  | 1449/2000 [07:19<02:14,  4.08it/s]
precompute mfcc:  72%|███████▎  | 1450/2000 [07:19<02:04,  4.42it/s]
precompute mfcc:  73%|███████▎  | 1453/2000 [07:21<03:42,  2.46it/s]
precompute mfcc:  73%|███████▎  | 1454/2000 [07:21<03:23,  2.68it/s]
precompute mfcc:  73%|███████▎  | 1455/2000 [07:21<02:58,  3.06it/s]
precompute mfcc:  73%|███████▎  | 1457/2000 [07:21<02:27,  3.69it/s]
precompute mfcc:  73%|███████▎  | 1458/2000 [07:22<02:23,  3.78it/s]
precompute mfcc:  73%|███████▎  | 1460/2000 [07:22<01:45,  5.13it/s]
precompute mfcc:  73%|███████▎  | 1462/2000 [07:22<01:36,  5.57it/s]
precompute mfcc:  73%|███████▎  | 1463/2000 [07:24<03:57,  2.26it/s]
precompute mfcc:  73%|███████▎  | 1464/2000 [07:24<03:37,  2.46it/s]
precompute mfcc:  73%|███████▎  | 1465/2000 [07:24<03:00,  2.97it/s]
precompute mfcc:  73%|███████▎  | 1466/2000 [07:24<02:33,  3.48it/s]
precompute mfcc:  73%|███████▎  | 1467/2000 [07:24<02:34,  3.44it/s]
precompute mfcc:  73%|███████▎  | 1468/2000 [07:25<02:18,  3.84it/s]
precompute mfcc:  73%|███████▎  | 1469/2000 [07:25<01:55,  4.61it/s]
precompute mfcc:  74%|███████▎  | 1470/2000 [07:25<01:50,  4.80it/s]
precompute mfcc:  74%|███████▎  | 1472/2000 [07:25<01:38,  5.38it/s]
precompute mfcc:  74%|███████▎  | 1473/2000 [07:27<04:17,  2.05it/s]
precompute mfcc:  74%|███████▎  | 1474/2000 [07:27<03:43,  2.36it/s]
precompute mfcc:  74%|███████▍  | 1476/2000 [07:27<02:41,  3.25it/s]
precompute mfcc:  74%|███████▍  | 1477/2000 [07:27<02:24,  3.62it/s]
precompute mfcc:  74%|███████▍  | 1478/2000 [07:28<02:15,  3.85it/s]
precompute mfcc:  74%|███████▍  | 1479/2000 [07:28<02:10,  3.99it/s]
precompute mfcc:  74%|███████▍  | 1482/2000 [07:28<01:35,  5.44it/s]
precompute mfcc:  74%|███████▍  | 1483/2000 [07:30<03:43,  2.31it/s]
precompute mfcc:  74%|███████▍  | 1484/2000 [07:30<03:26,  2.50it/s]
precompute mfcc:  74%|███████▍  | 1486/2000 [07:30<02:43,  3.14it/s]
precompute mfcc:  74%|███████▍  | 1487/2000 [07:30<02:21,  3.64it/s]
precompute mfcc:  74%|███████▍  | 1488/2000 [07:31<02:10,  3.93it/s]
precompute mfcc:  74%|███████▍  | 1489/2000 [07:31<01:58,  4.32it/s]
precompute mfcc:  75%|███████▍  | 1491/2000 [07:31<01:32,  5.48it/s]
precompute mfcc:  75%|███████▍  | 1492/2000 [07:31<01:49,  4.65it/s]
precompute mfcc:  75%|███████▍  | 1493/2000 [07:33<04:03,  2.08it/s]
precompute mfcc:  75%|███████▍  | 1494/2000 [07:33<03:42,  2.28it/s]
precompute mfcc:  75%|███████▍  | 1495/2000 [07:33<03:00,  2.79it/s]
precompute mfcc:  75%|███████▍  | 1496/2000 [07:33<02:45,  3.05it/s]
precompute mfcc:  75%|███████▍  | 1497/2000 [07:33<02:20,  3.59it/s]
precompute mfcc:  75%|███████▍  | 1498/2000 [07:34<02:08,  3.90it/s]
precompute mfcc:  75%|███████▍  | 1499/2000 [07:34<01:46,  4.71it/s]
precompute mfcc:  75%|███████▌  | 1500/2000 [07:34<01:49,  4.56it/s]
precompute mfcc:  75%|███████▌  | 1502/2000 [07:34<01:30,  5.52it/s]
precompute mfcc:  75%|███████▌  | 1503/2000 [07:36<03:48,  2.18it/s]
precompute mfcc:  75%|███████▌  | 1504/2000 [07:36<03:49,  2.16it/s]
precompute mfcc:  75%|███████▌  | 1506/2000 [07:36<02:21,  3.48it/s]
precompute mfcc:  75%|███████▌  | 1507/2000 [07:36<02:20,  3.52it/s]
precompute mfcc:  75%|███████▌  | 1508/2000 [07:37<02:17,  3.58it/s]
precompute mfcc:  76%|███████▌  | 1510/2000 [07:37<01:38,  4.97it/s]
precompute mfcc:  76%|███████▌  | 1511/2000 [07:37<01:27,  5.58it/s]
precompute mfcc:  76%|███████▌  | 1512/2000 [07:37<01:53,  4.28it/s]
precompute mfcc:  76%|███████▌  | 1513/2000 [07:39<04:17,  1.89it/s]
precompute mfcc:  76%|███████▌  | 1514/2000 [07:39<03:30,  2.31it/s]
precompute mfcc:  76%|███████▌  | 1515/2000 [07:39<02:50,  2.85it/s]
precompute mfcc:  76%|███████▌  | 1516/2000 [07:39<02:30,  3.21it/s]
precompute mfcc:  76%|███████▌  | 1517/2000 [07:39<02:12,  3.63it/s]
precompute mfcc:  76%|███████▌  | 1518/2000 [07:40<02:22,  3.38it/s]
precompute mfcc:  76%|███████▌  | 1521/2000 [07:40<01:21,  5.88it/s]
precompute mfcc:  76%|███████▌  | 1522/2000 [07:40<01:39,  4.80it/s]
precompute mfcc:  76%|███████▌  | 1523/2000 [07:42<03:58,  2.00it/s]
precompute mfcc:  76%|███████▌  | 1524/2000 [07:42<03:11,  2.49it/s]
precompute mfcc:  76%|███████▋  | 1525/2000 [07:42<02:38,  3.00it/s]
precompute mfcc:  76%|███████▋  | 1526/2000 [07:42<02:22,  3.33it/s]
precompute mfcc:  76%|███████▋  | 1527/2000 [07:43<02:19,  3.40it/s]
precompute mfcc:  76%|███████▋  | 1528/2000 [07:43<02:10,  3.62it/s]
precompute mfcc:  76%|███████▋  | 1530/2000 [07:43<01:29,  5.24it/s]
precompute mfcc:  77%|███████▋  | 1531/2000 [07:43<01:26,  5.43it/s]
precompute mfcc:  77%|███████▋  | 1532/2000 [07:44<01:53,  4.13it/s]
precompute mfcc:  77%|███████▋  | 1533/2000 [07:45<04:25,  1.76it/s]
precompute mfcc:  77%|███████▋  | 1535/2000 [07:45<02:59,  2.60it/s]
precompute mfcc:  77%|███████▋  | 1537/2000 [07:46<02:24,  3.20it/s]
precompute mfcc:  77%|███████▋  | 1539/2000 [07:46<01:50,  4.18it/s]
precompute mfcc:  77%|███████▋  | 1541/2000 [07:46<01:35,  4.81it/s]
precompute mfcc:  77%|███████▋  | 1542/2000 [07:47<01:51,  4.09it/s]
precompute mfcc:  77%|███████▋  | 1543/2000 [07:48<03:40,  2.07it/s]
precompute mfcc:  77%|███████▋  | 1545/2000 [07:48<02:43,  2.78it/s]
precompute mfcc:  77%|███████▋  | 1547/2000 [07:49<02:15,  3.35it/s]
precompute mfcc:  77%|███████▋  | 1548/2000 [07:49<02:07,  3.53it/s]
precompute mfcc:  78%|███████▊  | 1550/2000 [07:49<01:45,  4.28it/s]
precompute mfcc:  78%|███████▊  | 1551/2000 [07:49<01:40,  4.46it/s]
precompute mfcc:  78%|███████▊  | 1552/2000 [07:50<01:42,  4.38it/s]
precompute mfcc:  78%|███████▊  | 1553/2000 [07:51<03:57,  1.88it/s]
precompute mfcc:  78%|███████▊  | 1554/2000 [07:51<03:10,  2.34it/s]
precompute mfcc:  78%|███████▊  | 1555/2000 [07:51<02:34,  2.87it/s]
precompute mfcc:  78%|███████▊  | 1557/2000 [07:52<01:55,  3.83it/s]
precompute mfcc:  78%|███████▊  | 1558/2000 [07:52<01:56,  3.80it/s]
precompute mfcc:  78%|███████▊  | 1559/2000 [07:52<01:38,  4.46it/s]
precompute mfcc:  78%|███████▊  | 1560/2000 [07:52<01:42,  4.28it/s]
precompute mfcc:  78%|███████▊  | 1561/2000 [07:52<01:40,  4.39it/s]
precompute mfcc:  78%|███████▊  | 1563/2000 [07:54<03:22,  2.16it/s]
precompute mfcc:  78%|███████▊  | 1564/2000 [07:54<02:49,  2.57it/s]
precompute mfcc:  78%|███████▊  | 1565/2000 [07:54<02:19,  3.12it/s]
precompute mfcc:  78%|███████▊  | 1566/2000 [07:54<01:54,  3.78it/s]
precompute mfcc:  78%|███████▊  | 1567/2000 [07:55<02:07,  3.40it/s]
precompute mfcc:  78%|███████▊  | 1568/2000 [07:55<02:00,  3.60it/s]
precompute mfcc:  78%|███████▊  | 1569/2000 [07:55<01:43,  4.15it/s]
precompute mfcc:  78%|███████▊  | 1570/2000 [07:55<01:43,  4.16it/s]
precompute mfcc:  79%|███████▊  | 1571/2000 [07:55<01:27,  4.93it/s]
precompute mfcc:  79%|███████▊  | 1572/2000 [07:56<01:21,  5.24it/s]
precompute mfcc:  79%|███████▊  | 1573/2000 [07:57<03:49,  1.86it/s]
precompute mfcc:  79%|███████▊  | 1574/2000 [07:57<03:02,  2.33it/s]
precompute mfcc:  79%|███████▉  | 1575/2000 [07:57<02:42,  2.62it/s]
precompute mfcc:  79%|███████▉  | 1576/2000 [07:58<02:07,  3.33it/s]
precompute mfcc:  79%|███████▉  | 1577/2000 [07:58<01:47,  3.92it/s]
precompute mfcc:  79%|███████▉  | 1578/2000 [07:58<02:18,  3.06it/s]
precompute mfcc:  79%|███████▉  | 1580/2000 [07:59<01:49,  3.84it/s]
precompute mfcc:  79%|███████▉  | 1582/2000 [07:59<01:17,  5.43it/s]
precompute mfcc:  79%|███████▉  | 1583/2000 [08:00<03:09,  2.20it/s]
precompute mfcc:  79%|███████▉  | 1584/2000 [08:00<02:39,  2.61it/s]
precompute mfcc:  79%|███████▉  | 1585/2000 [08:00<02:22,  2.91it/s]
precompute mfcc:  79%|███████▉  | 1586/2000 [08:01<02:01,  3.42it/s]
precompute mfcc:  79%|███████▉  | 1587/2000 [08:01<01:46,  3.89it/s]
precompute mfcc:  79%|███████▉  | 1588/2000 [08:01<01:57,  3.50it/s]
precompute mfcc:  79%|███████▉  | 1589/2000 [08:01<01:40,  4.09it/s]
precompute mfcc:  80%|███████▉  | 1590/2000 [08:02<01:42,  4.00it/s]
precompute mfcc:  80%|███████▉  | 1591/2000 [08:02<01:31,  4.48it/s]
precompute mfcc:  80%|███████▉  | 1593/2000 [08:03<03:09,  2.15it/s]
precompute mfcc:  80%|███████▉  | 1595/2000 [08:03<02:15,  3.00it/s]
precompute mfcc:  80%|███████▉  | 1596/2000 [08:04<02:06,  3.20it/s]
precompute mfcc:  80%|███████▉  | 1597/2000 [08:04<01:46,  3.80it/s]
precompute mfcc:  80%|███████▉  | 1598/2000 [08:04<01:55,  3.48it/s]
precompute mfcc:  80%|███████▉  | 1599/2000 [08:04<01:35,  4.19it/s]
precompute mfcc:  80%|████████  | 1600/2000 [08:05<01:38,  4.05it/s]
precompute mfcc:  80%|████████  | 1601/2000 [08:05<01:30,  4.39it/s]
precompute mfcc:  80%|████████  | 1602/2000 [08:05<01:22,  4.85it/s]
precompute mfcc:  80%|████████  | 1603/2000 [08:06<03:39,  1.81it/s]
precompute mfcc:  80%|████████  | 1605/2000 [08:07<02:28,  2.65it/s]
precompute mfcc:  80%|████████  | 1607/2000 [08:07<02:00,  3.26it/s]
precompute mfcc:  80%|████████  | 1608/2000 [08:07<01:52,  3.48it/s]
precompute mfcc:  80%|████████  | 1610/2000 [08:08<01:34,  4.12it/s]
precompute mfcc:  81%|████████  | 1611/2000 [08:08<01:29,  4.34it/s]
precompute mfcc:  81%|████████  | 1612/2000 [08:08<01:25,  4.52it/s]
precompute mfcc:  81%|████████  | 1613/2000 [08:09<03:16,  1.97it/s]
precompute mfcc:  81%|████████  | 1614/2000 [08:09<02:34,  2.49it/s]
precompute mfcc:  81%|████████  | 1615/2000 [08:10<02:14,  2.87it/s]
precompute mfcc:  81%|████████  | 1616/2000 [08:10<01:50,  3.48it/s]
precompute mfcc:  81%|████████  | 1617/2000 [08:10<01:45,  3.63it/s]
precompute mfcc:  81%|████████  | 1618/2000 [08:10<01:28,  4.32it/s]
precompute mfcc:  81%|████████  | 1619/2000 [08:10<01:19,  4.79it/s]
precompute mfcc:  81%|████████  | 1620/2000 [08:11<01:39,  3.80it/s]
precompute mfcc:  81%|████████  | 1622/2000 [08:11<01:29,  4.21it/s]
precompute mfcc:  81%|████████  | 1623/2000 [08:12<02:56,  2.13it/s]
precompute mfcc:  81%|████████  | 1624/2000 [08:12<02:26,  2.56it/s]
precompute mfcc:  81%|████████▏ | 1625/2000 [08:13<02:17,  2.73it/s]
precompute mfcc:  81%|████████▏ | 1626/2000 [08:13<01:54,  3.25it/s]
precompute mfcc:  81%|████████▏ | 1627/2000 [08:13<01:40,  3.72it/s]
precompute mfcc:  81%|████████▏ | 1628/2000 [08:13<01:27,  4.27it/s]
precompute mfcc:  82%|████████▏ | 1630/2000 [08:14<01:22,  4.47it/s]
precompute mfcc:  82%|████████▏ | 1631/2000 [08:14<01:27,  4.21it/s]
precompute mfcc:  82%|████████▏ | 1632/2000 [08:14<01:22,  4.47it/s]
precompute mfcc:  82%|████████▏ | 1633/2000 [08:15<02:47,  2.19it/s]
precompute mfcc:  82%|████████▏ | 1634/2000 [08:16<02:40,  2.29it/s]
precompute mfcc:  82%|████████▏ | 1635/2000 [08:16<02:15,  2.69it/s]
precompute mfcc:  82%|████████▏ | 1636/2000 [08:16<01:55,  3.14it/s]
precompute mfcc:  82%|████████▏ | 1637/2000 [08:16<01:38,  3.69it/s]
precompute mfcc:  82%|████████▏ | 1639/2000 [08:16<01:20,  4.48it/s]
precompute mfcc:  82%|████████▏ | 1640/2000 [08:17<01:27,  4.11it/s]
precompute mfcc:  82%|████████▏ | 1641/2000 [08:17<01:34,  3.82it/s]
precompute mfcc:  82%|████████▏ | 1642/2000 [08:17<01:20,  4.46it/s]
precompute mfcc:  82%|████████▏ | 1643/2000 [08:18<02:34,  2.31it/s]
precompute mfcc:  82%|████████▏ | 1644/2000 [08:19<02:45,  2.15it/s]
precompute mfcc:  82%|████████▏ | 1646/2000 [08:19<02:03,  2.86it/s]
precompute mfcc:  82%|████████▏ | 1648/2000 [08:19<01:25,  4.14it/s]
precompute mfcc:  82%|████████▏ | 1649/2000 [08:19<01:21,  4.33it/s]
precompute mfcc:  82%|████████▎ | 1650/2000 [08:20<01:34,  3.72it/s]
precompute mfcc:  83%|████████▎ | 1651/2000 [08:20<01:37,  3.57it/s]
precompute mfcc:  83%|████████▎ | 1652/2000 [08:20<01:23,  4.15it/s]
precompute mfcc:  83%|████████▎ | 1653/2000 [08:21<02:23,  2.43it/s]
precompute mfcc:  83%|████████▎ | 1654/2000 [08:22<02:29,  2.31it/s]
precompute mfcc:  83%|████████▎ | 1655/2000 [08:22<01:56,  2.96it/s]
precompute mfcc:  83%|████████▎ | 1656/2000 [08:22<01:59,  2.88it/s]
precompute mfcc:  83%|████████▎ | 1657/2000 [08:22<01:39,  3.44it/s]
precompute mfcc:  83%|████████▎ | 1659/2000 [08:23<01:13,  4.66it/s]
precompute mfcc:  83%|████████▎ | 1660/2000 [08:23<01:32,  3.66it/s]
precompute mfcc:  83%|████████▎ | 1661/2000 [08:23<01:34,  3.57it/s]
precompute mfcc:  83%|████████▎ | 1663/2000 [08:24<01:59,  2.82it/s]
precompute mfcc:  83%|████████▎ | 1664/2000 [08:25<02:03,  2.71it/s]
precompute mfcc:  83%|████████▎ | 1666/2000 [08:25<01:49,  3.05it/s]
precompute mfcc:  83%|████████▎ | 1668/2000 [08:25<01:25,  3.87it/s]
precompute mfcc:  84%|████████▎ | 1670/2000 [08:26<01:26,  3.82it/s]
precompute mfcc:  84%|████████▎ | 1671/2000 [08:26<01:27,  3.78it/s]
precompute mfcc:  84%|████████▎ | 1673/2000 [08:27<01:59,  2.73it/s]
precompute mfcc:  84%|████████▎ | 1674/2000 [08:28<01:58,  2.76it/s]
precompute mfcc:  84%|████████▍ | 1676/2000 [08:28<01:38,  3.30it/s]
precompute mfcc:  84%|████████▍ | 1677/2000 [08:28<01:25,  3.77it/s]
precompute mfcc:  84%|████████▍ | 1678/2000 [08:28<01:18,  4.10it/s]
precompute mfcc:  84%|████████▍ | 1679/2000 [08:29<01:16,  4.18it/s]
precompute mfcc:  84%|████████▍ | 1680/2000 [08:29<01:40,  3.17it/s]
precompute mfcc:  84%|████████▍ | 1681/2000 [08:29<01:23,  3.82it/s]
precompute mfcc:  84%|████████▍ | 1682/2000 [08:29<01:10,  4.53it/s]
precompute mfcc:  84%|████████▍ | 1683/2000 [08:30<02:12,  2.40it/s]
precompute mfcc:  84%|████████▍ | 1684/2000 [08:31<02:18,  2.28it/s]
precompute mfcc:  84%|████████▍ | 1685/2000 [08:31<01:52,  2.80it/s]
precompute mfcc:  84%|████████▍ | 1686/2000 [08:31<01:37,  3.23it/s]
precompute mfcc:  84%|████████▍ | 1687/2000 [08:31<01:34,  3.33it/s]
precompute mfcc:  84%|████████▍ | 1688/2000 [08:31<01:17,  4.03it/s]
precompute mfcc:  84%|████████▍ | 1689/2000 [08:32<01:06,  4.68it/s]
precompute mfcc:  84%|████████▍ | 1690/2000 [08:32<01:23,  3.71it/s]
precompute mfcc:  85%|████████▍ | 1691/2000 [08:32<01:08,  4.54it/s]
precompute mfcc:  85%|████████▍ | 1692/2000 [08:32<01:02,  4.95it/s]
precompute mfcc:  85%|████████▍ | 1693/2000 [08:33<02:14,  2.29it/s]
precompute mfcc:  85%|████████▍ | 1694/2000 [08:34<02:24,  2.12it/s]
precompute mfcc:  85%|████████▍ | 1695/2000 [08:34<01:53,  2.70it/s]
precompute mfcc:  85%|████████▍ | 1696/2000 [08:34<01:35,  3.19it/s]
precompute mfcc:  85%|████████▍ | 1697/2000 [08:34<01:37,  3.11it/s]
precompute mfcc:  85%|████████▍ | 1698/2000 [08:35<01:21,  3.71it/s]
precompute mfcc:  85%|████████▌ | 1700/2000 [08:35<01:17,  3.85it/s]
precompute mfcc:  85%|████████▌ | 1702/2000 [08:35<01:00,  4.90it/s]
precompute mfcc:  85%|████████▌ | 1703/2000 [08:36<01:46,  2.80it/s]
precompute mfcc:  85%|████████▌ | 1704/2000 [08:37<02:05,  2.35it/s]
precompute mfcc:  85%|████████▌ | 1706/2000 [08:37<01:31,  3.20it/s]
precompute mfcc:  85%|████████▌ | 1707/2000 [08:37<01:24,  3.48it/s]
precompute mfcc:  85%|████████▌ | 1708/2000 [08:38<01:15,  3.89it/s]
precompute mfcc:  86%|████████▌ | 1710/2000 [08:38<01:14,  3.87it/s]
precompute mfcc:  86%|████████▌ | 1711/2000 [08:38<01:11,  4.03it/s]
precompute mfcc:  86%|████████▌ | 1712/2000 [08:38<01:02,  4.62it/s]
precompute mfcc:  86%|████████▌ | 1713/2000 [08:39<01:57,  2.44it/s]
precompute mfcc:  86%|████████▌ | 1714/2000 [08:40<02:09,  2.22it/s]
precompute mfcc:  86%|████████▌ | 1716/2000 [08:40<01:33,  3.04it/s]
precompute mfcc:  86%|████████▌ | 1717/2000 [08:40<01:23,  3.37it/s]
precompute mfcc:  86%|████████▌ | 1718/2000 [08:41<01:09,  4.05it/s]
precompute mfcc:  86%|████████▌ | 1719/2000 [08:41<01:06,  4.25it/s]
precompute mfcc:  86%|████████▌ | 1720/2000 [08:41<01:12,  3.85it/s]
precompute mfcc:  86%|████████▌ | 1721/2000 [08:41<01:06,  4.19it/s]
precompute mfcc:  86%|████████▌ | 1722/2000 [08:42<01:07,  4.14it/s]
precompute mfcc:  86%|████████▌ | 1723/2000 [08:42<01:55,  2.40it/s]
precompute mfcc:  86%|████████▌ | 1724/2000 [08:43<02:13,  2.06it/s]
precompute mfcc:  86%|████████▋ | 1725/2000 [08:43<01:42,  2.68it/s]
precompute mfcc:  86%|████████▋ | 1726/2000 [08:43<01:22,  3.32it/s]
precompute mfcc:  86%|████████▋ | 1727/2000 [08:44<01:19,  3.43it/s]
precompute mfcc:  86%|████████▋ | 1729/2000 [08:44<01:06,  4.06it/s]
precompute mfcc:  86%|████████▋ | 1730/2000 [08:45<01:32,  2.91it/s]
precompute mfcc:  87%|████████▋ | 1733/2000 [08:46<01:29,  3.00it/s]
precompute mfcc:  87%|████████▋ | 1734/2000 [08:47<02:08,  2.07it/s]
precompute mfcc:  87%|████████▋ | 1739/2000 [08:47<01:01,  4.22it/s]
precompute mfcc:  87%|████████▋ | 1740/2000 [08:48<01:15,  3.45it/s]
precompute mfcc:  87%|████████▋ | 1742/2000 [08:49<01:38,  2.63it/s]
precompute mfcc:  87%|████████▋ | 1744/2000 [08:49<01:34,  2.70it/s]
precompute mfcc:  87%|████████▋ | 1747/2000 [08:50<01:02,  4.03it/s]
precompute mfcc:  87%|████████▋ | 1748/2000 [08:51<01:40,  2.50it/s]
precompute mfcc:  88%|████████▊ | 1752/2000 [08:52<01:13,  3.38it/s]
precompute mfcc:  88%|████████▊ | 1754/2000 [08:53<01:37,  2.52it/s]
precompute mfcc:  88%|████████▊ | 1758/2000 [08:54<01:14,  3.25it/s]
precompute mfcc:  88%|████████▊ | 1760/2000 [08:54<01:00,  3.96it/s]
precompute mfcc:  88%|████████▊ | 1762/2000 [08:55<01:22,  2.88it/s]
precompute mfcc:  88%|████████▊ | 1764/2000 [08:56<01:22,  2.86it/s]
precompute mfcc:  88%|████████▊ | 1767/2000 [08:56<00:56,  4.12it/s]
precompute mfcc:  88%|████████▊ | 1768/2000 [08:57<01:26,  2.69it/s]
precompute mfcc:  89%|████████▊ | 1772/2000 [08:58<01:11,  3.19it/s]
precompute mfcc:  89%|████████▊ | 1774/2000 [08:59<01:21,  2.78it/s]
precompute mfcc:  89%|████████▉ | 1778/2000 [09:00<01:08,  3.26it/s]
precompute mfcc:  89%|████████▉ | 1779/2000 [09:01<01:31,  2.41it/s]
precompute mfcc:  89%|████████▉ | 1784/2000 [09:02<01:01,  3.50it/s]
precompute mfcc:  89%|████████▉ | 1787/2000 [09:02<00:45,  4.65it/s]
precompute mfcc:  89%|████████▉ | 1789/2000 [09:04<01:21,  2.60it/s]
precompute mfcc:  90%|████████▉ | 1792/2000 [09:05<01:20,  2.58it/s]
precompute mfcc:  90%|████████▉ | 1798/2000 [09:06<00:54,  3.73it/s]
precompute mfcc:  90%|████████▉ | 1799/2000 [09:07<01:10,  2.84it/s]
precompute mfcc:  90%|█████████ | 1802/2000 [09:08<01:05,  3.01it/s]
precompute mfcc:  90%|█████████ | 1804/2000 [09:09<01:15,  2.59it/s]
precompute mfcc:  90%|█████████ | 1809/2000 [09:10<00:56,  3.39it/s]
precompute mfcc:  91%|█████████ | 1812/2000 [09:11<00:58,  3.23it/s]
precompute mfcc:  91%|█████████ | 1814/2000 [09:12<01:01,  3.01it/s]
precompute mfcc:  91%|█████████ | 1817/2000 [09:12<00:44,  4.09it/s]
precompute mfcc:  91%|█████████ | 1818/2000 [09:13<01:01,  2.97it/s]
precompute mfcc:  91%|█████████ | 1822/2000 [09:15<01:10,  2.54it/s]
precompute mfcc:  91%|█████████▏| 1828/2000 [09:16<00:47,  3.61it/s]
precompute mfcc:  91%|█████████▏| 1829/2000 [09:17<00:59,  2.86it/s]
precompute mfcc:  92%|█████████▏| 1832/2000 [09:18<00:55,  3.05it/s]
precompute mfcc:  92%|█████████▏| 1833/2000 [09:19<01:11,  2.33it/s]
precompute mfcc:  92%|█████████▏| 1839/2000 [09:20<00:45,  3.57it/s]
precompute mfcc:  92%|█████████▏| 1841/2000 [09:20<00:50,  3.15it/s]
precompute mfcc:  92%|█████████▏| 1842/2000 [09:21<00:46,  3.43it/s]
precompute mfcc:  92%|█████████▏| 1843/2000 [09:21<00:57,  2.73it/s]
precompute mfcc:  92%|█████████▏| 1844/2000 [09:22<01:15,  2.07it/s]
precompute mfcc:  92%|█████████▎| 1850/2000 [09:23<00:31,  4.78it/s]
precompute mfcc:  93%|█████████▎| 1852/2000 [09:24<00:50,  2.92it/s]
precompute mfcc:  93%|█████████▎| 1854/2000 [09:26<01:06,  2.21it/s]
precompute mfcc:  93%|█████████▎| 1861/2000 [09:26<00:34,  4.08it/s]
precompute mfcc:  93%|█████████▎| 1862/2000 [09:27<00:45,  3.03it/s]
precompute mfcc:  93%|█████████▎| 1864/2000 [09:29<00:55,  2.45it/s]
precompute mfcc:  94%|█████████▎| 1871/2000 [09:29<00:30,  4.29it/s]
precompute mfcc:  94%|█████████▎| 1872/2000 [09:30<00:39,  3.21it/s]
precompute mfcc:  94%|█████████▎| 1873/2000 [09:30<00:36,  3.47it/s]
precompute mfcc:  94%|█████████▎| 1874/2000 [09:32<00:54,  2.30it/s]
precompute mfcc:  94%|█████████▍| 1880/2000 [09:32<00:24,  4.93it/s]
precompute mfcc:  94%|█████████▍| 1882/2000 [09:33<00:34,  3.38it/s]
precompute mfcc:  94%|█████████▍| 1884/2000 [09:34<00:43,  2.66it/s]
precompute mfcc:  94%|█████████▍| 1886/2000 [09:35<00:33,  3.37it/s]
precompute mfcc:  94%|█████████▍| 1888/2000 [09:35<00:27,  4.02it/s]
precompute mfcc:  95%|█████████▍| 1891/2000 [09:36<00:28,  3.80it/s]
precompute mfcc:  95%|█████████▍| 1892/2000 [09:36<00:32,  3.32it/s]
precompute mfcc:  95%|█████████▍| 1893/2000 [09:36<00:30,  3.54it/s]
precompute mfcc:  95%|█████████▍| 1894/2000 [09:37<00:45,  2.34it/s]
precompute mfcc:  95%|█████████▍| 1895/2000 [09:37<00:37,  2.80it/s]
precompute mfcc:  95%|█████████▍| 1897/2000 [09:38<00:26,  3.93it/s]
precompute mfcc:  95%|█████████▍| 1899/2000 [09:38<00:20,  4.95it/s]
precompute mfcc:  95%|█████████▌| 1901/2000 [09:39<00:24,  4.05it/s]
precompute mfcc:  95%|█████████▌| 1902/2000 [09:39<00:30,  3.20it/s]
precompute mfcc:  95%|█████████▌| 1903/2000 [09:39<00:29,  3.30it/s]
precompute mfcc:  95%|█████████▌| 1904/2000 [09:40<00:41,  2.31it/s]
precompute mfcc:  95%|█████████▌| 1905/2000 [09:40<00:34,  2.76it/s]
precompute mfcc:  95%|█████████▌| 1906/2000 [09:41<00:27,  3.38it/s]
precompute mfcc:  95%|█████████▌| 1907/2000 [09:41<00:24,  3.78it/s]
precompute mfcc:  96%|█████████▌| 1910/2000 [09:41<00:13,  6.43it/s]
precompute mfcc:  96%|█████████▌| 1911/2000 [09:41<00:21,  4.06it/s]
precompute mfcc:  96%|█████████▌| 1912/2000 [09:42<00:29,  3.01it/s]
precompute mfcc:  96%|█████████▌| 1913/2000 [09:42<00:27,  3.19it/s]
precompute mfcc:  96%|█████████▌| 1914/2000 [09:43<00:38,  2.21it/s]
precompute mfcc:  96%|█████████▌| 1915/2000 [09:43<00:32,  2.64it/s]
precompute mfcc:  96%|█████████▌| 1917/2000 [09:44<00:22,  3.66it/s]
precompute mfcc:  96%|█████████▌| 1919/2000 [09:44<00:17,  4.71it/s]
precompute mfcc:  96%|█████████▌| 1921/2000 [09:45<00:19,  4.05it/s]
precompute mfcc:  96%|█████████▌| 1922/2000 [09:45<00:25,  3.05it/s]
precompute mfcc:  96%|█████████▌| 1923/2000 [09:45<00:22,  3.45it/s]
precompute mfcc:  96%|█████████▌| 1924/2000 [09:46<00:32,  2.37it/s]
precompute mfcc:  96%|█████████▋| 1925/2000 [09:46<00:26,  2.85it/s]
precompute mfcc:  96%|█████████▋| 1926/2000 [09:46<00:22,  3.24it/s]
precompute mfcc:  96%|█████████▋| 1928/2000 [09:47<00:15,  4.61it/s]
precompute mfcc:  96%|█████████▋| 1930/2000 [09:47<00:13,  5.27it/s]
precompute mfcc:  97%|█████████▋| 1931/2000 [09:48<00:18,  3.69it/s]
precompute mfcc:  97%|█████████▋| 1932/2000 [09:48<00:24,  2.77it/s]
precompute mfcc:  97%|█████████▋| 1934/2000 [09:49<00:27,  2.40it/s]
precompute mfcc:  97%|█████████▋| 1936/2000 [09:49<00:19,  3.24it/s]
precompute mfcc:  97%|█████████▋| 1938/2000 [09:50<00:14,  4.17it/s]
precompute mfcc:  97%|█████████▋| 1940/2000 [09:50<00:12,  4.89it/s]
precompute mfcc:  97%|█████████▋| 1941/2000 [09:51<00:16,  3.56it/s]
precompute mfcc:  97%|█████████▋| 1942/2000 [09:51<00:21,  2.75it/s]
precompute mfcc:  97%|█████████▋| 1943/2000 [09:51<00:17,  3.30it/s]
precompute mfcc:  97%|█████████▋| 1944/2000 [09:52<00:23,  2.35it/s]
precompute mfcc:  97%|█████████▋| 1945/2000 [09:52<00:19,  2.84it/s]
precompute mfcc:  97%|█████████▋| 1946/2000 [09:52<00:16,  3.29it/s]
precompute mfcc:  97%|█████████▋| 1947/2000 [09:53<00:13,  3.84it/s]
precompute mfcc:  97%|█████████▋| 1948/2000 [09:53<00:11,  4.60it/s]
precompute mfcc:  97%|█████████▋| 1949/2000 [09:53<00:09,  5.44it/s]
precompute mfcc:  98%|█████████▊| 1950/2000 [09:53<00:08,  5.66it/s]
precompute mfcc:  98%|█████████▊| 1951/2000 [09:54<00:15,  3.11it/s]
precompute mfcc:  98%|█████████▊| 1952/2000 [09:54<00:19,  2.46it/s]
precompute mfcc:  98%|█████████▊| 1953/2000 [09:54<00:15,  3.10it/s]
precompute mfcc:  98%|█████████▊| 1954/2000 [09:55<00:23,  1.99it/s]
precompute mfcc:  98%|█████████▊| 1956/2000 [09:56<00:14,  3.01it/s]
precompute mfcc:  98%|█████████▊| 1958/2000 [09:56<00:09,  4.47it/s]
precompute mfcc:  98%|█████████▊| 1959/2000 [09:56<00:08,  5.01it/s]
precompute mfcc:  98%|█████████▊| 1960/2000 [09:56<00:09,  4.40it/s]
precompute mfcc:  98%|█████████▊| 1961/2000 [09:57<00:12,  3.09it/s]
precompute mfcc:  98%|█████████▊| 1962/2000 [09:57<00:15,  2.48it/s]
precompute mfcc:  98%|█████████▊| 1963/2000 [09:57<00:12,  3.02it/s]
precompute mfcc:  98%|█████████▊| 1964/2000 [09:58<00:17,  2.06it/s]
precompute mfcc:  98%|█████████▊| 1965/2000 [09:59<00:14,  2.44it/s]
precompute mfcc:  98%|█████████▊| 1967/2000 [09:59<00:08,  4.00it/s]
precompute mfcc:  98%|█████████▊| 1968/2000 [09:59<00:07,  4.48it/s]
precompute mfcc:  98%|█████████▊| 1969/2000 [09:59<00:05,  5.17it/s]
precompute mfcc:  98%|█████████▊| 1970/2000 [09:59<00:05,  5.10it/s]
precompute mfcc:  99%|█████████▊| 1971/2000 [10:00<00:10,  2.69it/s]
precompute mfcc:  99%|█████████▊| 1972/2000 [10:00<00:11,  2.48it/s]
precompute mfcc:  99%|█████████▊| 1973/2000 [10:01<00:08,  3.13it/s]
precompute mfcc:  99%|█████████▊| 1974/2000 [10:01<00:12,  2.08it/s]
precompute mfcc:  99%|█████████▉| 1975/2000 [10:02<00:10,  2.46it/s]
precompute mfcc:  99%|█████████▉| 1976/2000 [10:02<00:07,  3.09it/s]
precompute mfcc:  99%|█████████▉| 1979/2000 [10:02<00:03,  5.52it/s]
precompute mfcc:  99%|█████████▉| 1980/2000 [10:02<00:03,  5.75it/s]
precompute mfcc:  99%|█████████▉| 1981/2000 [10:03<00:06,  2.82it/s]
precompute mfcc:  99%|█████████▉| 1982/2000 [10:03<00:06,  2.82it/s]
precompute mfcc:  99%|█████████▉| 1983/2000 [10:04<00:05,  3.34it/s]
precompute mfcc:  99%|█████████▉| 1984/2000 [10:04<00:07,  2.24it/s]
precompute mfcc:  99%|█████████▉| 1985/2000 [10:05<00:05,  2.72it/s]
precompute mfcc:  99%|█████████▉| 1986/2000 [10:05<00:04,  3.05it/s]
precompute mfcc:  99%|█████████▉| 1989/2000 [10:05<00:02,  4.79it/s]
precompute mfcc: 100%|█████████▉| 1991/2000 [10:06<00:02,  3.33it/s]
precompute mfcc: 100%|█████████▉| 1992/2000 [10:06<00:02,  3.22it/s]
precompute mfcc: 100%|█████████▉| 1993/2000 [10:07<00:01,  3.65it/s]
precompute mfcc: 100%|█████████▉| 1994/2000 [10:07<00:02,  2.47it/s]
precompute mfcc: 100%|█████████▉| 1995/2000 [10:08<00:01,  3.01it/s]
precompute mfcc: 100%|█████████▉| 1996/2000 [10:08<00:01,  3.41it/s]
precompute mfcc: 100%|█████████▉| 1998/2000 [10:08<00:00,  5.16it/s]
precompute mfcc: 100%|█████████▉| 1999/2000 [10:08<00:00,  5.81it/s]
precompute mfcc: 100%|██████████| 2000/2000 [10:08<00:00,  3.29it/s]
Saved manifest: outputs/results/run_20251221_003516/features/mfcc/a5fd0b65af0b/manifest.json
$ /root/miniconda3/envs/myconda/bin/python scripts/tools/precompute_features.py --feature-types mfcc --frame-length 512 --hop-length 512 --n-mels 40 --n-mfcc 13 --workers 10 --feature-cache outputs/results/run_20251221_003516/features --data-root data/ESC-50-master
precompute mfcc:   0%|          | 0/2000 [00:00<?, ?it/s]precompute mfcc:   7%|▋         | 142/2000 [00:00<00:01, 1380.00it/s]precompute mfcc:  14%|█▍        | 281/2000 [00:00<00:01, 1007.94it/s]precompute mfcc:  19%|█▉        | 388/2000 [00:00<00:01, 948.88it/s] precompute mfcc:  24%|██▍       | 486/2000 [00:00<00:02, 550.23it/s]precompute mfcc:  28%|██▊       | 557/2000 [00:00<00:03, 472.52it/s]precompute mfcc:  33%|███▎      | 659/2000 [00:01<00:02, 578.73it/s]precompute mfcc:  38%|███▊      | 761/2000 [00:01<00:01, 674.55it/s]precompute mfcc:  43%|████▎     | 864/2000 [00:01<00:01, 755.87it/s]precompute mfcc:  48%|████▊     | 961/2000 [00:01<00:01, 808.54it/s]precompute mfcc:  53%|█████▎    | 1063/2000 [00:01<00:01, 858.93it/s]precompute mfcc:  59%|█████▊    | 1172/2000 [00:01<00:00, 921.20it/s]precompute mfcc:  64%|██████▎   | 1270/2000 [00:01<00:00, 929.48it/s]precompute mfcc:  68%|██████▊   | 1368/2000 [00:01<00:00, 935.95it/s]precompute mfcc:  74%|███████▎  | 1472/2000 [00:01<00:00, 964.89it/s]precompute mfcc:  79%|███████▊  | 1571/2000 [00:01<00:00, 906.79it/s]precompute mfcc:  84%|████████▎ | 1670/2000 [00:02<00:00, 925.24it/s]precompute mfcc:  89%|████████▉ | 1789/2000 [00:02<00:00, 998.20it/s]precompute mfcc:  95%|█████████▍| 1898/2000 [00:02<00:00, 1024.36it/s]precompute mfcc: 100%|██████████| 2000/2000 [00:02<00:00, 843.20it/s] 
Saved manifest: outputs/results/run_20251221_003516/features/mfcc/a5fd0b65af0b/manifest.json
