
train:   0%|          | 0/50 [00:00<?, ?it/s]
train:   2%|▏         | 1/50 [00:01<01:01,  1.26s/it]
train:  10%|█         | 5/50 [00:01<00:09,  4.71it/s]
train:  16%|█▌        | 8/50 [00:01<00:07,  5.56it/s]
train:  20%|██        | 10/50 [00:01<00:06,  6.58it/s]
train:  24%|██▍       | 12/50 [00:02<00:05,  7.58it/s]
train:  28%|██▊       | 14/50 [00:02<00:04,  8.46it/s]
train:  32%|███▏      | 16/50 [00:02<00:03,  8.64it/s]
train:  36%|███▌      | 18/50 [00:02<00:03,  9.41it/s]
train:  40%|████      | 20/50 [00:02<00:03,  8.69it/s]
train:  44%|████▍     | 22/50 [00:03<00:03,  9.31it/s]
train:  48%|████▊     | 24/50 [00:03<00:03,  7.30it/s]
train:  52%|█████▏    | 26/50 [00:04<00:04,  5.59it/s]
train:  56%|█████▌    | 28/50 [00:04<00:03,  6.50it/s]
train:  60%|██████    | 30/50 [00:04<00:02,  7.18it/s]
train:  64%|██████▍   | 32/50 [00:04<00:02,  8.05it/s]
train:  68%|██████▊   | 34/50 [00:04<00:01,  8.73it/s]
train:  72%|███████▏  | 36/50 [00:05<00:01,  9.13it/s]
train:  74%|███████▍  | 37/50 [00:05<00:01,  8.59it/s]
train:  78%|███████▊  | 39/50 [00:05<00:01,  9.35it/s]
train:  82%|████████▏ | 41/50 [00:05<00:00,  9.72it/s]
train:  86%|████████▌ | 43/50 [00:05<00:00, 10.14it/s]
train:  90%|█████████ | 45/50 [00:06<00:00,  8.92it/s]
train:  94%|█████████▍| 47/50 [00:06<00:00,  9.46it/s]
train:  98%|█████████▊| 49/50 [00:06<00:00,  9.84it/s]
                                                      

eval:   0%|          | 0/13 [00:00<?, ?it/s]
eval:   8%|▊         | 1/13 [00:00<00:03,  3.61it/s]
eval:  23%|██▎       | 3/13 [00:00<00:01,  7.43it/s]
eval:  38%|███▊      | 5/13 [00:00<00:00,  9.23it/s]
eval:  54%|█████▍    | 7/13 [00:00<00:00,  9.68it/s]
eval:  69%|██████▉   | 9/13 [00:01<00:00,  9.84it/s]
eval:  85%|████████▍ | 11/13 [00:01<00:00,  9.96it/s]
eval: 100%|██████████| 13/13 [00:01<00:00, 11.30it/s]
                                                     

train:   0%|          | 0/50 [00:00<?, ?it/s]
train:   2%|▏         | 1/50 [00:00<00:08,  6.05it/s]
train:  10%|█         | 5/50 [00:00<00:02, 18.53it/s]
train:  16%|█▌        | 8/50 [00:00<00:01, 22.31it/s]
train:  22%|██▏       | 11/50 [00:00<00:01, 22.50it/s]
train:  28%|██▊       | 14/50 [00:00<00:01, 24.63it/s]
train:  34%|███▍      | 17/50 [00:01<00:02, 14.13it/s]
train:  40%|████      | 20/50 [00:01<00:01, 17.09it/s]
train:  46%|████▌     | 23/50 [00:01<00:01, 18.85it/s]
train:  54%|█████▍    | 27/50 [00:01<00:01, 21.92it/s]
train:  62%|██████▏   | 31/50 [00:01<00:00, 24.05it/s]
train:  70%|███████   | 35/50 [00:01<00:00, 25.55it/s]
train:  78%|███████▊  | 39/50 [00:01<00:00, 26.72it/s]
train:  84%|████████▍ | 42/50 [00:01<00:00, 26.78it/s]
train:  90%|█████████ | 45/50 [00:02<00:00, 25.92it/s]
train:  96%|█████████▌| 48/50 [00:02<00:00, 26.62it/s]
                                                      

eval:   0%|          | 0/13 [00:00<?, ?it/s]
eval:   8%|▊         | 1/13 [00:00<00:01,  6.94it/s]
eval:  38%|███▊      | 5/13 [00:00<00:00, 18.83it/s]
eval:  69%|██████▉   | 9/13 [00:00<00:00, 22.59it/s]
eval: 100%|██████████| 13/13 [00:00<00:00, 27.51it/s]
                                                     

train:   0%|          | 0/50 [00:00<?, ?it/s]
train:   2%|▏         | 1/50 [00:00<00:07,  6.28it/s]
train:  10%|█         | 5/50 [00:00<00:02, 18.35it/s]
train:  18%|█▊        | 9/50 [00:00<00:01, 22.19it/s]
train:  24%|██▍       | 12/50 [00:00<00:02, 13.56it/s]
train:  30%|███       | 15/50 [00:00<00:02, 16.18it/s]
train:  36%|███▌      | 18/50 [00:01<00:01, 18.84it/s]
train:  42%|████▏     | 21/50 [00:01<00:01, 20.26it/s]
train:  50%|█████     | 25/50 [00:01<00:01, 22.30it/s]
train:  56%|█████▌    | 28/50 [00:01<00:00, 24.02it/s]
train:  62%|██████▏   | 31/50 [00:01<00:00, 24.65it/s]
train:  70%|███████   | 35/50 [00:01<00:00, 25.69it/s]
train:  76%|███████▌  | 38/50 [00:01<00:00, 26.39it/s]
train:  82%|████████▏ | 41/50 [00:01<00:00, 26.46it/s]
train:  90%|█████████ | 45/50 [00:02<00:00, 27.26it/s]
train:  98%|█████████▊| 49/50 [00:02<00:00, 27.62it/s]
                                                      

eval:   0%|          | 0/13 [00:00<?, ?it/s]
eval:   8%|▊         | 1/13 [00:00<00:01,  7.17it/s]
eval:  38%|███▊      | 5/13 [00:00<00:00, 20.18it/s]
eval:  69%|██████▉   | 9/13 [00:00<00:00, 13.05it/s]
                                                    

train:   0%|          | 0/50 [00:00<?, ?it/s]
train:   2%|▏         | 1/50 [00:00<00:07,  6.93it/s]
train:   8%|▊         | 4/50 [00:00<00:02, 17.99it/s]
train:  16%|█▌        | 8/50 [00:00<00:01, 26.45it/s]
train:  22%|██▏       | 11/50 [00:00<00:02, 15.59it/s]
train:  32%|███▏      | 16/50 [00:00<00:01, 22.26it/s]
train:  40%|████      | 20/50 [00:00<00:01, 26.44it/s]
train:  50%|█████     | 25/50 [00:01<00:00, 30.55it/s]
train:  60%|██████    | 30/50 [00:01<00:00, 33.60it/s]
train:  70%|███████   | 35/50 [00:01<00:00, 35.60it/s]
train:  80%|████████  | 40/50 [00:01<00:00, 37.01it/s]
train:  90%|█████████ | 45/50 [00:01<00:00, 37.99it/s]
train:  98%|█████████▊| 49/50 [00:01<00:00, 38.39it/s]
                                                      

eval:   0%|          | 0/13 [00:00<?, ?it/s]
eval:   8%|▊         | 1/13 [00:00<00:01,  8.40it/s]
eval:  38%|███▊      | 5/13 [00:00<00:00, 24.27it/s]
eval:  69%|██████▉   | 9/13 [00:00<00:00, 14.78it/s]
                                                    

train:   0%|          | 0/50 [00:00<?, ?it/s]
train:   2%|▏         | 1/50 [00:00<00:06,  7.59it/s]
train:  10%|█         | 5/50 [00:00<00:01, 22.55it/s]
train:  18%|█▊        | 9/50 [00:00<00:01, 29.04it/s]
train:  26%|██▌       | 13/50 [00:00<00:02, 17.64it/s]
train:  34%|███▍      | 17/50 [00:00<00:01, 22.17it/s]
train:  42%|████▏     | 21/50 [00:00<00:01, 26.08it/s]
train:  50%|█████     | 25/50 [00:01<00:00, 29.21it/s]
train:  58%|█████▊    | 29/50 [00:01<00:00, 31.64it/s]
train:  66%|██████▌   | 33/50 [00:01<00:00, 33.83it/s]
train:  74%|███████▍  | 37/50 [00:01<00:00, 35.27it/s]
train:  82%|████████▏ | 41/50 [00:01<00:00, 36.37it/s]
train:  90%|█████████ | 45/50 [00:01<00:00, 37.12it/s]
train: 100%|██████████| 50/50 [00:01<00:00, 38.21it/s]
                                                      

eval:   0%|          | 0/13 [00:00<?, ?it/s]
eval:   8%|▊         | 1/13 [00:00<00:01,  8.13it/s]
eval:  38%|███▊      | 5/13 [00:00<00:00, 24.45it/s]
eval:  69%|██████▉   | 9/13 [00:00<00:00, 14.52it/s]
                                                    

train:   0%|          | 0/50 [00:00<?, ?it/s]
train:   2%|▏         | 1/50 [00:00<00:08,  6.01it/s]
train:  10%|█         | 5/50 [00:00<00:02, 18.26it/s]
train:  16%|█▌        | 8/50 [00:00<00:01, 22.25it/s]
train:  22%|██▏       | 11/50 [00:00<00:03, 12.42it/s]
train:  30%|███       | 15/50 [00:00<00:01, 17.66it/s]
train:  38%|███▊      | 19/50 [00:01<00:01, 22.36it/s]
train:  46%|████▌     | 23/50 [00:01<00:01, 26.22it/s]
train:  54%|█████▍    | 27/50 [00:01<00:00, 29.26it/s]
train:  62%|██████▏   | 31/50 [00:01<00:00, 30.01it/s]
train:  70%|███████   | 35/50 [00:01<00:00, 29.53it/s]
train:  78%|███████▊  | 39/50 [00:01<00:00, 29.26it/s]
train:  86%|████████▌ | 43/50 [00:01<00:00, 29.54it/s]
train:  94%|█████████▍| 47/50 [00:01<00:00, 30.15it/s]
                                                      

eval:   0%|          | 0/13 [00:00<?, ?it/s]
eval:   8%|▊         | 1/13 [00:00<00:01,  6.93it/s]
eval:  38%|███▊      | 5/13 [00:00<00:00, 19.46it/s]
eval:  69%|██████▉   | 9/13 [00:00<00:00, 12.18it/s]
eval: 100%|██████████| 13/13 [00:00<00:00, 17.46it/s]
                                                     

train:   0%|          | 0/50 [00:00<?, ?it/s]
train:   2%|▏         | 1/50 [00:00<00:08,  5.63it/s]
train:  10%|█         | 5/50 [00:00<00:02, 16.64it/s]
train:  16%|█▌        | 8/50 [00:00<00:02, 20.49it/s]
train:  22%|██▏       | 11/50 [00:00<00:03, 11.88it/s]
train:  30%|███       | 15/50 [00:00<00:02, 15.80it/s]
train:  36%|███▌      | 18/50 [00:01<00:01, 18.35it/s]
train:  42%|████▏     | 21/50 [00:01<00:01, 19.94it/s]
train:  48%|████▊     | 24/50 [00:01<00:01, 21.77it/s]
train:  54%|█████▍    | 27/50 [00:01<00:01, 22.31it/s]
train:  60%|██████    | 30/50 [00:01<00:00, 23.99it/s]
train:  66%|██████▌   | 33/50 [00:01<00:00, 24.21it/s]
train:  72%|███████▏  | 36/50 [00:01<00:00, 25.70it/s]
train:  78%|███████▊  | 39/50 [00:01<00:00, 25.24it/s]
train:  86%|████████▌ | 43/50 [00:02<00:00, 25.78it/s]
train:  92%|█████████▏| 46/50 [00:02<00:00, 26.52it/s]
train:  98%|█████████▊| 49/50 [00:02<00:00, 25.72it/s]
                                                      

eval:   0%|          | 0/13 [00:00<?, ?it/s]
eval:   8%|▊         | 1/13 [00:00<00:01,  6.95it/s]
eval:  38%|███▊      | 5/13 [00:00<00:00, 19.36it/s]
eval:  69%|██████▉   | 9/13 [00:00<00:00, 12.15it/s]
                                                    

train:   0%|          | 0/50 [00:00<?, ?it/s]
train:   2%|▏         | 1/50 [00:00<00:08,  5.95it/s]
train:  10%|█         | 5/50 [00:00<00:02, 18.41it/s]
train:  14%|█▍        | 7/50 [00:00<00:04,  9.89it/s]
train:  22%|██▏       | 11/50 [00:00<00:02, 16.07it/s]
train:  30%|███       | 15/50 [00:00<00:01, 21.44it/s]
train:  38%|███▊      | 19/50 [00:00<00:01, 24.63it/s]
train:  46%|████▌     | 23/50 [00:01<00:01, 25.95it/s]
train:  54%|█████▍    | 27/50 [00:01<00:00, 26.76it/s]
train:  62%|██████▏   | 31/50 [00:01<00:00, 27.97it/s]
train:  68%|██████▊   | 34/50 [00:01<00:00, 27.73it/s]
train:  74%|███████▍  | 37/50 [00:01<00:00, 26.64it/s]
train:  80%|████████  | 40/50 [00:01<00:00, 27.12it/s]
train:  86%|████████▌ | 43/50 [00:01<00:00, 25.97it/s]
train:  94%|█████████▍| 47/50 [00:02<00:00, 26.83it/s]
train: 100%|██████████| 50/50 [00:02<00:00, 27.54it/s]
                                                      

eval:   0%|          | 0/13 [00:00<?, ?it/s]
eval:   8%|▊         | 1/13 [00:00<00:01,  7.58it/s]
eval:  38%|███▊      | 5/13 [00:00<00:00,  9.82it/s]
eval:  69%|██████▉   | 9/13 [00:00<00:00, 15.07it/s]
                                                    

train:   0%|          | 0/50 [00:00<?, ?it/s]
train:   2%|▏         | 1/50 [00:00<00:07,  6.72it/s]
train:  10%|█         | 5/50 [00:00<00:01, 22.81it/s]
train:  16%|█▌        | 8/50 [00:00<00:03, 12.88it/s]
train:  24%|██▍       | 12/50 [00:00<00:02, 18.78it/s]
train:  32%|███▏      | 16/50 [00:00<00:01, 23.30it/s]
train:  40%|████      | 20/50 [00:00<00:01, 26.36it/s]
train:  48%|████▊     | 24/50 [00:01<00:00, 28.39it/s]
train:  56%|█████▌    | 28/50 [00:01<00:00, 30.12it/s]
train:  64%|██████▍   | 32/50 [00:01<00:00, 31.16it/s]
train:  72%|███████▏  | 36/50 [00:01<00:00, 32.22it/s]
train:  80%|████████  | 40/50 [00:01<00:00, 33.87it/s]
train:  88%|████████▊ | 44/50 [00:01<00:00, 34.20it/s]
train:  96%|█████████▌| 48/50 [00:01<00:00, 35.68it/s]
                                                      

eval:   0%|          | 0/13 [00:00<?, ?it/s]
eval:   8%|▊         | 1/13 [00:00<00:01,  7.82it/s]
eval:  38%|███▊      | 5/13 [00:00<00:00, 11.01it/s]
eval:  69%|██████▉   | 9/13 [00:00<00:00, 18.07it/s]
eval:  92%|█████████▏| 12/13 [00:00<00:00, 20.89it/s]
                                                     

train:   0%|          | 0/50 [00:00<?, ?it/s]
train:   2%|▏         | 1/50 [00:00<00:07,  6.89it/s]
train:  10%|█         | 5/50 [00:00<00:01, 22.90it/s]
train:  16%|█▌        | 8/50 [00:00<00:03, 12.39it/s]
train:  24%|██▍       | 12/50 [00:00<00:02, 18.25it/s]
train:  32%|███▏      | 16/50 [00:00<00:01, 23.33it/s]
train:  40%|████      | 20/50 [00:00<00:01, 27.50it/s]
train:  48%|████▊     | 24/50 [00:01<00:00, 30.62it/s]
train:  56%|█████▌    | 28/50 [00:01<00:00, 33.16it/s]
train:  64%|██████▍   | 32/50 [00:01<00:00, 34.72it/s]
train:  72%|███████▏  | 36/50 [00:01<00:00, 35.15it/s]
train:  80%|████████  | 40/50 [00:01<00:00, 36.16it/s]
train:  88%|████████▊ | 44/50 [00:01<00:00, 37.13it/s]
train:  96%|█████████▌| 48/50 [00:01<00:00, 37.82it/s]
                                                      

eval:   0%|          | 0/13 [00:00<?, ?it/s]
eval:   8%|▊         | 1/13 [00:00<00:01,  8.84it/s]
eval:  38%|███▊      | 5/13 [00:00<00:00, 10.15it/s]
eval:  69%|██████▉   | 9/13 [00:00<00:00, 16.90it/s]
                                                    

train:   0%|          | 0/50 [00:00<?, ?it/s]
train:   2%|▏         | 1/50 [00:00<00:06,  7.18it/s]
train:  10%|█         | 5/50 [00:00<00:01, 23.17it/s]
train:  16%|█▌        | 8/50 [00:00<00:03, 12.84it/s]
train:  24%|██▍       | 12/50 [00:00<00:02, 18.79it/s]
train:  32%|███▏      | 16/50 [00:00<00:01, 23.77it/s]
train:  40%|████      | 20/50 [00:00<00:01, 27.71it/s]
train:  48%|████▊     | 24/50 [00:01<00:00, 30.59it/s]
train:  56%|█████▌    | 28/50 [00:01<00:00, 33.11it/s]
train:  64%|██████▍   | 32/50 [00:01<00:00, 34.74it/s]
train:  72%|███████▏  | 36/50 [00:01<00:00, 35.87it/s]
train:  80%|████████  | 40/50 [00:01<00:00, 36.17it/s]
train:  88%|████████▊ | 44/50 [00:01<00:00, 36.78it/s]
train:  96%|█████████▌| 48/50 [00:01<00:00, 37.66it/s]
                                                      

eval:   0%|          | 0/13 [00:00<?, ?it/s]
eval:   8%|▊         | 1/13 [00:00<00:01,  7.97it/s]
eval:  38%|███▊      | 5/13 [00:00<00:00, 11.31it/s]
eval:  69%|██████▉   | 9/13 [00:00<00:00, 18.47it/s]
                                                    

train:   0%|          | 0/50 [00:00<?, ?it/s]
train:   2%|▏         | 1/50 [00:00<00:06,  7.26it/s]
train:   4%|▍         | 2/50 [00:00<00:09,  4.91it/s]
train:  10%|█         | 5/50 [00:00<00:03, 11.51it/s]
train:  20%|██        | 10/50 [00:00<00:01, 20.99it/s]
train:  28%|██▊       | 14/50 [00:00<00:01, 26.01it/s]
train:  36%|███▌      | 18/50 [00:00<00:01, 29.88it/s]
train:  46%|████▌     | 23/50 [00:00<00:00, 33.45it/s]
train:  56%|█████▌    | 28/50 [00:01<00:00, 35.82it/s]
train:  66%|██████▌   | 33/50 [00:01<00:00, 37.25it/s]
train:  76%|███████▌  | 38/50 [00:01<00:00, 38.26it/s]
train:  86%|████████▌ | 43/50 [00:01<00:00, 39.03it/s]
train:  96%|█████████▌| 48/50 [00:01<00:00, 39.64it/s]
                                                      

eval:   0%|          | 0/13 [00:00<?, ?it/s]
eval:   8%|▊         | 1/13 [00:00<00:04,  2.88it/s]
eval:  54%|█████▍    | 7/13 [00:00<00:00, 17.53it/s]
eval:  85%|████████▍ | 11/13 [00:00<00:00, 23.58it/s]
                                                     

train:   0%|          | 0/50 [00:00<?, ?it/s]
train:   2%|▏         | 1/50 [00:00<00:17,  2.83it/s]
train:  12%|█▏        | 6/50 [00:00<00:02, 15.40it/s]
train:  22%|██▏       | 11/50 [00:00<00:01, 23.60it/s]
train:  32%|███▏      | 16/50 [00:00<00:01, 29.05it/s]
train:  42%|████▏     | 21/50 [00:00<00:00, 32.67it/s]
train:  52%|█████▏    | 26/50 [00:00<00:00, 35.10it/s]
train:  62%|██████▏   | 31/50 [00:01<00:00, 36.86it/s]
train:  72%|███████▏  | 36/50 [00:01<00:00, 38.16it/s]
train:  80%|████████  | 40/50 [00:01<00:00, 37.02it/s]
train:  88%|████████▊ | 44/50 [00:01<00:00, 37.33it/s]
train:  96%|█████████▌| 48/50 [00:01<00:00, 37.38it/s]
                                                      

eval:   0%|          | 0/13 [00:00<?, ?it/s]
eval:   8%|▊         | 1/13 [00:00<00:01,  9.58it/s]
eval:  15%|█▌        | 2/13 [00:00<00:02,  5.35it/s]
eval:  54%|█████▍    | 7/13 [00:00<00:00, 16.93it/s]
eval:  85%|████████▍ | 11/13 [00:00<00:00, 23.28it/s]
                                                     

train:   0%|          | 0/50 [00:00<?, ?it/s]
train:   2%|▏         | 1/50 [00:00<00:17,  2.83it/s]
train:  10%|█         | 5/50 [00:00<00:03, 13.39it/s]
train:  18%|█▊        | 9/50 [00:00<00:01, 20.83it/s]
train:  26%|██▌       | 13/50 [00:00<00:01, 26.12it/s]
train:  34%|███▍      | 17/50 [00:00<00:01, 30.05it/s]
train:  42%|████▏     | 21/50 [00:00<00:00, 32.67it/s]
train:  50%|█████     | 25/50 [00:00<00:00, 34.66it/s]
train:  60%|██████    | 30/50 [00:01<00:00, 36.66it/s]
train:  68%|██████▊   | 34/50 [00:01<00:00, 37.25it/s]
train:  76%|███████▌  | 38/50 [00:01<00:00, 37.19it/s]
train:  86%|████████▌ | 43/50 [00:01<00:00, 38.25it/s]
train:  96%|█████████▌| 48/50 [00:01<00:00, 39.06it/s]
                                                      

eval:   0%|          | 0/13 [00:00<?, ?it/s]
eval:  15%|█▌        | 2/13 [00:00<00:01,  5.84it/s]
eval:  46%|████▌     | 6/13 [00:00<00:00, 15.75it/s]
eval:  85%|████████▍ | 11/13 [00:00<00:00, 23.88it/s]
                                                     

train:   0%|          | 0/50 [00:00<?, ?it/s]
train:   2%|▏         | 1/50 [00:00<00:17,  2.75it/s]
train:  12%|█▏        | 6/50 [00:00<00:02, 15.12it/s]
train:  22%|██▏       | 11/50 [00:00<00:01, 23.25it/s]
train:  32%|███▏      | 16/50 [00:00<00:01, 28.78it/s]
train:  42%|████▏     | 21/50 [00:00<00:00, 32.53it/s]
train:  52%|█████▏    | 26/50 [00:00<00:00, 35.16it/s]
train:  62%|██████▏   | 31/50 [00:01<00:00, 36.93it/s]
train:  72%|███████▏  | 36/50 [00:01<00:00, 38.16it/s]
train:  82%|████████▏ | 41/50 [00:01<00:00, 38.85it/s]
train:  92%|█████████▏| 46/50 [00:01<00:00, 39.38it/s]
                                                      

eval:   0%|          | 0/13 [00:00<?, ?it/s]
eval:   8%|▊         | 1/13 [00:00<00:04,  2.88it/s]
eval:  54%|█████▍    | 7/13 [00:00<00:00, 17.52it/s]
eval:  92%|█████████▏| 12/13 [00:00<00:00, 25.96it/s]
                                                     

train:   0%|          | 0/50 [00:00<?, ?it/s]
train:   2%|▏         | 1/50 [00:00<00:17,  2.79it/s]
train:  12%|█▏        | 6/50 [00:00<00:02, 15.24it/s]
train:  20%|██        | 10/50 [00:00<00:01, 21.95it/s]
train:  30%|███       | 15/50 [00:00<00:01, 27.94it/s]
train:  38%|███▊      | 19/50 [00:00<00:00, 31.09it/s]
train:  48%|████▊     | 24/50 [00:00<00:00, 34.21it/s]
train:  58%|█████▊    | 29/50 [00:01<00:00, 36.23it/s]
train:  68%|██████▊   | 34/50 [00:01<00:00, 37.57it/s]
train:  78%|███████▊  | 39/50 [00:01<00:00, 38.40it/s]
train:  86%|████████▌ | 43/50 [00:01<00:00, 38.50it/s]
train:  94%|█████████▍| 47/50 [00:01<00:00, 38.61it/s]
                                                      

eval:   0%|          | 0/13 [00:00<?, ?it/s]
eval:   8%|▊         | 1/13 [00:00<00:01,  8.78it/s]
eval:  15%|█▌        | 2/13 [00:00<00:02,  5.31it/s]
eval:  38%|███▊      | 5/13 [00:00<00:00, 12.90it/s]
eval:  69%|██████▉   | 9/13 [00:00<00:00, 20.99it/s]
                                                    

train:   0%|          | 0/50 [00:00<?, ?it/s]
train:   2%|▏         | 1/50 [00:00<00:17,  2.73it/s]
train:  12%|█▏        | 6/50 [00:00<00:02, 14.99it/s]
train:  22%|██▏       | 11/50 [00:00<00:01, 23.07it/s]
train:  32%|███▏      | 16/50 [00:00<00:01, 28.47it/s]
train:  42%|████▏     | 21/50 [00:00<00:00, 32.19it/s]
train:  52%|█████▏    | 26/50 [00:00<00:00, 34.75it/s]
train:  62%|██████▏   | 31/50 [00:01<00:00, 36.49it/s]
train:  70%|███████   | 35/50 [00:01<00:00, 37.30it/s]
train:  80%|████████  | 40/50 [00:01<00:00, 38.17it/s]
train:  90%|█████████ | 45/50 [00:01<00:00, 38.91it/s]
train:  98%|█████████▊| 49/50 [00:01<00:00, 38.66it/s]
                                                      

eval:   0%|          | 0/13 [00:00<?, ?it/s]
eval:   8%|▊         | 1/13 [00:00<00:03,  3.05it/s]
eval:  46%|████▌     | 6/13 [00:00<00:00, 16.85it/s]
eval:  69%|██████▉   | 9/13 [00:00<00:00, 20.68it/s]
                                                    

train:   0%|          | 0/50 [00:00<?, ?it/s]
train:   2%|▏         | 1/50 [00:00<00:17,  2.79it/s]
train:  12%|█▏        | 6/50 [00:00<00:02, 15.20it/s]
train:  20%|██        | 10/50 [00:00<00:01, 21.65it/s]
train:  28%|██▊       | 14/50 [00:00<00:01, 26.22it/s]
train:  36%|███▌      | 18/50 [00:00<00:01, 29.43it/s]
train:  44%|████▍     | 22/50 [00:00<00:00, 31.69it/s]
train:  52%|█████▏    | 26/50 [00:01<00:00, 33.14it/s]
train:  60%|██████    | 30/50 [00:01<00:00, 34.30it/s]
train:  68%|██████▊   | 34/50 [00:01<00:00, 32.81it/s]
train:  76%|███████▌  | 38/50 [00:01<00:00, 31.76it/s]
train:  84%|████████▍ | 42/50 [00:01<00:00, 33.07it/s]
train:  92%|█████████▏| 46/50 [00:01<00:00, 34.10it/s]
train: 100%|██████████| 50/50 [00:01<00:00, 34.86it/s]
                                                      

eval:   0%|          | 0/13 [00:00<?, ?it/s]
eval:   8%|▊         | 1/13 [00:00<00:05,  2.38it/s]
eval:  38%|███▊      | 5/13 [00:00<00:00, 11.43it/s]
eval:  69%|██████▉   | 9/13 [00:00<00:00, 17.56it/s]
eval: 100%|██████████| 13/13 [00:00<00:00, 23.04it/s]
                                                     

train:   0%|          | 0/50 [00:00<?, ?it/s]
train:   2%|▏         | 1/50 [00:00<00:23,  2.11it/s]
train:  10%|█         | 5/50 [00:00<00:04, 10.10it/s]
train:  16%|█▌        | 8/50 [00:00<00:02, 14.64it/s]
train:  22%|██▏       | 11/50 [00:00<00:02, 16.76it/s]
train:  30%|███       | 15/50 [00:00<00:01, 20.53it/s]
train:  38%|███▊      | 19/50 [00:01<00:01, 22.90it/s]
train:  46%|████▌     | 23/50 [00:01<00:01, 24.50it/s]
train:  54%|█████▍    | 27/50 [00:01<00:00, 25.75it/s]
train:  62%|██████▏   | 31/50 [00:01<00:00, 26.62it/s]
train:  70%|███████   | 35/50 [00:01<00:00, 27.26it/s]
train:  78%|███████▊  | 39/50 [00:01<00:00, 27.41it/s]
train:  86%|████████▌ | 43/50 [00:01<00:00, 27.77it/s]
train:  94%|█████████▍| 47/50 [00:02<00:00, 28.01it/s]
                                                      

eval:   0%|          | 0/13 [00:00<?, ?it/s]
eval:   8%|▊         | 1/13 [00:00<00:05,  2.32it/s]
eval:  38%|███▊      | 5/13 [00:00<00:00, 10.76it/s]
eval:  69%|██████▉   | 9/13 [00:00<00:00, 16.50it/s]
                                                    

train:   0%|          | 0/50 [00:00<?, ?it/s]
train:   2%|▏         | 1/50 [00:00<00:21,  2.26it/s]
train:  10%|█         | 5/50 [00:00<00:04, 11.12it/s]
train:  16%|█▌        | 8/50 [00:00<00:02, 15.82it/s]
train:  22%|██▏       | 11/50 [00:00<00:02, 19.17it/s]
train:  30%|███       | 15/50 [00:00<00:01, 22.39it/s]
train:  38%|███▊      | 19/50 [00:01<00:01, 25.25it/s]
train:  46%|████▌     | 23/50 [00:01<00:00, 27.02it/s]
train:  54%|█████▍    | 27/50 [00:01<00:00, 27.95it/s]
train:  60%|██████    | 30/50 [00:01<00:00, 28.22it/s]
train:  66%|██████▌   | 33/50 [00:01<00:00, 28.50it/s]
train:  72%|███████▏  | 36/50 [00:01<00:00, 28.63it/s]
train:  80%|████████  | 40/50 [00:01<00:00, 30.35it/s]
train:  88%|████████▊ | 44/50 [00:01<00:00, 30.75it/s]
train:  96%|█████████▌| 48/50 [00:01<00:00, 30.95it/s]
                                                      

eval:   0%|          | 0/13 [00:00<?, ?it/s]
eval:   8%|▊         | 1/13 [00:00<00:05,  2.33it/s]
eval:  38%|███▊      | 5/13 [00:00<00:00, 10.92it/s]
eval:  69%|██████▉   | 9/13 [00:00<00:00, 16.64it/s]
                                                    

train:   0%|          | 0/50 [00:00<?, ?it/s]
train:   2%|▏         | 1/50 [00:00<00:08,  5.83it/s]
train:  10%|█         | 5/50 [00:00<00:02, 18.58it/s]
train:  18%|█▊        | 9/50 [00:00<00:01, 23.18it/s]
train:  26%|██▌       | 13/50 [00:00<00:01, 25.16it/s]
train:  34%|███▍      | 17/50 [00:00<00:01, 26.32it/s]
train:  42%|████▏     | 21/50 [00:00<00:01, 27.93it/s]
train:  50%|█████     | 25/50 [00:00<00:00, 29.49it/s]
train:  58%|█████▊    | 29/50 [00:01<00:00, 30.51it/s]
train:  66%|██████▌   | 33/50 [00:01<00:00, 31.33it/s]
train:  74%|███████▍  | 37/50 [00:01<00:00, 31.07it/s]
train:  82%|████████▏ | 41/50 [00:01<00:00, 31.73it/s]
train:  90%|█████████ | 45/50 [00:01<00:00, 31.41it/s]
train:  98%|█████████▊| 49/50 [00:01<00:00, 31.86it/s]
                                                      

eval:   0%|          | 0/13 [00:00<?, ?it/s]
eval:   8%|▊         | 1/13 [00:00<00:01,  7.44it/s]
eval:  38%|███▊      | 5/13 [00:00<00:00, 22.06it/s]
eval:  69%|██████▉   | 9/13 [00:00<00:00, 26.18it/s]
                                                    

train:   0%|          | 0/50 [00:00<?, ?it/s]
train:   2%|▏         | 1/50 [00:00<00:08,  5.94it/s]
train:  10%|█         | 5/50 [00:00<00:02, 18.66it/s]
train:  18%|█▊        | 9/50 [00:00<00:01, 23.35it/s]
train:  26%|██▌       | 13/50 [00:00<00:01, 25.98it/s]
train:  34%|███▍      | 17/50 [00:00<00:01, 27.54it/s]
train:  42%|████▏     | 21/50 [00:00<00:01, 28.55it/s]
train:  50%|█████     | 25/50 [00:00<00:00, 29.18it/s]
train:  56%|█████▌    | 28/50 [00:01<00:00, 29.30it/s]
train:  62%|██████▏   | 31/50 [00:01<00:00, 28.58it/s]
train:  70%|███████   | 35/50 [00:01<00:00, 27.94it/s]
train:  76%|███████▌  | 38/50 [00:01<00:00, 28.34it/s]
train:  82%|████████▏ | 41/50 [00:01<00:00, 27.38it/s]
train:  90%|█████████ | 45/50 [00:01<00:00, 27.27it/s]
train:  98%|█████████▊| 49/50 [00:01<00:00, 28.13it/s]
                                                      

eval:   0%|          | 0/13 [00:00<?, ?it/s]
eval:   8%|▊         | 1/13 [00:00<00:01,  6.60it/s]
eval:  38%|███▊      | 5/13 [00:00<00:00, 19.92it/s]
eval:  69%|██████▉   | 9/13 [00:00<00:00, 23.71it/s]
                                                    

train:   0%|          | 0/50 [00:00<?, ?it/s]
train:   2%|▏         | 1/50 [00:00<00:08,  5.69it/s]
train:  10%|█         | 5/50 [00:00<00:02, 18.13it/s]
train:  18%|█▊        | 9/50 [00:00<00:01, 23.01it/s]
train:  24%|██▍       | 12/50 [00:00<00:01, 25.09it/s]
train:  30%|███       | 15/50 [00:00<00:01, 25.91it/s]
train:  38%|███▊      | 19/50 [00:00<00:01, 27.35it/s]
train:  46%|████▌     | 23/50 [00:00<00:00, 28.13it/s]
train:  54%|█████▍    | 27/50 [00:01<00:00, 29.22it/s]
train:  62%|██████▏   | 31/50 [00:01<00:00, 29.74it/s]
train:  68%|██████▊   | 34/50 [00:01<00:00, 29.77it/s]
train:  74%|███████▍  | 37/50 [00:01<00:00, 29.62it/s]
train:  82%|████████▏ | 41/50 [00:01<00:00, 29.92it/s]
train:  90%|█████████ | 45/50 [00:01<00:00, 30.21it/s]
train:  98%|█████████▊| 49/50 [00:01<00:00, 29.70it/s]
                                                      

eval:   0%|          | 0/13 [00:00<?, ?it/s]
eval:   8%|▊         | 1/13 [00:00<00:01,  6.79it/s]
eval:  38%|███▊      | 5/13 [00:00<00:00, 20.11it/s]
eval:  69%|██████▉   | 9/13 [00:00<00:00, 23.95it/s]
                                                    

train:   0%|          | 0/50 [00:00<?, ?it/s]
train:   2%|▏         | 1/50 [00:00<00:08,  6.08it/s]
train:  10%|█         | 5/50 [00:00<00:02, 19.85it/s]
train:  18%|█▊        | 9/50 [00:00<00:01, 24.98it/s]
train:  26%|██▌       | 13/50 [00:00<00:01, 26.70it/s]
train:  34%|███▍      | 17/50 [00:00<00:01, 28.24it/s]
train:  42%|████▏     | 21/50 [00:00<00:01, 28.98it/s]
train:  50%|█████     | 25/50 [00:00<00:00, 29.96it/s]
train:  58%|█████▊    | 29/50 [00:01<00:00, 30.20it/s]
train:  66%|██████▌   | 33/50 [00:01<00:00, 29.98it/s]
train:  74%|███████▍  | 37/50 [00:01<00:00, 30.36it/s]
train:  82%|████████▏ | 41/50 [00:01<00:00, 30.21it/s]
train:  90%|█████████ | 45/50 [00:01<00:00, 30.01it/s]
train:  98%|█████████▊| 49/50 [00:01<00:00, 30.04it/s]
                                                      

eval:   0%|          | 0/13 [00:00<?, ?it/s]
eval:   8%|▊         | 1/13 [00:00<00:01,  6.71it/s]
eval:  38%|███▊      | 5/13 [00:00<00:00, 19.77it/s]
eval:  69%|██████▉   | 9/13 [00:00<00:00, 23.61it/s]
                                                    

train:   0%|          | 0/50 [00:00<?, ?it/s]
train:   2%|▏         | 1/50 [00:00<00:07,  6.22it/s]
train:  10%|█         | 5/50 [00:00<00:02, 20.43it/s]
train:  18%|█▊        | 9/50 [00:00<00:01, 24.55it/s]
train:  26%|██▌       | 13/50 [00:00<00:01, 26.38it/s]
train:  34%|███▍      | 17/50 [00:00<00:01, 27.62it/s]
train:  42%|████▏     | 21/50 [00:00<00:00, 29.04it/s]
train:  50%|█████     | 25/50 [00:00<00:00, 29.55it/s]
train:  58%|█████▊    | 29/50 [00:01<00:00, 29.90it/s]
train:  66%|██████▌   | 33/50 [00:01<00:00, 29.30it/s]
train:  74%|███████▍  | 37/50 [00:01<00:00, 29.10it/s]
train:  82%|████████▏ | 41/50 [00:01<00:00, 29.11it/s]
train:  90%|█████████ | 45/50 [00:01<00:00, 29.08it/s]
train:  98%|█████████▊| 49/50 [00:01<00:00, 28.93it/s]
                                                      

eval:   0%|          | 0/13 [00:00<?, ?it/s]
eval:   8%|▊         | 1/13 [00:00<00:01,  7.10it/s]
eval:  38%|███▊      | 5/13 [00:00<00:00, 19.79it/s]
eval:  69%|██████▉   | 9/13 [00:00<00:00, 23.55it/s]
eval: 100%|██████████| 13/13 [00:00<00:00, 28.67it/s]
                                                     

train:   0%|          | 0/50 [00:00<?, ?it/s]
train:   2%|▏         | 1/50 [00:00<00:07,  6.21it/s]
train:  10%|█         | 5/50 [00:00<00:02, 19.06it/s]
train:  18%|█▊        | 9/50 [00:00<00:01, 23.29it/s]
train:  26%|██▌       | 13/50 [00:00<00:01, 25.46it/s]
train:  34%|███▍      | 17/50 [00:00<00:01, 27.31it/s]
train:  42%|████▏     | 21/50 [00:00<00:01, 28.12it/s]
train:  50%|█████     | 25/50 [00:00<00:00, 28.60it/s]
train:  58%|█████▊    | 29/50 [00:01<00:00, 28.74it/s]
train:  66%|██████▌   | 33/50 [00:01<00:00, 28.48it/s]
train:  74%|███████▍  | 37/50 [00:01<00:00, 28.62it/s]
train:  82%|████████▏ | 41/50 [00:01<00:00, 28.54it/s]
train:  90%|█████████ | 45/50 [00:01<00:00, 28.34it/s]
train:  96%|█████████▌| 48/50 [00:01<00:00, 28.39it/s]
                                                      

eval:   0%|          | 0/13 [00:00<?, ?it/s]
eval:   8%|▊         | 1/13 [00:00<00:01,  6.79it/s]
eval:  38%|███▊      | 5/13 [00:00<00:00, 20.32it/s]
eval:  69%|██████▉   | 9/13 [00:00<00:00, 24.67it/s]
eval: 100%|██████████| 13/13 [00:00<00:00, 29.56it/s]
                                                     

train:   0%|          | 0/50 [00:00<?, ?it/s]
train:   2%|▏         | 1/50 [00:00<00:08,  6.08it/s]
train:  10%|█         | 5/50 [00:00<00:02, 18.81it/s]
train:  18%|█▊        | 9/50 [00:00<00:01, 23.58it/s]
train:  26%|██▌       | 13/50 [00:00<00:01, 25.63it/s]
train:  34%|███▍      | 17/50 [00:00<00:01, 26.96it/s]
train:  42%|████▏     | 21/50 [00:00<00:01, 28.09it/s]
train:  50%|█████     | 25/50 [00:00<00:00, 28.77it/s]
train:  58%|█████▊    | 29/50 [00:01<00:00, 28.78it/s]
train:  66%|██████▌   | 33/50 [00:01<00:00, 28.53it/s]
train:  74%|███████▍  | 37/50 [00:01<00:00, 28.72it/s]
train:  82%|████████▏ | 41/50 [00:01<00:00, 28.48it/s]
train:  90%|█████████ | 45/50 [00:01<00:00, 28.41it/s]
train:  98%|█████████▊| 49/50 [00:01<00:00, 28.34it/s]
                                                      

eval:   0%|          | 0/13 [00:00<?, ?it/s]
eval:   8%|▊         | 1/13 [00:00<00:01,  6.77it/s]
eval:  38%|███▊      | 5/13 [00:00<00:00, 19.72it/s]
eval:  69%|██████▉   | 9/13 [00:00<00:00, 23.62it/s]
                                                    

train:   0%|          | 0/50 [00:00<?, ?it/s]
train:   2%|▏         | 1/50 [00:00<00:08,  5.83it/s]
train:  10%|█         | 5/50 [00:00<00:02, 18.66it/s]
train:  18%|█▊        | 9/50 [00:00<00:01, 23.39it/s]
train:  26%|██▌       | 13/50 [00:00<00:01, 25.35it/s]
train:  34%|███▍      | 17/50 [00:00<00:01, 26.42it/s]
train:  42%|████▏     | 21/50 [00:00<00:01, 26.74it/s]
train:  50%|█████     | 25/50 [00:01<00:00, 27.15it/s]
train:  58%|█████▊    | 29/50 [00:01<00:00, 27.44it/s]
train:  66%|██████▌   | 33/50 [00:01<00:00, 28.17it/s]
train:  74%|███████▍  | 37/50 [00:01<00:00, 28.67it/s]
train:  82%|████████▏ | 41/50 [00:01<00:00, 28.73it/s]
train:  90%|█████████ | 45/50 [00:01<00:00, 28.90it/s]
train:  98%|█████████▊| 49/50 [00:01<00:00, 29.28it/s]
                                                      

eval:   0%|          | 0/13 [00:00<?, ?it/s]
eval:   8%|▊         | 1/13 [00:00<00:01,  6.77it/s]
eval:  38%|███▊      | 5/13 [00:00<00:00, 20.10it/s]
eval:  69%|██████▉   | 9/13 [00:00<00:00, 25.41it/s]
                                                    

train:   0%|          | 0/50 [00:00<?, ?it/s]
train:   2%|▏         | 1/50 [00:00<00:07,  6.31it/s]
train:  10%|█         | 5/50 [00:00<00:02, 21.82it/s]
train:  18%|█▊        | 9/50 [00:00<00:01, 28.68it/s]
train:  26%|██▌       | 13/50 [00:00<00:01, 29.91it/s]
train:  34%|███▍      | 17/50 [00:00<00:01, 30.13it/s]
train:  42%|████▏     | 21/50 [00:00<00:00, 29.76it/s]
train:  50%|█████     | 25/50 [00:00<00:00, 29.26it/s]
train:  58%|█████▊    | 29/50 [00:01<00:00, 30.23it/s]
train:  66%|██████▌   | 33/50 [00:01<00:00, 30.50it/s]
train:  74%|███████▍  | 37/50 [00:01<00:00, 30.53it/s]
train:  82%|████████▏ | 41/50 [00:01<00:00, 30.39it/s]
train:  90%|█████████ | 45/50 [00:01<00:00, 30.30it/s]
train:  98%|█████████▊| 49/50 [00:01<00:00, 30.07it/s]
                                                      

eval:   0%|          | 0/13 [00:00<?, ?it/s]
eval:   8%|▊         | 1/13 [00:00<00:01,  7.17it/s]
eval:  38%|███▊      | 5/13 [00:00<00:00, 20.99it/s]
eval:  69%|██████▉   | 9/13 [00:00<00:00, 25.18it/s]
                                                    

train:   0%|          | 0/50 [00:00<?, ?it/s]
train:   2%|▏         | 1/50 [00:00<00:07,  6.26it/s]
train:  10%|█         | 5/50 [00:00<00:02, 19.94it/s]
train:  18%|█▊        | 9/50 [00:00<00:01, 24.41it/s]
train:  26%|██▌       | 13/50 [00:00<00:01, 26.87it/s]
train:  34%|███▍      | 17/50 [00:00<00:01, 27.65it/s]
train:  42%|████▏     | 21/50 [00:00<00:01, 28.23it/s]
train:  50%|█████     | 25/50 [00:00<00:00, 28.79it/s]
train:  58%|█████▊    | 29/50 [00:01<00:00, 28.72it/s]
train:  66%|██████▌   | 33/50 [00:01<00:00, 28.95it/s]
train:  74%|███████▍  | 37/50 [00:01<00:00, 28.88it/s]
train:  82%|████████▏ | 41/50 [00:01<00:00, 30.35it/s]
train:  90%|█████████ | 45/50 [00:01<00:00, 32.33it/s]
train:  98%|█████████▊| 49/50 [00:01<00:00, 33.77it/s]
                                                      

eval:   0%|          | 0/13 [00:00<?, ?it/s]
eval:   8%|▊         | 1/13 [00:00<00:01,  7.00it/s]
eval:  38%|███▊      | 5/13 [00:00<00:00, 22.76it/s]
eval:  69%|██████▉   | 9/13 [00:00<00:00, 26.82it/s]
                                                    
Epoch 01 | train loss 3.4193 acc 0.1200 | test loss 5.4547 acc 0.0675
Epoch 02 | train loss 2.6832 acc 0.2644 | test loss 2.5348 acc 0.2975
Epoch 03 | train loss 2.1895 acc 0.4206 | test loss 2.4397 acc 0.3525
Epoch 04 | train loss 1.8888 acc 0.4950 | test loss 2.8048 acc 0.2900
Epoch 05 | train loss 1.6458 acc 0.5600 | test loss 1.9165 acc 0.4850
Epoch 06 | train loss 1.4235 acc 0.6188 | test loss 2.0036 acc 0.4375
Epoch 07 | train loss 1.2303 acc 0.6669 | test loss 1.6417 acc 0.5575
Epoch 08 | train loss 1.0552 acc 0.7219 | test loss 2.0388 acc 0.4675
Epoch 09 | train loss 0.9675 acc 0.7400 | test loss 1.9854 acc 0.5050
Epoch 10 | train loss 0.8625 acc 0.7694 | test loss 1.9369 acc 0.5275
Epoch 11 | train loss 0.7509 acc 0.8050 | test loss 1.4853 acc 0.5625
Epoch 12 | train loss 0.6147 acc 0.8575 | test loss 1.7355 acc 0.5475
Epoch 13 | train loss 0.5790 acc 0.8519 | test loss 1.3756 acc 0.6025
Epoch 14 | train loss 0.5300 acc 0.8656 | test loss 1.2927 acc 0.6425
Epoch 15 | train loss 0.4504 acc 0.8806 | test loss 1.4983 acc 0.5925
Epoch 16 | train loss 0.4108 acc 0.9119 | test loss 1.4397 acc 0.6050
Epoch 17 | train loss 0.3546 acc 0.9237 | test loss 1.3458 acc 0.6000
Epoch 18 | train loss 0.2856 acc 0.9525 | test loss 1.6325 acc 0.5550
Epoch 19 | train loss 0.2197 acc 0.9637 | test loss 1.2699 acc 0.6200
Epoch 20 | train loss 0.1784 acc 0.9738 | test loss 1.2830 acc 0.6500
Epoch 21 | train loss 0.1953 acc 0.9725 | test loss 1.4872 acc 0.6200
Epoch 22 | train loss 0.1691 acc 0.9731 | test loss 1.2998 acc 0.6325
Epoch 23 | train loss 0.1713 acc 0.9688 | test loss 1.3323 acc 0.6300
Epoch 24 | train loss 0.1845 acc 0.9681 | test loss 1.1918 acc 0.6800
Epoch 25 | train loss 0.1419 acc 0.9819 | test loss 1.4393 acc 0.6450
Epoch 26 | train loss 0.1863 acc 0.9563 | test loss 1.2542 acc 0.6625
Epoch 27 | train loss 0.1607 acc 0.9681 | test loss 1.2323 acc 0.6575
Epoch 28 | train loss 0.1194 acc 0.9788 | test loss 1.1710 acc 0.6875
Epoch 29 | train loss 0.1141 acc 0.9806 | test loss 1.2337 acc 0.6850
Epoch 30 | train loss 0.0847 acc 0.9862 | test loss 1.4449 acc 0.6700
Best test accuracy: 0.6875
