\BOOKMARK [1][-]{section.1}{\376\377\137\025\212\000}{}% 1
\BOOKMARK [1][-]{section.2}{\376\377\145\160\143\156\226\306\116\016\133\236\232\214\163\257\130\203}{}% 2
\BOOKMARK [2][-]{subsection.2.1}{\376\377\000E\000S\000C\000-\0005\0000\000\040\145\160\143\156\226\306\151\202\217\360}{section.2}% 3
\BOOKMARK [2][-]{subsection.2.2}{\376\377\145\160\143\156\122\022\122\006\116\016\230\204\131\004\164\006}{section.2}% 4
\BOOKMARK [1][-]{section.3}{\376\377\150\070\137\303\116\016\127\372\170\100\377\032\000D\000S\000P\173\227\154\325\133\236\163\260\123\312\121\166\162\151\164\006\141\017\116\111}{}% 5
\BOOKMARK [2][-]{subsection.3.1}{\376\377\137\353\220\037\120\205\221\314\123\366\123\330\143\142\000\040\000\050\000F\000F\000T\000\051}{section.3}% 6
\BOOKMARK [2][-]{subsection.3.2}{\376\377\167\355\145\366\120\205\221\314\123\366\123\330\143\142\000\040\000\050\000S\000T\000F\000T\000\051}{section.3}% 7
\BOOKMARK [2][-]{subsection.3.3}{\376\377\150\205\134\024\230\221\163\207\120\022\214\061\174\373\145\160\000\040\000\050\000M\000F\000C\000C\000\051}{section.3}% 8
\BOOKMARK [3][-]{subsubsection.3.3.1}{\376\377\000L\000o\000g\000-\000M\000e\000l\000\040\230\221\214\061\126\376}{subsection.3.3}% 9
\BOOKMARK [3][-]{subsubsection.3.3.2}{\376\377\120\022\214\061\174\373\145\160\000\040\000\050\000M\000F\000C\000C\000\051}{subsection.3.3}% 10
\BOOKMARK [1][-]{section.4}{\376\377\116\373\122\241\116\000\377\032\127\372\116\216\000M\000F\000C\000C\166\204\130\360\227\363\150\300\175\042\174\373\176\337}{}% 11
\BOOKMARK [2][-]{subsection.4.1}{\376\377\174\373\176\337\213\276\213\241}{section.4}% 12
\BOOKMARK [2][-]{subsection.4.2}{\376\377\133\236\232\214\176\323\147\234\377\032\136\047\225\177\116\016\136\047\171\373\166\204\137\161\124\315}{section.4}% 13
\BOOKMARK [1][-]{section.5}{\376\377\116\373\122\241\116\214\377\032\127\372\116\216\000C\000N\000N\166\204\122\006\174\173\174\373\176\337}{}% 14
\BOOKMARK [2][-]{subsection.5.1}{\376\377\152\041\127\213\147\266\147\204\377\032\000R\000e\000s\000N\000e\000t\000-\000A\000u\000d\000i\000o}{section.5}% 15
\BOOKMARK [2][-]{subsection.5.2}{\376\377\213\255\176\303\173\126\165\145}{section.5}% 16
\BOOKMARK [2][-]{subsection.5.3}{\376\377\133\236\232\214\176\323\147\234\116\016\122\006\147\220}{section.5}% 17
\BOOKMARK [1][-]{section.6}{\376\377\131\047\152\041\127\213\145\366\116\343\166\204\227\363\230\221\164\006\211\343}{}% 18
\BOOKMARK [2][-]{subsection.6.1}{\376\377\152\041\127\213\116\313\176\315}{section.6}% 19
\BOOKMARK [2][-]{subsection.6.2}{\376\377\133\371\153\324\133\236\232\214\176\323\147\234}{section.6}% 20
\BOOKMARK [1][-]{section.7}{\376\377\140\073\176\323\116\016\140\035\200\003}{}% 21
\BOOKMARK [2][-]{subsection.7.1}{\376\377\230\221\127\337\122\006\147\220\166\204\146\156\220\002\140\047}{section.7}% 22
\BOOKMARK [2][-]{subsection.7.2}{\376\377\116\316\211\304\122\031\232\161\122\250\122\060\213\355\116\111\164\006\211\343}{section.7}% 23
\BOOKMARK [1][-]{section.8}{\376\377\126\342\226\037\122\006\135\345\213\364\146\016}{}% 24
